[0.000000] (-) TimerEvent: {}
[0.000446] (pretty_woman_interfaces) JobQueued: {'identifier': 'pretty_woman_interfaces', 'dependencies': OrderedDict()}
[0.000875] (pretty_woman_interfaces) JobStarted: {'identifier': 'pretty_woman_interfaces'}
[0.047736] (pretty_woman_interfaces) JobProgress: {'identifier': 'pretty_woman_interfaces', 'progress': 'cmake'}
[0.049050] (pretty_woman_interfaces) JobProgress: {'identifier': 'pretty_woman_interfaces', 'progress': 'build'}
[0.051272] (pretty_woman_interfaces) Command: {'cmd': ['/usr/local/bin/cmake', '--build', '/Users/grigorijhanin/gravitsapa/pretty_woman_interfaces/build/pretty_woman_interfaces', '--', '-j4', '-l4'], 'cwd': '/Users/grigorijhanin/gravitsapa/pretty_woman_interfaces/build/pretty_woman_interfaces', 'env': OrderedDict([('TERM_PROGRAM', 'vscode'), ('TERM', 'xterm-256color'), ('SHELL', '/bin/zsh'), ('TMPDIR', '/var/folders/9l/4c76c0l54f79j95fy8d2bt3w0000gn/T/'), ('TERM_PROGRAM_VERSION', '1.54.2'), ('ROS_PYTHON_VERSION', '3'), ('ORIGINAL_XDG_CURRENT_DESKTOP', 'undefined'), ('ROS_VERSION', '2'), ('COLCON_PREFIX_PATH', '/Users/grigorijhanin/ros2_foxy/ros2-osx'), ('AMENT_PREFIX_PATH', '/Users/grigorijhanin/ros2_foxy/ros2-osx'), ('USER', 'grigorijhanin'), ('SSH_AUTH_SOCK', '/private/tmp/com.apple.launchd.4FTQxDEwxH/Listeners'), ('__CF_USER_TEXT_ENCODING', '0x1F5:0x7:0x31'), ('PATH', '/usr/local/bin:/usr/bin:/bin:/usr/sbin:/sbin:/Applications/VMware Fusion.app/Contents/Public:/usr/local/go/bin:/Users/grigorijhanin/ros2_foxy/ros2-osx/bin'), ('DOPENSSL_ROOT_DIR', '/usr/local/opt/openssl'), ('PWD', '/Users/grigorijhanin/gravitsapa/pretty_woman_interfaces/build/pretty_woman_interfaces'), ('COLCON', '1'), ('LANG', 'ru_RU.UTF-8'), ('XPC_FLAGS', '0x0'), ('XPC_SERVICE_NAME', '0'), ('OPENSSL_ROOT_DIR', '/usr/local/opt/openssl'), ('SHLVL', '2'), ('HOME', '/Users/grigorijhanin'), ('VSCODE_GIT_ASKPASS_MAIN', '/Applications/Visual Studio Code.app/Contents/Resources/app/extensions/git/dist/askpass-main.js'), ('ROS_DISTRO', 'foxy'), ('DYLD_LIBRARY_PATH', '/Users/grigorijhanin/ros2_foxy/ros2-osx/opt/yaml_cpp_vendor/lib:/Users/grigorijhanin/ros2_foxy/ros2-osx/opt/rviz_ogre_vendor/lib:/Users/grigorijhanin/ros2_foxy/ros2-osx/lib'), ('PYTHONPATH', '/Users/grigorijhanin/ros2_foxy/ros2-osx/lib/python3.8/site-packages'), ('LOGNAME', 'grigorijhanin'), ('VSCODE_GIT_IPC_HANDLE', '/var/folders/9l/4c76c0l54f79j95fy8d2bt3w0000gn/T/vscode-git-4175134694.sock'), ('PKG_CONFIG_PATH', '/Users/grigorijhanin/ros2_foxy/ros2-osx/lib/pkgconfig'), ('VSCODE_GIT_ASKPASS_NODE', '/Applications/Visual Studio Code.app/Contents/Frameworks/Code Helper (Renderer).app/Contents/MacOS/Code Helper (Renderer)'), ('GIT_ASKPASS', '/Applications/Visual Studio Code.app/Contents/Resources/app/extensions/git/dist/askpass.sh'), ('CMAKE_PREFIX_PATH', '/Users/grigorijhanin/ros2_foxy/ros2-osx'), ('ROS_LOCALHOST_ONLY', '0'), ('DOPENSSL_LIBRARIES', '/usr/local/opt/openssl/lib'), ('COLORTERM', 'truecolor'), ('_', '/usr/bin/env')]), 'shell': False}
[0.104030] (-) TimerEvent: {}
[0.146337] (pretty_woman_interfaces) StdoutLine: {'line': b'-- Found ament_cmake: 0.9.8 (/Users/grigorijhanin/ros2_foxy/ros2-osx/share/ament_cmake/cmake)\n'}
[0.186132] (pretty_woman_interfaces) StdoutLine: {'line': b'-- Using PYTHON_EXECUTABLE: /usr/local/bin/python3\n'}
[0.206794] (-) TimerEvent: {}
[0.312145] (-) TimerEvent: {}
[0.400447] (pretty_woman_interfaces) StdoutLine: {'line': b'-- Found ament_lint_auto: 0.9.6 (/Users/grigorijhanin/ros2_foxy/ros2-osx/share/ament_lint_auto/cmake)\n'}
[0.412459] (-) TimerEvent: {}
[0.494496] (pretty_woman_interfaces) StdoutLine: {'line': b'-- Found rosidl_default_generators: 1.0.0 (/Users/grigorijhanin/ros2_foxy/ros2-osx/share/rosidl_default_generators/cmake)\n'}
[0.497242] (pretty_woman_interfaces) StdoutLine: {'line': b'-- Using all available rosidl_typesupport_c: rosidl_typesupport_connext_c;rosidl_typesupport_fastrtps_c;rosidl_typesupport_introspection_c\n'}
[0.503375] (pretty_woman_interfaces) StdoutLine: {'line': b'-- Found rosidl_adapter: 1.2.0 (/Users/grigorijhanin/ros2_foxy/ros2-osx/share/rosidl_adapter/cmake)\n'}
[0.514745] (-) TimerEvent: {}
[0.554217] (pretty_woman_interfaces) StdoutLine: {'line': b'-- Could not find RTI Connext - skipping rosidl_typesupport_connext_c\n'}
[0.575824] (pretty_woman_interfaces) StdoutLine: {'line': b'-- Could not find RTI Connext - skipping rosidl_typesupport_connext_cpp\n'}
[0.614885] (-) TimerEvent: {}
[0.715269] (-) TimerEvent: {}
[0.818959] (-) TimerEvent: {}
[0.844128] (pretty_woman_interfaces) StdoutLine: {'line': b'-- Using all available rosidl_typesupport_cpp: rosidl_typesupport_connext_cpp;rosidl_typesupport_fastrtps_cpp;rosidl_typesupport_introspection_cpp\n'}
[0.917494] (pretty_woman_interfaces) StdoutLine: {'line': b'-- Found PythonInterp: /usr/local/bin/python3 (found version "3.8.7") \n'}
[0.918982] (-) TimerEvent: {}
[1.013200] (pretty_woman_interfaces) StdoutLine: {'line': b'-- Found ament_cmake_ros: 0.9.0 (/Users/grigorijhanin/ros2_foxy/ros2-osx/share/ament_cmake_ros/cmake)\n'}
[1.020449] (-) TimerEvent: {}
[1.120766] (-) TimerEvent: {}
[1.223648] (-) TimerEvent: {}
[1.263373] (pretty_woman_interfaces) StdoutLine: {'line': b'-- Using all available rosidl_typesupport_c: rosidl_typesupport_connext_c;rosidl_typesupport_fastrtps_c;rosidl_typesupport_introspection_c\n'}
[1.285316] (pretty_woman_interfaces) StdoutLine: {'line': b'-- Using all available rosidl_typesupport_cpp: rosidl_typesupport_connext_cpp;rosidl_typesupport_fastrtps_cpp;rosidl_typesupport_introspection_cpp\n'}
[1.326570] (-) TimerEvent: {}
[1.331741] (pretty_woman_interfaces) StdoutLine: {'line': b'-- Found PythonInterp: /usr/local/bin/python3 (found suitable version "3.8.7", minimum required is "3.5") \n'}
[1.332284] (pretty_woman_interfaces) StdoutLine: {'line': b'-- Found python_cmake_module: 0.8.0 (/Users/grigorijhanin/ros2_foxy/ros2-osx/share/python_cmake_module/cmake)\n'}
[1.372272] (pretty_woman_interfaces) StdoutLine: {'line': b'-- Using PythonExtra_INCLUDE_DIRS: /usr/local/Cellar/python@3.8/3.8.7_2/Frameworks/Python.framework/Versions/3.8/include/python3.8;/usr/local/Cellar/python@3.8/3.8.7_2/Frameworks/Python.framework/Versions/3.8/include/python3.8\n'}
[1.372448] (pretty_woman_interfaces) StdoutLine: {'line': b'-- Using PythonExtra_LIBRARIES: /usr/local/opt/python@3.8/Frameworks/Python.framework/Versions/3.8/lib/python3.8/config-3.8-darwin/libpython3.8.dylib\n'}
[1.426811] (-) TimerEvent: {}
[1.528063] (-) TimerEvent: {}
[1.627339] (pretty_woman_interfaces) StdoutLine: {'line': b'-- Using numpy include directory: /Users/grigorijhanin/Library/Python/3.8/lib/python/site-packages/numpy/core/include\n'}
[1.628238] (-) TimerEvent: {}
[1.647002] (pretty_woman_interfaces) StdoutLine: {'line': b"-- Added test 'copyright' to check source files copyright and LICENSE\n"}
[1.704579] (pretty_woman_interfaces) StdoutLine: {'line': b"-- Added test 'cppcheck' to perform static code analysis on C / C++ code\n"}
[1.707136] (pretty_woman_interfaces) StdoutLine: {'line': b'-- Configured cppcheck include dirs: $<BUILD_INTERFACE:/Users/grigorijhanin/gravitsapa/pretty_woman_interfaces/build/pretty_woman_interfaces/rosidl_generator_c>;/Users/grigorijhanin/gravitsapa/pretty_woman_interfaces/build/pretty_woman_interfaces/rosidl_generator_c;/Users/grigorijhanin/gravitsapa/pretty_woman_interfaces/build/pretty_woman_interfaces/rosidl_generator_cpp;/Users/grigorijhanin/gravitsapa/pretty_woman_interfaces/build/pretty_woman_interfaces/rosidl_typesupport_fastrtps_c;/Users/grigorijhanin/gravitsapa/pretty_woman_interfaces/build/pretty_woman_interfaces/rosidl_typesupport_fastrtps_cpp;$<BUILD_INTERFACE:/Users/grigorijhanin/gravitsapa/pretty_woman_interfaces/build/pretty_woman_interfaces/rosidl_typesupport_introspection_c>;$<BUILD_INTERFACE:/Users/grigorijhanin/gravitsapa/pretty_woman_interfaces/build/pretty_woman_interfaces/rosidl_typesupport_c>;$<BUILD_INTERFACE:/Users/grigorijhanin/gravitsapa/pretty_woman_interfaces/build/pretty_woman_interfaces/rosidl_generator_cpp>;/Users/grigorijhanin/gravitsapa/pretty_woman_interfaces/build/pretty_woman_interfaces/rosidl_generator_py\n'}
[1.707326] (pretty_woman_interfaces) StdoutLine: {'line': b'-- Configured cppcheck exclude dirs and/or files: \n'}
[1.732558] (-) TimerEvent: {}
[1.765500] (pretty_woman_interfaces) StdoutLine: {'line': b"-- Added test 'cpplint' to check C / C++ code against the Google style\n"}
[1.765781] (pretty_woman_interfaces) StdoutLine: {'line': b'-- Configured cpplint exclude dirs and/or files: \n'}
[1.772609] (pretty_woman_interfaces) StdoutLine: {'line': b"-- Added test 'flake8' to check Python code syntax and style conventions\n"}
[1.785724] (pretty_woman_interfaces) StdoutLine: {'line': b"-- Added test 'lint_cmake' to check CMake code style\n"}
[1.792410] (pretty_woman_interfaces) StdoutLine: {'line': b"-- Added test 'pep257' to check Python code against some of the style conventions in PEP 257\n"}
[1.832653] (-) TimerEvent: {}
[1.850831] (pretty_woman_interfaces) StdoutLine: {'line': b"-- Added test 'uncrustify' to check C / C++ code style\n"}
[1.851029] (pretty_woman_interfaces) StdoutLine: {'line': b'-- Configured uncrustify additional arguments: \n'}
[1.858632] (pretty_woman_interfaces) StdoutLine: {'line': b"-- Added test 'xmllint' to check XML markup files\n"}
[1.874462] (pretty_woman_interfaces) StdoutLine: {'line': b'-- Configuring done\n'}
[1.934155] (-) TimerEvent: {}
[1.969581] (pretty_woman_interfaces) StdoutLine: {'line': b'-- Generating done\n'}
[1.982561] (pretty_woman_interfaces) StdoutLine: {'line': b'-- Build files have been written to: /Users/grigorijhanin/gravitsapa/pretty_woman_interfaces/build/pretty_woman_interfaces\n'}
[2.035006] (-) TimerEvent: {}
[2.096390] (pretty_woman_interfaces) StdoutLine: {'line': b'[  9%] Built target pretty_woman_interfaces__cpp\n'}
[2.096746] (pretty_woman_interfaces) StdoutLine: {'line': b'[ 12%] Built target pretty_woman_interfaces__rosidl_generator_c\n'}
[2.136199] (-) TimerEvent: {}
[2.196843] (pretty_woman_interfaces) StdoutLine: {'line': b'[ 22%] Built target pretty_woman_interfaces__rosidl_typesupport_cpp\n'}
[2.202863] (pretty_woman_interfaces) StdoutLine: {'line': b'[ 32%] Built target pretty_woman_interfaces__rosidl_typesupport_introspection_c\n'}
[2.207067] (pretty_woman_interfaces) StdoutLine: {'line': b'[ 41%] Built target pretty_woman_interfaces__rosidl_typesupport_introspection_cpp\n'}
[2.221024] (pretty_woman_interfaces) StdoutLine: {'line': b'[ 45%] Linking CXX shared library libpretty_woman_interfaces__rosidl_typesupport_fastrtps_cpp.dylib\n'}
[2.239050] (-) TimerEvent: {}
[2.276834] (pretty_woman_interfaces) StderrLine: {'line': b'ld: cannot link directly with dylib/framework, your binary is not an allowed client of /usr/lib/libcrypto.dylib for architecture x86_64\n'}
[2.277594] (pretty_woman_interfaces) StderrLine: {'line': b'clang: error: linker command failed with exit code 1 (use -v to see invocation)\n'}
[2.279190] (pretty_woman_interfaces) StderrLine: {'line': b'make[2]: *** [libpretty_woman_interfaces__rosidl_typesupport_fastrtps_cpp.dylib] Error 1\n'}
[2.279527] (pretty_woman_interfaces) StderrLine: {'line': b'make[1]: *** [CMakeFiles/pretty_woman_interfaces__rosidl_typesupport_fastrtps_cpp.dir/all] Error 2\n'}
[2.279650] (pretty_woman_interfaces) StderrLine: {'line': b'make[1]: *** Waiting for unfinished jobs....\n'}
[2.282416] (pretty_woman_interfaces) StdoutLine: {'line': b'[ 54%] Built target pretty_woman_interfaces__rosidl_typesupport_c\n'}
[2.283052] (pretty_woman_interfaces) StderrLine: {'line': b'make: *** [all] Error 2\n'}
[2.284711] (pretty_woman_interfaces) CommandEnded: {'returncode': 2}
[2.342860] (-) TimerEvent: {}
[2.445135] (-) TimerEvent: {}
[2.547312] (-) TimerEvent: {}
[2.648109] (-) TimerEvent: {}
[2.748866] (-) TimerEvent: {}
[2.849246] (-) TimerEvent: {}
[2.953669] (-) TimerEvent: {}
[3.061639] (-) TimerEvent: {}
[3.068298] (pretty_woman_interfaces) JobEnded: {'identifier': 'pretty_woman_interfaces', 'rc': 2}
[3.069613] (-) EventReactorShutdown: {}
