[0.573s] DEBUG:colcon:Command line arguments: ['/usr/local/bin/colcon', 'build', '--packages-select', 'pretty_woman_interfaces']
[0.574s] DEBUG:colcon:Parsed command line arguments: Namespace(ament_cmake_args=None, base_paths=['.'], build_base='build', catkin_cmake_args=None, catkin_skip_building_tests=False, cmake_args=None, cmake_clean_cache=False, cmake_clean_first=False, cmake_force_configure=False, cmake_target=None, cmake_target_skip_unavailable=False, continue_on_error=False, event_handlers=None, executor='parallel', ignore_user_meta=False, install_base='install', log_base=None, log_level=None, main=<bound method BuildVerb.main of <colcon_core.verb.build.BuildVerb object at 0x106066b20>>, merge_install=False, metas=['./colcon.meta'], packages_above=None, packages_above_and_dependencies=None, packages_above_depth=None, packages_end=None, packages_ignore=None, packages_ignore_regex=None, packages_select=['pretty_woman_interfaces'], packages_select_build_failed=False, packages_select_by_dep=None, packages_select_regex=None, packages_select_test_failures=False, packages_skip=None, packages_skip_build_finished=False, packages_skip_by_dep=None, packages_skip_regex=None, packages_skip_test_passed=False, packages_skip_up_to=None, packages_start=None, packages_up_to=None, packages_up_to_regex=None, parallel_workers=4, paths=None, symlink_install=False, test_result_base=None, verb_extension=<colcon_core.verb.build.BuildVerb object at 0x106066b20>, verb_name='build', verb_parser=<colcon_defaults.argument_parser.defaults.DefaultArgumentsDecorator object at 0x1060750d0>)
[0.600s] Level 1:colcon.colcon_core.package_discovery:discover_packages(colcon_meta) check parameters
[0.600s] Level 1:colcon.colcon_core.package_discovery:discover_packages(recursive) check parameters
[0.600s] Level 1:colcon.colcon_core.package_discovery:discover_packages(ignore) check parameters
[0.600s] Level 1:colcon.colcon_core.package_discovery:discover_packages(path) check parameters
[0.600s] Level 1:colcon.colcon_core.package_discovery:discover_packages(colcon_meta) discover
[0.600s] Level 1:colcon.colcon_core.package_discovery:discover_packages(recursive) discover
[0.600s] INFO:colcon.colcon_core.package_discovery:Crawling recursively for packages in '/Users/grigorijhanin/gravitsapa/pretty_woman_interfaces'
[0.601s] Level 1:colcon.colcon_core.package_identification:_identify(.) by extensions ['ignore', 'ignore_ament_install']
[0.601s] Level 1:colcon.colcon_core.package_identification:_identify(.) by extension 'ignore'
[0.601s] Level 1:colcon.colcon_core.package_identification:_identify(.) by extension 'ignore_ament_install'
[0.601s] Level 1:colcon.colcon_core.package_identification:_identify(.) by extensions ['colcon_pkg']
[0.601s] Level 1:colcon.colcon_core.package_identification:_identify(.) by extension 'colcon_pkg'
[0.601s] Level 1:colcon.colcon_core.package_identification:_identify(.) by extensions ['colcon_meta']
[0.601s] Level 1:colcon.colcon_core.package_identification:_identify(.) by extension 'colcon_meta'
[0.601s] Level 1:colcon.colcon_core.package_identification:_identify(.) by extensions ['ros']
[0.601s] Level 1:colcon.colcon_core.package_identification:_identify(.) by extension 'ros'
[0.616s] DEBUG:colcon.colcon_core.package_identification:Package '.' with type 'ros.ament_cmake' and name 'pretty_woman_interfaces'
[0.616s] Level 1:colcon.colcon_core.package_discovery:discover_packages(recursive) using defaults
[0.616s] Level 1:colcon.colcon_core.package_discovery:discover_packages(ignore) discover
[0.616s] Level 1:colcon.colcon_core.package_discovery:discover_packages(ignore) using defaults
[0.616s] Level 1:colcon.colcon_core.package_discovery:discover_packages(path) discover
[0.616s] Level 1:colcon.colcon_core.package_discovery:discover_packages(path) using defaults
[0.674s] Level 5:colcon.colcon_core.verb:set package 'pretty_woman_interfaces' build argument 'cmake_args' from command line to 'None'
[0.674s] Level 5:colcon.colcon_core.verb:set package 'pretty_woman_interfaces' build argument 'cmake_target' from command line to 'None'
[0.674s] Level 5:colcon.colcon_core.verb:set package 'pretty_woman_interfaces' build argument 'cmake_target_skip_unavailable' from command line to 'False'
[0.674s] Level 5:colcon.colcon_core.verb:set package 'pretty_woman_interfaces' build argument 'cmake_clean_cache' from command line to 'False'
[0.674s] Level 5:colcon.colcon_core.verb:set package 'pretty_woman_interfaces' build argument 'cmake_clean_first' from command line to 'False'
[0.674s] Level 5:colcon.colcon_core.verb:set package 'pretty_woman_interfaces' build argument 'cmake_force_configure' from command line to 'False'
[0.674s] Level 5:colcon.colcon_core.verb:set package 'pretty_woman_interfaces' build argument 'ament_cmake_args' from command line to 'None'
[0.674s] Level 5:colcon.colcon_core.verb:set package 'pretty_woman_interfaces' build argument 'catkin_cmake_args' from command line to 'None'
[0.674s] Level 5:colcon.colcon_core.verb:set package 'pretty_woman_interfaces' build argument 'catkin_skip_building_tests' from command line to 'False'
[0.674s] DEBUG:colcon.colcon_core.verb:Building package 'pretty_woman_interfaces' with the following arguments: {'ament_cmake_args': None, 'build_base': '/Users/grigorijhanin/gravitsapa/pretty_woman_interfaces/build/pretty_woman_interfaces', 'catkin_cmake_args': None, 'catkin_skip_building_tests': False, 'cmake_args': None, 'cmake_clean_cache': False, 'cmake_clean_first': False, 'cmake_force_configure': False, 'cmake_target': None, 'cmake_target_skip_unavailable': False, 'install_base': '/Users/grigorijhanin/gravitsapa/pretty_woman_interfaces/install/pretty_woman_interfaces', 'merge_install': False, 'path': '/Users/grigorijhanin/gravitsapa/pretty_woman_interfaces', 'symlink_install': False, 'test_result_base': None}
[0.677s] INFO:colcon.colcon_core.executor:Executing jobs using 'parallel' executor
[0.693s] DEBUG:colcon.colcon_parallel_executor.executor.parallel:run_until_complete
[0.694s] INFO:colcon.colcon_ros.task.ament_cmake.build:Building ROS package in '/Users/grigorijhanin/gravitsapa/pretty_woman_interfaces' with build type 'ament_cmake'
[0.694s] INFO:colcon.colcon_cmake.task.cmake.build:Building CMake package in '/Users/grigorijhanin/gravitsapa/pretty_woman_interfaces'
[0.707s] INFO:colcon.colcon_core.plugin_system:Skipping extension 'colcon_core.shell.bat': Not used on non-Windows systems
[0.707s] INFO:colcon.colcon_core.shell:Skip shell extension 'powershell' for command environment: Not usable outside of PowerShell
[0.707s] DEBUG:colcon.colcon_core.shell:Skip shell extension 'dsv' for command environment
[0.748s] DEBUG:colcon.colcon_core.event_handler.log_command:Invoking command in '/Users/grigorijhanin/gravitsapa/pretty_woman_interfaces/build/pretty_woman_interfaces': SHLVL=2 _=/usr/bin/env /usr/local/bin/cmake --build /Users/grigorijhanin/gravitsapa/pretty_woman_interfaces/build/pretty_woman_interfaces -- -j4 -l4
[2.978s] DEBUG:colcon.colcon_core.event_handler.log_command:Invoked command in '/Users/grigorijhanin/gravitsapa/pretty_woman_interfaces/build/pretty_woman_interfaces' returned '2': SHLVL=2 _=/usr/bin/env /usr/local/bin/cmake --build /Users/grigorijhanin/gravitsapa/pretty_woman_interfaces/build/pretty_woman_interfaces -- -j4 -l4
[3.728s] Level 1:colcon.colcon_core.environment:create_environment_scripts_only(pretty_woman_interfaces)
[3.738s] Level 1:colcon.colcon_core.environment:checking '/Users/grigorijhanin/gravitsapa/pretty_woman_interfaces/install/pretty_woman_interfaces' for CMake module files
[3.739s] Level 1:colcon.colcon_core.environment:checking '/Users/grigorijhanin/gravitsapa/pretty_woman_interfaces/install/pretty_woman_interfaces' for CMake config files
[3.739s] Level 1:colcon.colcon_core.shell:create_environment_hook('pretty_woman_interfaces', 'cmake_prefix_path')
[3.745s] INFO:colcon.colcon_core.shell:Creating environment hook '/Users/grigorijhanin/gravitsapa/pretty_woman_interfaces/install/pretty_woman_interfaces/share/pretty_woman_interfaces/hook/cmake_prefix_path.ps1'
[3.746s] INFO:colcon.colcon_core.shell:Creating environment descriptor '/Users/grigorijhanin/gravitsapa/pretty_woman_interfaces/install/pretty_woman_interfaces/share/pretty_woman_interfaces/hook/cmake_prefix_path.dsv'
[3.747s] INFO:colcon.colcon_core.shell:Creating environment hook '/Users/grigorijhanin/gravitsapa/pretty_woman_interfaces/install/pretty_woman_interfaces/share/pretty_woman_interfaces/hook/cmake_prefix_path.sh'
[3.748s] Level 1:colcon.colcon_core.environment:checking '/Users/grigorijhanin/gravitsapa/pretty_woman_interfaces/install/pretty_woman_interfaces/lib'
[3.748s] Level 1:colcon.colcon_core.environment:checking '/Users/grigorijhanin/gravitsapa/pretty_woman_interfaces/install/pretty_woman_interfaces/bin'
[3.748s] Level 1:colcon.colcon_core.environment:checking '/Users/grigorijhanin/gravitsapa/pretty_woman_interfaces/install/pretty_woman_interfaces/lib/pkgconfig/pretty_woman_interfaces.pc'
[3.748s] Level 1:colcon.colcon_core.environment:checking '/Users/grigorijhanin/gravitsapa/pretty_woman_interfaces/install/pretty_woman_interfaces/lib/python3.8/site-packages'
[3.755s] INFO:colcon.colcon_core.shell:Creating package script '/Users/grigorijhanin/gravitsapa/pretty_woman_interfaces/install/pretty_woman_interfaces/share/pretty_woman_interfaces/package.ps1'
[3.756s] INFO:colcon.colcon_core.shell:Creating package descriptor '/Users/grigorijhanin/gravitsapa/pretty_woman_interfaces/install/pretty_woman_interfaces/share/pretty_woman_interfaces/package.dsv'
[3.757s] INFO:colcon.colcon_core.shell:Creating package script '/Users/grigorijhanin/gravitsapa/pretty_woman_interfaces/install/pretty_woman_interfaces/share/pretty_woman_interfaces/package.sh'
[3.758s] INFO:colcon.colcon_core.shell:Creating package script '/Users/grigorijhanin/gravitsapa/pretty_woman_interfaces/install/pretty_woman_interfaces/share/pretty_woman_interfaces/package.bash'
[3.760s] INFO:colcon.colcon_core.shell:Creating package script '/Users/grigorijhanin/gravitsapa/pretty_woman_interfaces/install/pretty_woman_interfaces/share/pretty_woman_interfaces/package.zsh'
[3.761s] Level 1:colcon.colcon_core.environment:create_file_with_runtime_dependencies(/Users/grigorijhanin/gravitsapa/pretty_woman_interfaces/install/pretty_woman_interfaces/share/colcon-core/packages/pretty_woman_interfaces)
[3.762s] DEBUG:colcon.colcon_parallel_executor.executor.parallel:closing loop
[3.762s] DEBUG:colcon.colcon_parallel_executor.executor.parallel:loop closed
[3.762s] DEBUG:colcon.colcon_parallel_executor.executor.parallel:run_until_complete finished with '2'
[3.763s] DEBUG:colcon.colcon_core.event_reactor:joining thread
[3.772s] INFO:colcon.colcon_core.plugin_system:Skipping extension 'colcon_notification.desktop_notification.notify2': 'notify2' not found
[3.772s] INFO:colcon.colcon_core.plugin_system:Skipping extension 'colcon_notification.desktop_notification.notify_send': Not used on non-Linux systems
[3.772s] INFO:colcon.colcon_core.plugin_system:Skipping extension 'colcon_notification.desktop_notification.win32': Not used on non-Windows systems
[3.772s] INFO:colcon.colcon_notification.desktop_notification:Sending desktop notification using 'terminal_notifier'
[3.861s] DEBUG:colcon.colcon_core.event_reactor:joined thread
[3.870s] INFO:colcon.colcon_core.shell:Creating prefix script '/Users/grigorijhanin/gravitsapa/pretty_woman_interfaces/install/local_setup.ps1'
[3.872s] INFO:colcon.colcon_core.shell:Creating prefix util module '/Users/grigorijhanin/gravitsapa/pretty_woman_interfaces/install/_local_setup_util_ps1.py'
[3.875s] INFO:colcon.colcon_core.shell:Creating prefix chain script '/Users/grigorijhanin/gravitsapa/pretty_woman_interfaces/install/setup.ps1'
[3.883s] INFO:colcon.colcon_core.shell:Creating prefix script '/Users/grigorijhanin/gravitsapa/pretty_woman_interfaces/install/local_setup.sh'
[3.884s] INFO:colcon.colcon_core.shell:Creating prefix util module '/Users/grigorijhanin/gravitsapa/pretty_woman_interfaces/install/_local_setup_util_sh.py'
[3.885s] INFO:colcon.colcon_core.shell:Creating prefix chain script '/Users/grigorijhanin/gravitsapa/pretty_woman_interfaces/install/setup.sh'
[3.892s] INFO:colcon.colcon_core.shell:Creating prefix script '/Users/grigorijhanin/gravitsapa/pretty_woman_interfaces/install/local_setup.bash'
[3.893s] INFO:colcon.colcon_core.shell:Creating prefix chain script '/Users/grigorijhanin/gravitsapa/pretty_woman_interfaces/install/setup.bash'
[3.900s] INFO:colcon.colcon_core.shell:Creating prefix script '/Users/grigorijhanin/gravitsapa/pretty_woman_interfaces/install/local_setup.zsh'
[3.901s] INFO:colcon.colcon_core.shell:Creating prefix chain script '/Users/grigorijhanin/gravitsapa/pretty_woman_interfaces/install/setup.zsh'
