[0.865s] DEBUG:colcon:Command line arguments: ['/usr/local/bin/colcon', 'build']
[0.865s] DEBUG:colcon:Parsed command line arguments: Namespace(ament_cmake_args=None, base_paths=['.'], build_base='build', catkin_cmake_args=None, catkin_skip_building_tests=False, cmake_args=None, cmake_clean_cache=False, cmake_clean_first=False, cmake_force_configure=False, cmake_target=None, cmake_target_skip_unavailable=False, continue_on_error=False, event_handlers=None, executor='parallel', ignore_user_meta=False, install_base='install', log_base=None, log_level=None, main=<bound method BuildVerb.main of <colcon_core.verb.build.BuildVerb object at 0x105613340>>, merge_install=False, metas=['./colcon.meta'], packages_above=None, packages_above_and_dependencies=None, packages_above_depth=None, packages_end=None, packages_ignore=None, packages_ignore_regex=None, packages_select=None, packages_select_build_failed=False, packages_select_by_dep=None, packages_select_regex=None, packages_select_test_failures=False, packages_skip=None, packages_skip_build_finished=False, packages_skip_by_dep=None, packages_skip_regex=None, packages_skip_test_passed=False, packages_skip_up_to=None, packages_start=None, packages_up_to=None, packages_up_to_regex=None, parallel_workers=4, paths=None, symlink_install=False, test_result_base=None, verb_extension=<colcon_core.verb.build.BuildVerb object at 0x105613340>, verb_name='build', verb_parser=<colcon_defaults.argument_parser.defaults.DefaultArgumentsDecorator object at 0x105613880>)
[0.896s] Level 1:colcon.colcon_core.package_discovery:discover_packages(colcon_meta) check parameters
[0.897s] Level 1:colcon.colcon_core.package_discovery:discover_packages(recursive) check parameters
[0.897s] Level 1:colcon.colcon_core.package_discovery:discover_packages(ignore) check parameters
[0.897s] Level 1:colcon.colcon_core.package_discovery:discover_packages(path) check parameters
[0.897s] Level 1:colcon.colcon_core.package_discovery:discover_packages(colcon_meta) discover
[0.897s] Level 1:colcon.colcon_core.package_discovery:discover_packages(recursive) discover
[0.897s] INFO:colcon.colcon_core.package_discovery:Crawling recursively for packages in '/Users/grigorijhanin/gravitsapa/pretty_woman'
[0.897s] Level 1:colcon.colcon_core.package_identification:_identify(.) by extensions ['ignore', 'ignore_ament_install']
[0.897s] Level 1:colcon.colcon_core.package_identification:_identify(.) by extension 'ignore'
[0.897s] Level 1:colcon.colcon_core.package_identification:_identify(.) by extension 'ignore_ament_install'
[0.897s] Level 1:colcon.colcon_core.package_identification:_identify(.) by extensions ['colcon_pkg']
[0.897s] Level 1:colcon.colcon_core.package_identification:_identify(.) by extension 'colcon_pkg'
[0.897s] Level 1:colcon.colcon_core.package_identification:_identify(.) by extensions ['colcon_meta']
[0.897s] Level 1:colcon.colcon_core.package_identification:_identify(.) by extension 'colcon_meta'
[0.897s] Level 1:colcon.colcon_core.package_identification:_identify(.) by extensions ['ros']
[0.898s] Level 1:colcon.colcon_core.package_identification:_identify(.) by extension 'ros'
[0.923s] DEBUG:colcon.colcon_core.package_identification:Package '.' with type 'ros.ament_python' and name 'pretty_woman'
[0.923s] Level 1:colcon.colcon_core.package_discovery:discover_packages(recursive) using defaults
[0.923s] Level 1:colcon.colcon_core.package_discovery:discover_packages(ignore) discover
[0.923s] Level 1:colcon.colcon_core.package_discovery:discover_packages(ignore) using defaults
[0.923s] Level 1:colcon.colcon_core.package_discovery:discover_packages(path) discover
[0.923s] Level 1:colcon.colcon_core.package_discovery:discover_packages(path) using defaults
[0.997s] Level 5:colcon.colcon_core.verb:set package 'pretty_woman' build argument 'cmake_args' from command line to 'None'
[0.997s] Level 5:colcon.colcon_core.verb:set package 'pretty_woman' build argument 'cmake_target' from command line to 'None'
[0.997s] Level 5:colcon.colcon_core.verb:set package 'pretty_woman' build argument 'cmake_target_skip_unavailable' from command line to 'False'
[0.997s] Level 5:colcon.colcon_core.verb:set package 'pretty_woman' build argument 'cmake_clean_cache' from command line to 'False'
[0.997s] Level 5:colcon.colcon_core.verb:set package 'pretty_woman' build argument 'cmake_clean_first' from command line to 'False'
[0.998s] Level 5:colcon.colcon_core.verb:set package 'pretty_woman' build argument 'cmake_force_configure' from command line to 'False'
[0.998s] Level 5:colcon.colcon_core.verb:set package 'pretty_woman' build argument 'ament_cmake_args' from command line to 'None'
[0.998s] Level 5:colcon.colcon_core.verb:set package 'pretty_woman' build argument 'catkin_cmake_args' from command line to 'None'
[0.998s] Level 5:colcon.colcon_core.verb:set package 'pretty_woman' build argument 'catkin_skip_building_tests' from command line to 'False'
[0.998s] DEBUG:colcon.colcon_core.verb:Building package 'pretty_woman' with the following arguments: {'ament_cmake_args': None, 'build_base': '/Users/grigorijhanin/gravitsapa/pretty_woman/build/pretty_woman', 'catkin_cmake_args': None, 'catkin_skip_building_tests': False, 'cmake_args': None, 'cmake_clean_cache': False, 'cmake_clean_first': False, 'cmake_force_configure': False, 'cmake_target': None, 'cmake_target_skip_unavailable': False, 'install_base': '/Users/grigorijhanin/gravitsapa/pretty_woman/install/pretty_woman', 'merge_install': False, 'path': '/Users/grigorijhanin/gravitsapa/pretty_woman', 'symlink_install': False, 'test_result_base': None}
[1.000s] INFO:colcon.colcon_core.executor:Executing jobs using 'parallel' executor
[1.016s] DEBUG:colcon.colcon_parallel_executor.executor.parallel:run_until_complete
[1.016s] INFO:colcon.colcon_ros.task.ament_python.build:Building ROS package in '/Users/grigorijhanin/gravitsapa/pretty_woman' with build type 'ament_python'
[1.016s] Level 1:colcon.colcon_core.shell:create_environment_hook('pretty_woman', 'ament_prefix_path')
[1.032s] INFO:colcon.colcon_core.plugin_system:Skipping extension 'colcon_core.shell.bat': Not used on non-Windows systems
[1.033s] INFO:colcon.colcon_core.shell:Creating environment hook '/Users/grigorijhanin/gravitsapa/pretty_woman/install/pretty_woman/share/pretty_woman/hook/ament_prefix_path.ps1'
[1.034s] INFO:colcon.colcon_core.shell:Creating environment descriptor '/Users/grigorijhanin/gravitsapa/pretty_woman/install/pretty_woman/share/pretty_woman/hook/ament_prefix_path.dsv'
[1.035s] INFO:colcon.colcon_core.shell:Creating environment hook '/Users/grigorijhanin/gravitsapa/pretty_woman/install/pretty_woman/share/pretty_woman/hook/ament_prefix_path.sh'
[1.043s] INFO:colcon.colcon_core.shell:Skip shell extension 'powershell' for command environment: Not usable outside of PowerShell
[1.043s] DEBUG:colcon.colcon_core.shell:Skip shell extension 'dsv' for command environment
[1.363s] INFO:colcon.colcon_core.task.python.build:Building Python package in '/Users/grigorijhanin/gravitsapa/pretty_woman'
[1.370s] INFO:colcon.colcon_core.shell:Skip shell extension 'powershell' for command environment: Not usable outside of PowerShell
[1.370s] DEBUG:colcon.colcon_core.shell:Skip shell extension 'dsv' for command environment
[1.403s] DEBUG:colcon.colcon_core.event_handler.log_command:Invoking command in '/Users/grigorijhanin/gravitsapa/pretty_woman': PYTHONPATH=/Users/grigorijhanin/gravitsapa/pretty_woman/install/pretty_woman/lib/python3.8/site-packages:${PYTHONPATH} SHLVL=2 _=/usr/bin/env /usr/local/opt/python@3.8/bin/python3.8 setup.py egg_info --egg-base build/pretty_woman build --build-base /Users/grigorijhanin/gravitsapa/pretty_woman/build/pretty_woman/build install --prefix /Users/grigorijhanin/gravitsapa/pretty_woman/install/pretty_woman --record /Users/grigorijhanin/gravitsapa/pretty_woman/build/pretty_woman/install.log --single-version-externally-managed
[1.784s] DEBUG:colcon.colcon_core.event_handler.log_command:Invoked command in '/Users/grigorijhanin/gravitsapa/pretty_woman' returned '0': PYTHONPATH=/Users/grigorijhanin/gravitsapa/pretty_woman/install/pretty_woman/lib/python3.8/site-packages:${PYTHONPATH} SHLVL=2 _=/usr/bin/env /usr/local/opt/python@3.8/bin/python3.8 setup.py egg_info --egg-base build/pretty_woman build --build-base /Users/grigorijhanin/gravitsapa/pretty_woman/build/pretty_woman/build install --prefix /Users/grigorijhanin/gravitsapa/pretty_woman/install/pretty_woman --record /Users/grigorijhanin/gravitsapa/pretty_woman/build/pretty_woman/install.log --single-version-externally-managed
[1.796s] Level 1:colcon.colcon_core.environment:checking '/Users/grigorijhanin/gravitsapa/pretty_woman/install/pretty_woman' for CMake module files
[1.797s] Level 1:colcon.colcon_core.environment:checking '/Users/grigorijhanin/gravitsapa/pretty_woman/install/pretty_woman' for CMake config files
[1.798s] Level 1:colcon.colcon_core.environment:checking '/Users/grigorijhanin/gravitsapa/pretty_woman/install/pretty_woman/lib'
[1.798s] Level 1:colcon.colcon_core.environment:checking '/Users/grigorijhanin/gravitsapa/pretty_woman/install/pretty_woman/bin'
[1.798s] Level 1:colcon.colcon_core.environment:checking '/Users/grigorijhanin/gravitsapa/pretty_woman/install/pretty_woman/lib/pkgconfig/pretty_woman.pc'
[1.798s] Level 1:colcon.colcon_core.environment:checking '/Users/grigorijhanin/gravitsapa/pretty_woman/install/pretty_woman/lib/python3.8/site-packages'
[1.798s] Level 1:colcon.colcon_core.shell:create_environment_hook('pretty_woman', 'pythonpath')
[1.806s] INFO:colcon.colcon_core.shell:Creating environment hook '/Users/grigorijhanin/gravitsapa/pretty_woman/install/pretty_woman/share/pretty_woman/hook/pythonpath.ps1'
[1.806s] INFO:colcon.colcon_core.shell:Creating environment descriptor '/Users/grigorijhanin/gravitsapa/pretty_woman/install/pretty_woman/share/pretty_woman/hook/pythonpath.dsv'
[1.807s] INFO:colcon.colcon_core.shell:Creating environment hook '/Users/grigorijhanin/gravitsapa/pretty_woman/install/pretty_woman/share/pretty_woman/hook/pythonpath.sh'
[1.807s] Level 1:colcon.colcon_core.environment:create_environment_scripts_only(pretty_woman)
[1.814s] INFO:colcon.colcon_core.shell:Creating package script '/Users/grigorijhanin/gravitsapa/pretty_woman/install/pretty_woman/share/pretty_woman/package.ps1'
[1.815s] INFO:colcon.colcon_core.shell:Creating package descriptor '/Users/grigorijhanin/gravitsapa/pretty_woman/install/pretty_woman/share/pretty_woman/package.dsv'
[1.816s] INFO:colcon.colcon_core.shell:Creating package script '/Users/grigorijhanin/gravitsapa/pretty_woman/install/pretty_woman/share/pretty_woman/package.sh'
[1.817s] INFO:colcon.colcon_core.shell:Creating package script '/Users/grigorijhanin/gravitsapa/pretty_woman/install/pretty_woman/share/pretty_woman/package.bash'
[1.819s] INFO:colcon.colcon_core.shell:Creating package script '/Users/grigorijhanin/gravitsapa/pretty_woman/install/pretty_woman/share/pretty_woman/package.zsh'
[1.820s] Level 1:colcon.colcon_core.environment:create_file_with_runtime_dependencies(/Users/grigorijhanin/gravitsapa/pretty_woman/install/pretty_woman/share/colcon-core/packages/pretty_woman)
[1.821s] DEBUG:colcon.colcon_parallel_executor.executor.parallel:closing loop
[1.821s] DEBUG:colcon.colcon_parallel_executor.executor.parallel:loop closed
[1.821s] DEBUG:colcon.colcon_parallel_executor.executor.parallel:run_until_complete finished with '0'
[1.821s] DEBUG:colcon.colcon_core.event_reactor:joining thread
[1.830s] INFO:colcon.colcon_core.plugin_system:Skipping extension 'colcon_notification.desktop_notification.notify2': 'notify2' not found
[1.830s] INFO:colcon.colcon_core.plugin_system:Skipping extension 'colcon_notification.desktop_notification.notify_send': Not used on non-Linux systems
[1.830s] INFO:colcon.colcon_core.plugin_system:Skipping extension 'colcon_notification.desktop_notification.win32': Not used on non-Windows systems
[1.830s] INFO:colcon.colcon_notification.desktop_notification:Sending desktop notification using 'terminal_notifier'
[1.925s] DEBUG:colcon.colcon_core.event_reactor:joined thread
[1.935s] INFO:colcon.colcon_core.shell:Creating prefix script '/Users/grigorijhanin/gravitsapa/pretty_woman/install/local_setup.ps1'
[1.937s] INFO:colcon.colcon_core.shell:Creating prefix util module '/Users/grigorijhanin/gravitsapa/pretty_woman/install/_local_setup_util_ps1.py'
[1.939s] INFO:colcon.colcon_core.shell:Creating prefix chain script '/Users/grigorijhanin/gravitsapa/pretty_woman/install/setup.ps1'
[1.948s] INFO:colcon.colcon_core.shell:Creating prefix script '/Users/grigorijhanin/gravitsapa/pretty_woman/install/local_setup.sh'
[1.949s] INFO:colcon.colcon_core.shell:Creating prefix util module '/Users/grigorijhanin/gravitsapa/pretty_woman/install/_local_setup_util_sh.py'
[1.950s] INFO:colcon.colcon_core.shell:Creating prefix chain script '/Users/grigorijhanin/gravitsapa/pretty_woman/install/setup.sh'
[1.958s] INFO:colcon.colcon_core.shell:Creating prefix script '/Users/grigorijhanin/gravitsapa/pretty_woman/install/local_setup.bash'
[1.960s] INFO:colcon.colcon_core.shell:Creating prefix chain script '/Users/grigorijhanin/gravitsapa/pretty_woman/install/setup.bash'
[1.969s] INFO:colcon.colcon_core.shell:Creating prefix script '/Users/grigorijhanin/gravitsapa/pretty_woman/install/local_setup.zsh'
[1.970s] INFO:colcon.colcon_core.shell:Creating prefix chain script '/Users/grigorijhanin/gravitsapa/pretty_woman/install/setup.zsh'
