[0.384s] Invoking command in '/Users/grigorijhanin/gravitsapa/pretty_woman': PYTHONPATH=/Users/grigorijhanin/gravitsapa/pretty_woman/install/pretty_woman/lib/python3.8/site-packages:${PYTHONPATH} SHLVL=4 _=/usr/bin/env /usr/local/opt/python@3.8/bin/python3.8 setup.py egg_info --egg-base build/pretty_woman build --build-base /Users/grigorijhanin/gravitsapa/pretty_woman/build/pretty_woman/build install --prefix /Users/grigorijhanin/gravitsapa/pretty_woman/install/pretty_woman --record /Users/grigorijhanin/gravitsapa/pretty_woman/build/pretty_woman/install.log --single-version-externally-managed
[0.676s] running egg_info
[0.677s] writing build/pretty_woman/pretty_woman.egg-info/PKG-INFO
[0.677s] writing dependency_links to build/pretty_woman/pretty_woman.egg-info/dependency_links.txt
[0.678s] writing entry points to build/pretty_woman/pretty_woman.egg-info/entry_points.txt
[0.678s] writing requirements to build/pretty_woman/pretty_woman.egg-info/requires.txt
[0.678s] writing top-level names to build/pretty_woman/pretty_woman.egg-info/top_level.txt
[0.707s] reading manifest file 'build/pretty_woman/pretty_woman.egg-info/SOURCES.txt'
[0.709s] writing manifest file 'build/pretty_woman/pretty_woman.egg-info/SOURCES.txt'
[0.709s] running build
[0.709s] running build_py
[0.709s] copying pretty_woman/main_node.py -> /Users/grigorijhanin/gravitsapa/pretty_woman/build/pretty_woman/build/lib/pretty_woman
[0.710s] running install
[0.710s] running install_lib
[0.712s] copying /Users/grigorijhanin/gravitsapa/pretty_woman/build/pretty_woman/build/lib/pretty_woman/main_node.py -> /Users/grigorijhanin/gravitsapa/pretty_woman/install/pretty_woman/lib/python3.8/site-packages/pretty_woman
[0.713s] byte-compiling /Users/grigorijhanin/gravitsapa/pretty_woman/install/pretty_woman/lib/python3.8/site-packages/pretty_woman/main_node.py to main_node.cpython-38.pyc
[0.714s] running install_data
[0.715s] running install_egg_info
[0.736s] removing '/Users/grigorijhanin/gravitsapa/pretty_woman/install/pretty_woman/lib/python3.8/site-packages/pretty_woman-0.0.0-py3.8.egg-info' (and everything under it)
[0.737s] Copying build/pretty_woman/pretty_woman.egg-info to /Users/grigorijhanin/gravitsapa/pretty_woman/install/pretty_woman/lib/python3.8/site-packages/pretty_woman-0.0.0-py3.8.egg-info
[0.740s] running install_scripts
[0.800s] Installing main_node script to /Users/grigorijhanin/gravitsapa/pretty_woman/install/pretty_woman/lib/pretty_woman
[0.800s] Installing minimal_publisher script to /Users/grigorijhanin/gravitsapa/pretty_woman/install/pretty_woman/lib/pretty_woman
[0.800s] Installing minimal_subscriber script to /Users/grigorijhanin/gravitsapa/pretty_woman/install/pretty_woman/lib/pretty_woman
[0.801s] writing list of installed files to '/Users/grigorijhanin/gravitsapa/pretty_woman/build/pretty_woman/install.log'
[0.823s] Invoked command in '/Users/grigorijhanin/gravitsapa/pretty_woman' returned '0': PYTHONPATH=/Users/grigorijhanin/gravitsapa/pretty_woman/install/pretty_woman/lib/python3.8/site-packages:${PYTHONPATH} SHLVL=4 _=/usr/bin/env /usr/local/opt/python@3.8/bin/python3.8 setup.py egg_info --egg-base build/pretty_woman build --build-base /Users/grigorijhanin/gravitsapa/pretty_woman/build/pretty_woman/build install --prefix /Users/grigorijhanin/gravitsapa/pretty_woman/install/pretty_woman --record /Users/grigorijhanin/gravitsapa/pretty_woman/build/pretty_woman/install.log --single-version-externally-managed
