[0.560s] DEBUG:colcon:Command line arguments: ['/usr/local/bin/colcon', 'build', '--packages-select', 'pretty_woman_interfaces']
[0.560s] DEBUG:colcon:Parsed command line arguments: Namespace(ament_cmake_args=None, base_paths=['.'], build_base='build', catkin_cmake_args=None, catkin_skip_building_tests=False, cmake_args=None, cmake_clean_cache=False, cmake_clean_first=False, cmake_force_configure=False, cmake_target=None, cmake_target_skip_unavailable=False, continue_on_error=False, event_handlers=None, executor='parallel', ignore_user_meta=False, install_base='install', log_base=None, log_level=None, main=<bound method BuildVerb.main of <colcon_core.verb.build.BuildVerb object at 0x110408040>>, merge_install=False, metas=['./colcon.meta'], packages_above=None, packages_above_and_dependencies=None, packages_above_depth=None, packages_end=None, packages_ignore=None, packages_ignore_regex=None, packages_select=['pretty_woman_interfaces'], packages_select_build_failed=False, packages_select_by_dep=None, packages_select_regex=None, packages_select_test_failures=False, packages_skip=None, packages_skip_build_finished=False, packages_skip_by_dep=None, packages_skip_regex=None, packages_skip_test_passed=False, packages_skip_up_to=None, packages_start=None, packages_up_to=None, packages_up_to_regex=None, parallel_workers=4, paths=None, symlink_install=False, test_result_base=None, verb_extension=<colcon_core.verb.build.BuildVerb object at 0x110408040>, verb_name='build', verb_parser=<colcon_defaults.argument_parser.defaults.DefaultArgumentsDecorator object at 0x110408550>)
[0.586s] Level 1:colcon.colcon_core.package_discovery:discover_packages(colcon_meta) check parameters
[0.586s] Level 1:colcon.colcon_core.package_discovery:discover_packages(recursive) check parameters
[0.586s] Level 1:colcon.colcon_core.package_discovery:discover_packages(ignore) check parameters
[0.586s] Level 1:colcon.colcon_core.package_discovery:discover_packages(path) check parameters
[0.586s] Level 1:colcon.colcon_core.package_discovery:discover_packages(colcon_meta) discover
[0.586s] Level 1:colcon.colcon_core.package_discovery:discover_packages(recursive) discover
[0.586s] INFO:colcon.colcon_core.package_discovery:Crawling recursively for packages in '/Users/grigorijhanin/gravitsapa'
[0.587s] Level 1:colcon.colcon_core.package_identification:_identify(.) by extensions ['ignore', 'ignore_ament_install']
[0.587s] Level 1:colcon.colcon_core.package_identification:_identify(.) by extension 'ignore'
[0.587s] Level 1:colcon.colcon_core.package_identification:_identify(.) by extension 'ignore_ament_install'
[0.587s] Level 1:colcon.colcon_core.package_identification:_identify(.) by extensions ['colcon_pkg']
[0.587s] Level 1:colcon.colcon_core.package_identification:_identify(.) by extension 'colcon_pkg'
[0.587s] Level 1:colcon.colcon_core.package_identification:_identify(.) by extensions ['colcon_meta']
[0.587s] Level 1:colcon.colcon_core.package_identification:_identify(.) by extension 'colcon_meta'
[0.587s] Level 1:colcon.colcon_core.package_identification:_identify(.) by extensions ['ros']
[0.587s] Level 1:colcon.colcon_core.package_identification:_identify(.) by extension 'ros'
[0.600s] Level 1:colcon.colcon_core.package_identification:_identify(.) by extensions ['cmake', 'python']
[0.601s] Level 1:colcon.colcon_core.package_identification:_identify(.) by extension 'cmake'
[0.601s] Level 1:colcon.colcon_core.package_identification:_identify(.) by extension 'python'
[0.601s] Level 1:colcon.colcon_core.package_identification:_identify(.) by extensions ['python_setup_py']
[0.601s] Level 1:colcon.colcon_core.package_identification:_identify(.) by extension 'python_setup_py'
[0.601s] Level 1:colcon.colcon_core.package_identification:_identify(3D models) by extensions ['ignore', 'ignore_ament_install']
[0.601s] Level 1:colcon.colcon_core.package_identification:_identify(3D models) by extension 'ignore'
[0.601s] Level 1:colcon.colcon_core.package_identification:_identify(3D models) by extension 'ignore_ament_install'
[0.601s] Level 1:colcon.colcon_core.package_identification:_identify(3D models) by extensions ['colcon_pkg']
[0.601s] Level 1:colcon.colcon_core.package_identification:_identify(3D models) by extension 'colcon_pkg'
[0.601s] Level 1:colcon.colcon_core.package_identification:_identify(3D models) by extensions ['colcon_meta']
[0.601s] Level 1:colcon.colcon_core.package_identification:_identify(3D models) by extension 'colcon_meta'
[0.601s] Level 1:colcon.colcon_core.package_identification:_identify(3D models) by extensions ['ros']
[0.601s] Level 1:colcon.colcon_core.package_identification:_identify(3D models) by extension 'ros'
[0.601s] Level 1:colcon.colcon_core.package_identification:_identify(3D models) by extensions ['cmake', 'python']
[0.601s] Level 1:colcon.colcon_core.package_identification:_identify(3D models) by extension 'cmake'
[0.602s] Level 1:colcon.colcon_core.package_identification:_identify(3D models) by extension 'python'
[0.602s] Level 1:colcon.colcon_core.package_identification:_identify(3D models) by extensions ['python_setup_py']
[0.602s] Level 1:colcon.colcon_core.package_identification:_identify(3D models) by extension 'python_setup_py'
[0.602s] Level 1:colcon.colcon_core.package_identification:_identify(build) by extensions ['ignore', 'ignore_ament_install']
[0.602s] Level 1:colcon.colcon_core.package_identification:_identify(build) by extension 'ignore'
[0.602s] Level 1:colcon.colcon_core.package_identification:_identify(build) ignored
[0.602s] Level 1:colcon.colcon_core.package_identification:_identify(eyes_node) by extensions ['ignore', 'ignore_ament_install']
[0.602s] Level 1:colcon.colcon_core.package_identification:_identify(eyes_node) by extension 'ignore'
[0.602s] Level 1:colcon.colcon_core.package_identification:_identify(eyes_node) by extension 'ignore_ament_install'
[0.602s] Level 1:colcon.colcon_core.package_identification:_identify(eyes_node) by extensions ['colcon_pkg']
[0.602s] Level 1:colcon.colcon_core.package_identification:_identify(eyes_node) by extension 'colcon_pkg'
[0.602s] Level 1:colcon.colcon_core.package_identification:_identify(eyes_node) by extensions ['colcon_meta']
[0.602s] Level 1:colcon.colcon_core.package_identification:_identify(eyes_node) by extension 'colcon_meta'
[0.602s] Level 1:colcon.colcon_core.package_identification:_identify(eyes_node) by extensions ['ros']
[0.602s] Level 1:colcon.colcon_core.package_identification:_identify(eyes_node) by extension 'ros'
[0.603s] Level 1:colcon.colcon_core.package_identification:_identify(eyes_node) by extensions ['cmake', 'python']
[0.603s] Level 1:colcon.colcon_core.package_identification:_identify(eyes_node) by extension 'cmake'
[0.603s] Level 1:colcon.colcon_core.package_identification:_identify(eyes_node) by extension 'python'
[0.603s] Level 1:colcon.colcon_core.package_identification:_identify(eyes_node) by extensions ['python_setup_py']
[0.603s] Level 1:colcon.colcon_core.package_identification:_identify(eyes_node) by extension 'python_setup_py'
[0.603s] Level 1:colcon.colcon_core.package_identification:_identify(images) by extensions ['ignore', 'ignore_ament_install']
[0.603s] Level 1:colcon.colcon_core.package_identification:_identify(images) by extension 'ignore'
[0.603s] Level 1:colcon.colcon_core.package_identification:_identify(images) by extension 'ignore_ament_install'
[0.603s] Level 1:colcon.colcon_core.package_identification:_identify(images) by extensions ['colcon_pkg']
[0.603s] Level 1:colcon.colcon_core.package_identification:_identify(images) by extension 'colcon_pkg'
[0.603s] Level 1:colcon.colcon_core.package_identification:_identify(images) by extensions ['colcon_meta']
[0.603s] Level 1:colcon.colcon_core.package_identification:_identify(images) by extension 'colcon_meta'
[0.603s] Level 1:colcon.colcon_core.package_identification:_identify(images) by extensions ['ros']
[0.603s] Level 1:colcon.colcon_core.package_identification:_identify(images) by extension 'ros'
[0.603s] Level 1:colcon.colcon_core.package_identification:_identify(images) by extensions ['cmake', 'python']
[0.603s] Level 1:colcon.colcon_core.package_identification:_identify(images) by extension 'cmake'
[0.603s] Level 1:colcon.colcon_core.package_identification:_identify(images) by extension 'python'
[0.604s] Level 1:colcon.colcon_core.package_identification:_identify(images) by extensions ['python_setup_py']
[0.604s] Level 1:colcon.colcon_core.package_identification:_identify(images) by extension 'python_setup_py'
[0.604s] Level 1:colcon.colcon_core.package_identification:_identify(install) by extensions ['ignore', 'ignore_ament_install']
[0.604s] Level 1:colcon.colcon_core.package_identification:_identify(install) by extension 'ignore'
[0.604s] Level 1:colcon.colcon_core.package_identification:_identify(install) ignored
[0.604s] Level 1:colcon.colcon_core.package_identification:_identify(lips_node) by extensions ['ignore', 'ignore_ament_install']
[0.604s] Level 1:colcon.colcon_core.package_identification:_identify(lips_node) by extension 'ignore'
[0.604s] Level 1:colcon.colcon_core.package_identification:_identify(lips_node) by extension 'ignore_ament_install'
[0.604s] Level 1:colcon.colcon_core.package_identification:_identify(lips_node) by extensions ['colcon_pkg']
[0.604s] Level 1:colcon.colcon_core.package_identification:_identify(lips_node) by extension 'colcon_pkg'
[0.604s] Level 1:colcon.colcon_core.package_identification:_identify(lips_node) by extensions ['colcon_meta']
[0.604s] Level 1:colcon.colcon_core.package_identification:_identify(lips_node) by extension 'colcon_meta'
[0.604s] Level 1:colcon.colcon_core.package_identification:_identify(lips_node) by extensions ['ros']
[0.604s] Level 1:colcon.colcon_core.package_identification:_identify(lips_node) by extension 'ros'
[0.604s] Level 1:colcon.colcon_core.package_identification:_identify(lips_node) by extensions ['cmake', 'python']
[0.605s] Level 1:colcon.colcon_core.package_identification:_identify(lips_node) by extension 'cmake'
[0.605s] Level 1:colcon.colcon_core.package_identification:_identify(lips_node) by extension 'python'
[0.605s] Level 1:colcon.colcon_core.package_identification:_identify(lips_node) by extensions ['python_setup_py']
[0.605s] Level 1:colcon.colcon_core.package_identification:_identify(lips_node) by extension 'python_setup_py'
[0.605s] Level 1:colcon.colcon_core.package_identification:_identify(log) by extensions ['ignore', 'ignore_ament_install']
[0.605s] Level 1:colcon.colcon_core.package_identification:_identify(log) by extension 'ignore'
[0.605s] Level 1:colcon.colcon_core.package_identification:_identify(log) ignored
[0.605s] Level 1:colcon.colcon_core.package_identification:_identify(pretty_woman) by extensions ['ignore', 'ignore_ament_install']
[0.605s] Level 1:colcon.colcon_core.package_identification:_identify(pretty_woman) by extension 'ignore'
[0.605s] Level 1:colcon.colcon_core.package_identification:_identify(pretty_woman) by extension 'ignore_ament_install'
[0.605s] Level 1:colcon.colcon_core.package_identification:_identify(pretty_woman) by extensions ['colcon_pkg']
[0.605s] Level 1:colcon.colcon_core.package_identification:_identify(pretty_woman) by extension 'colcon_pkg'
[0.605s] Level 1:colcon.colcon_core.package_identification:_identify(pretty_woman) by extensions ['colcon_meta']
[0.605s] Level 1:colcon.colcon_core.package_identification:_identify(pretty_woman) by extension 'colcon_meta'
[0.605s] Level 1:colcon.colcon_core.package_identification:_identify(pretty_woman) by extensions ['ros']
[0.606s] Level 1:colcon.colcon_core.package_identification:_identify(pretty_woman) by extension 'ros'
[0.608s] DEBUG:colcon.colcon_core.package_identification:Package 'pretty_woman' with type 'ros.ament_python' and name 'pretty_woman'
[0.608s] Level 1:colcon.colcon_core.package_identification:_identify(pretty_woman_interfaces) by extensions ['ignore', 'ignore_ament_install']
[0.608s] Level 1:colcon.colcon_core.package_identification:_identify(pretty_woman_interfaces) by extension 'ignore'
[0.608s] Level 1:colcon.colcon_core.package_identification:_identify(pretty_woman_interfaces) by extension 'ignore_ament_install'
[0.608s] Level 1:colcon.colcon_core.package_identification:_identify(pretty_woman_interfaces) by extensions ['colcon_pkg']
[0.608s] Level 1:colcon.colcon_core.package_identification:_identify(pretty_woman_interfaces) by extension 'colcon_pkg'
[0.608s] Level 1:colcon.colcon_core.package_identification:_identify(pretty_woman_interfaces) by extensions ['colcon_meta']
[0.609s] Level 1:colcon.colcon_core.package_identification:_identify(pretty_woman_interfaces) by extension 'colcon_meta'
[0.609s] Level 1:colcon.colcon_core.package_identification:_identify(pretty_woman_interfaces) by extensions ['ros']
[0.609s] Level 1:colcon.colcon_core.package_identification:_identify(pretty_woman_interfaces) by extension 'ros'
[0.609s] DEBUG:colcon.colcon_core.package_identification:Failed to parse potential ROS package manifest in'pretty_woman_interfaces': Error(s) in package 'pretty_woman_interfaces/package.xml':
The manifest contains invalid XML:
junk after document element: line 19, column 0
[0.609s] Level 1:colcon.colcon_core.package_identification:_identify(pretty_woman_interfaces) by extensions ['cmake', 'python']
[0.609s] Level 1:colcon.colcon_core.package_identification:_identify(pretty_woman_interfaces) by extension 'cmake'
[0.611s] Level 1:colcon.colcon_core.package_identification:_identify(pretty_woman_interfaces) by extension 'python'
[0.611s] DEBUG:colcon.colcon_core.package_identification:Package 'pretty_woman_interfaces' with type 'cmake' and name 'pretty_woman_interfaces'
[0.611s] Level 1:colcon.colcon_core.package_discovery:discover_packages(recursive) using defaults
[0.611s] Level 1:colcon.colcon_core.package_discovery:discover_packages(ignore) discover
[0.611s] Level 1:colcon.colcon_core.package_discovery:discover_packages(ignore) using defaults
[0.611s] Level 1:colcon.colcon_core.package_discovery:discover_packages(path) discover
[0.611s] Level 1:colcon.colcon_core.package_discovery:discover_packages(path) using defaults
[0.658s] INFO:colcon.colcon_core.package_selection:Skipping not selected package 'pretty_woman' in 'pretty_woman'
[0.669s] Level 5:colcon.colcon_core.verb:set package 'pretty_woman_interfaces' build argument 'cmake_args' from command line to 'None'
[0.669s] Level 5:colcon.colcon_core.verb:set package 'pretty_woman_interfaces' build argument 'cmake_target' from command line to 'None'
[0.669s] Level 5:colcon.colcon_core.verb:set package 'pretty_woman_interfaces' build argument 'cmake_target_skip_unavailable' from command line to 'False'
[0.669s] Level 5:colcon.colcon_core.verb:set package 'pretty_woman_interfaces' build argument 'cmake_clean_cache' from command line to 'False'
[0.669s] Level 5:colcon.colcon_core.verb:set package 'pretty_woman_interfaces' build argument 'cmake_clean_first' from command line to 'False'
[0.669s] Level 5:colcon.colcon_core.verb:set package 'pretty_woman_interfaces' build argument 'cmake_force_configure' from command line to 'False'
[0.669s] Level 5:colcon.colcon_core.verb:set package 'pretty_woman_interfaces' build argument 'ament_cmake_args' from command line to 'None'
[0.669s] Level 5:colcon.colcon_core.verb:set package 'pretty_woman_interfaces' build argument 'catkin_cmake_args' from command line to 'None'
[0.669s] Level 5:colcon.colcon_core.verb:set package 'pretty_woman_interfaces' build argument 'catkin_skip_building_tests' from command line to 'False'
[0.669s] DEBUG:colcon.colcon_core.verb:Building package 'pretty_woman_interfaces' with the following arguments: {'ament_cmake_args': None, 'build_base': '/Users/grigorijhanin/gravitsapa/build/pretty_woman_interfaces', 'catkin_cmake_args': None, 'catkin_skip_building_tests': False, 'cmake_args': None, 'cmake_clean_cache': False, 'cmake_clean_first': False, 'cmake_force_configure': False, 'cmake_target': None, 'cmake_target_skip_unavailable': False, 'install_base': '/Users/grigorijhanin/gravitsapa/install/pretty_woman_interfaces', 'merge_install': False, 'path': '/Users/grigorijhanin/gravitsapa/pretty_woman_interfaces', 'symlink_install': False, 'test_result_base': None}
[0.671s] INFO:colcon.colcon_core.executor:Executing jobs using 'parallel' executor
[0.687s] DEBUG:colcon.colcon_parallel_executor.executor.parallel:run_until_complete
[0.688s] INFO:colcon.colcon_cmake.task.cmake.build:Building CMake package in '/Users/grigorijhanin/gravitsapa/pretty_woman_interfaces'
[0.700s] INFO:colcon.colcon_core.plugin_system:Skipping extension 'colcon_core.shell.bat': Not used on non-Windows systems
[0.700s] INFO:colcon.colcon_core.shell:Skip shell extension 'powershell' for command environment: Not usable outside of PowerShell
[0.700s] DEBUG:colcon.colcon_core.shell:Skip shell extension 'dsv' for command environment
[0.738s] DEBUG:colcon.colcon_core.event_handler.log_command:Invoking command in '/Users/grigorijhanin/gravitsapa/build/pretty_woman_interfaces': SHLVL=2 _=/usr/bin/env /usr/local/bin/cmake /Users/grigorijhanin/gravitsapa/pretty_woman_interfaces -DCMAKE_INSTALL_PREFIX=/Users/grigorijhanin/gravitsapa/install/pretty_woman_interfaces
[1.143s] DEBUG:colcon.colcon_core.event_handler.log_command:Invoked command in '/Users/grigorijhanin/gravitsapa/build/pretty_woman_interfaces' returned '1': SHLVL=2 _=/usr/bin/env /usr/local/bin/cmake /Users/grigorijhanin/gravitsapa/pretty_woman_interfaces -DCMAKE_INSTALL_PREFIX=/Users/grigorijhanin/gravitsapa/install/pretty_woman_interfaces
[1.144s] DEBUG:colcon.colcon_parallel_executor.executor.parallel:closing loop
[1.145s] DEBUG:colcon.colcon_parallel_executor.executor.parallel:loop closed
[1.145s] DEBUG:colcon.colcon_parallel_executor.executor.parallel:run_until_complete finished with '1'
[1.145s] DEBUG:colcon.colcon_core.event_reactor:joining thread
[1.153s] INFO:colcon.colcon_core.plugin_system:Skipping extension 'colcon_notification.desktop_notification.notify2': 'notify2' not found
[1.154s] INFO:colcon.colcon_core.plugin_system:Skipping extension 'colcon_notification.desktop_notification.notify_send': Not used on non-Linux systems
[1.154s] INFO:colcon.colcon_core.plugin_system:Skipping extension 'colcon_notification.desktop_notification.win32': Not used on non-Windows systems
[1.154s] INFO:colcon.colcon_notification.desktop_notification:Sending desktop notification using 'terminal_notifier'
[1.246s] DEBUG:colcon.colcon_core.event_reactor:joined thread
[1.256s] INFO:colcon.colcon_core.shell:Creating prefix script '/Users/grigorijhanin/gravitsapa/install/local_setup.ps1'
[1.257s] INFO:colcon.colcon_core.shell:Creating prefix util module '/Users/grigorijhanin/gravitsapa/install/_local_setup_util_ps1.py'
[1.259s] INFO:colcon.colcon_core.shell:Creating prefix chain script '/Users/grigorijhanin/gravitsapa/install/setup.ps1'
[1.268s] INFO:colcon.colcon_core.shell:Creating prefix script '/Users/grigorijhanin/gravitsapa/install/local_setup.sh'
[1.269s] INFO:colcon.colcon_core.shell:Creating prefix util module '/Users/grigorijhanin/gravitsapa/install/_local_setup_util_sh.py'
[1.270s] INFO:colcon.colcon_core.shell:Creating prefix chain script '/Users/grigorijhanin/gravitsapa/install/setup.sh'
[1.277s] INFO:colcon.colcon_core.shell:Creating prefix script '/Users/grigorijhanin/gravitsapa/install/local_setup.bash'
[1.278s] INFO:colcon.colcon_core.shell:Creating prefix chain script '/Users/grigorijhanin/gravitsapa/install/setup.bash'
[1.285s] INFO:colcon.colcon_core.shell:Creating prefix script '/Users/grigorijhanin/gravitsapa/install/local_setup.zsh'
[1.286s] INFO:colcon.colcon_core.shell:Creating prefix chain script '/Users/grigorijhanin/gravitsapa/install/setup.zsh'
