[0.060s] Invoking command in '/Users/grigorijhanin/gravitsapa/build/pretty_woman_interfaces': SHLVL=2 _=/usr/bin/env /usr/local/bin/cmake /Users/grigorijhanin/gravitsapa/pretty_woman_interfaces -DCMAKE_INSTALL_PREFIX=/Users/grigorijhanin/gravitsapa/install/pretty_woman_interfaces
[0.291s] -- Found ament_cmake: 0.9.8 (/Users/grigorijhanin/ros2_foxy/ros2-osx/share/ament_cmake/cmake)
[0.355s] -- Using PYTHON_EXECUTABLE: /usr/local/bin/python3
[0.685s] -- Found ament_lint_auto: 0.9.6 (/Users/grigorijhanin/ros2_foxy/ros2-osx/share/ament_lint_auto/cmake)
[0.800s] -- Added test 'copyright' to check source files copyright and LICENSE
[0.805s] -- Added test 'lint_cmake' to check CMake code style
[0.808s] -- Added test 'xmllint' to check XML markup files
[0.813s] -- Configuring done
[0.858s] -- Generating done
[0.868s] -- Build files have been written to: /Users/grigorijhanin/gravitsapa/build/pretty_woman_interfaces
[0.872s] Invoked command in '/Users/grigorijhanin/gravitsapa/build/pretty_woman_interfaces' returned '0': SHLVL=2 _=/usr/bin/env /usr/local/bin/cmake /Users/grigorijhanin/gravitsapa/pretty_woman_interfaces -DCMAKE_INSTALL_PREFIX=/Users/grigorijhanin/gravitsapa/install/pretty_woman_interfaces
[0.876s] Invoking command in '/Users/grigorijhanin/gravitsapa/build/pretty_woman_interfaces': SHLVL=2 _=/usr/bin/env /usr/local/bin/cmake --build /Users/grigorijhanin/gravitsapa/build/pretty_woman_interfaces -- -j4 -l4
[0.991s] Invoked command in '/Users/grigorijhanin/gravitsapa/build/pretty_woman_interfaces' returned '0': SHLVL=2 _=/usr/bin/env /usr/local/bin/cmake --build /Users/grigorijhanin/gravitsapa/build/pretty_woman_interfaces -- -j4 -l4
[1.192s] Invoking command in '/Users/grigorijhanin/gravitsapa/build/pretty_woman_interfaces': SHLVL=2 _=/usr/bin/env /usr/local/bin/cmake --install /Users/grigorijhanin/gravitsapa/build/pretty_woman_interfaces
[1.206s] -- Install configuration: ""
[1.207s] -- Installing: /Users/grigorijhanin/gravitsapa/install/pretty_woman_interfaces/share/ament_index/resource_index/package_run_dependencies/pretty_woman_interfaces
[1.207s] -- Installing: /Users/grigorijhanin/gravitsapa/install/pretty_woman_interfaces/share/ament_index/resource_index/parent_prefix_path/pretty_woman_interfaces
[1.207s] -- Installing: /Users/grigorijhanin/gravitsapa/install/pretty_woman_interfaces/share/pretty_woman_interfaces/environment/ament_prefix_path.sh
[1.208s] -- Installing: /Users/grigorijhanin/gravitsapa/install/pretty_woman_interfaces/share/pretty_woman_interfaces/environment/ament_prefix_path.dsv
[1.208s] -- Installing: /Users/grigorijhanin/gravitsapa/install/pretty_woman_interfaces/share/pretty_woman_interfaces/environment/path.sh
[1.208s] -- Installing: /Users/grigorijhanin/gravitsapa/install/pretty_woman_interfaces/share/pretty_woman_interfaces/environment/path.dsv
[1.209s] -- Installing: /Users/grigorijhanin/gravitsapa/install/pretty_woman_interfaces/share/pretty_woman_interfaces/local_setup.bash
[1.209s] -- Installing: /Users/grigorijhanin/gravitsapa/install/pretty_woman_interfaces/share/pretty_woman_interfaces/local_setup.sh
[1.210s] -- Installing: /Users/grigorijhanin/gravitsapa/install/pretty_woman_interfaces/share/pretty_woman_interfaces/local_setup.zsh
[1.210s] -- Installing: /Users/grigorijhanin/gravitsapa/install/pretty_woman_interfaces/share/pretty_woman_interfaces/local_setup.dsv
[1.210s] -- Installing: /Users/grigorijhanin/gravitsapa/install/pretty_woman_interfaces/share/pretty_woman_interfaces/package.dsv
[1.211s] -- Installing: /Users/grigorijhanin/gravitsapa/install/pretty_woman_interfaces/share/ament_index/resource_index/packages/pretty_woman_interfaces
[1.211s] -- Installing: /Users/grigorijhanin/gravitsapa/install/pretty_woman_interfaces/share/pretty_woman_interfaces/cmake/pretty_woman_interfacesConfig.cmake
[1.212s] -- Installing: /Users/grigorijhanin/gravitsapa/install/pretty_woman_interfaces/share/pretty_woman_interfaces/cmake/pretty_woman_interfacesConfig-version.cmake
[1.212s] -- Installing: /Users/grigorijhanin/gravitsapa/install/pretty_woman_interfaces/share/pretty_woman_interfaces/package.xml
[1.215s] Invoked command in '/Users/grigorijhanin/gravitsapa/build/pretty_woman_interfaces' returned '0': SHLVL=2 _=/usr/bin/env /usr/local/bin/cmake --install /Users/grigorijhanin/gravitsapa/build/pretty_woman_interfaces
