[0.679s] DEBUG:colcon:Command line arguments: ['/usr/local/bin/colcon', 'build', '--packages-select', 'pretty_woman_interfaces']
[0.679s] DEBUG:colcon:Parsed command line arguments: Namespace(ament_cmake_args=None, base_paths=['.'], build_base='build', catkin_cmake_args=None, catkin_skip_building_tests=False, cmake_args=None, cmake_clean_cache=False, cmake_clean_first=False, cmake_force_configure=False, cmake_target=None, cmake_target_skip_unavailable=False, continue_on_error=False, event_handlers=None, executor='parallel', ignore_user_meta=False, install_base='install', log_base=None, log_level=None, main=<bound method BuildVerb.main of <colcon_core.verb.build.BuildVerb object at 0x104377a60>>, merge_install=False, metas=['./colcon.meta'], packages_above=None, packages_above_and_dependencies=None, packages_above_depth=None, packages_end=None, packages_ignore=None, packages_ignore_regex=None, packages_select=['pretty_woman_interfaces'], packages_select_build_failed=False, packages_select_by_dep=None, packages_select_regex=None, packages_select_test_failures=False, packages_skip=None, packages_skip_build_finished=False, packages_skip_by_dep=None, packages_skip_regex=None, packages_skip_test_passed=False, packages_skip_up_to=None, packages_start=None, packages_up_to=None, packages_up_to_regex=None, parallel_workers=4, paths=None, symlink_install=False, test_result_base=None, verb_extension=<colcon_core.verb.build.BuildVerb object at 0x104377a60>, verb_name='build', verb_parser=<colcon_defaults.argument_parser.defaults.DefaultArgumentsDecorator object at 0x104384040>)
[0.710s] Level 1:colcon.colcon_core.package_discovery:discover_packages(colcon_meta) check parameters
[0.710s] Level 1:colcon.colcon_core.package_discovery:discover_packages(recursive) check parameters
[0.710s] Level 1:colcon.colcon_core.package_discovery:discover_packages(ignore) check parameters
[0.710s] Level 1:colcon.colcon_core.package_discovery:discover_packages(path) check parameters
[0.710s] Level 1:colcon.colcon_core.package_discovery:discover_packages(colcon_meta) discover
[0.711s] Level 1:colcon.colcon_core.package_discovery:discover_packages(recursive) discover
[0.711s] INFO:colcon.colcon_core.package_discovery:Crawling recursively for packages in '/Users/grigorijhanin/gravitsapa'
[0.711s] Level 1:colcon.colcon_core.package_identification:_identify(.) by extensions ['ignore', 'ignore_ament_install']
[0.711s] Level 1:colcon.colcon_core.package_identification:_identify(.) by extension 'ignore'
[0.711s] Level 1:colcon.colcon_core.package_identification:_identify(.) by extension 'ignore_ament_install'
[0.711s] Level 1:colcon.colcon_core.package_identification:_identify(.) by extensions ['colcon_pkg']
[0.711s] Level 1:colcon.colcon_core.package_identification:_identify(.) by extension 'colcon_pkg'
[0.711s] Level 1:colcon.colcon_core.package_identification:_identify(.) by extensions ['colcon_meta']
[0.711s] Level 1:colcon.colcon_core.package_identification:_identify(.) by extension 'colcon_meta'
[0.711s] Level 1:colcon.colcon_core.package_identification:_identify(.) by extensions ['ros']
[0.711s] Level 1:colcon.colcon_core.package_identification:_identify(.) by extension 'ros'
[0.731s] Level 1:colcon.colcon_core.package_identification:_identify(.) by extensions ['cmake', 'python']
[0.731s] Level 1:colcon.colcon_core.package_identification:_identify(.) by extension 'cmake'
[0.732s] Level 1:colcon.colcon_core.package_identification:_identify(.) by extension 'python'
[0.732s] Level 1:colcon.colcon_core.package_identification:_identify(.) by extensions ['python_setup_py']
[0.732s] Level 1:colcon.colcon_core.package_identification:_identify(.) by extension 'python_setup_py'
[0.732s] Level 1:colcon.colcon_core.package_identification:_identify(3D models) by extensions ['ignore', 'ignore_ament_install']
[0.732s] Level 1:colcon.colcon_core.package_identification:_identify(3D models) by extension 'ignore'
[0.732s] Level 1:colcon.colcon_core.package_identification:_identify(3D models) by extension 'ignore_ament_install'
[0.732s] Level 1:colcon.colcon_core.package_identification:_identify(3D models) by extensions ['colcon_pkg']
[0.732s] Level 1:colcon.colcon_core.package_identification:_identify(3D models) by extension 'colcon_pkg'
[0.732s] Level 1:colcon.colcon_core.package_identification:_identify(3D models) by extensions ['colcon_meta']
[0.732s] Level 1:colcon.colcon_core.package_identification:_identify(3D models) by extension 'colcon_meta'
[0.733s] Level 1:colcon.colcon_core.package_identification:_identify(3D models) by extensions ['ros']
[0.733s] Level 1:colcon.colcon_core.package_identification:_identify(3D models) by extension 'ros'
[0.733s] Level 1:colcon.colcon_core.package_identification:_identify(3D models) by extensions ['cmake', 'python']
[0.733s] Level 1:colcon.colcon_core.package_identification:_identify(3D models) by extension 'cmake'
[0.733s] Level 1:colcon.colcon_core.package_identification:_identify(3D models) by extension 'python'
[0.733s] Level 1:colcon.colcon_core.package_identification:_identify(3D models) by extensions ['python_setup_py']
[0.733s] Level 1:colcon.colcon_core.package_identification:_identify(3D models) by extension 'python_setup_py'
[0.733s] Level 1:colcon.colcon_core.package_identification:_identify(build) by extensions ['ignore', 'ignore_ament_install']
[0.733s] Level 1:colcon.colcon_core.package_identification:_identify(build) by extension 'ignore'
[0.733s] Level 1:colcon.colcon_core.package_identification:_identify(build) ignored
[0.733s] Level 1:colcon.colcon_core.package_identification:_identify(eyes_node) by extensions ['ignore', 'ignore_ament_install']
[0.733s] Level 1:colcon.colcon_core.package_identification:_identify(eyes_node) by extension 'ignore'
[0.733s] Level 1:colcon.colcon_core.package_identification:_identify(eyes_node) by extension 'ignore_ament_install'
[0.734s] Level 1:colcon.colcon_core.package_identification:_identify(eyes_node) by extensions ['colcon_pkg']
[0.734s] Level 1:colcon.colcon_core.package_identification:_identify(eyes_node) by extension 'colcon_pkg'
[0.734s] Level 1:colcon.colcon_core.package_identification:_identify(eyes_node) by extensions ['colcon_meta']
[0.734s] Level 1:colcon.colcon_core.package_identification:_identify(eyes_node) by extension 'colcon_meta'
[0.734s] Level 1:colcon.colcon_core.package_identification:_identify(eyes_node) by extensions ['ros']
[0.734s] Level 1:colcon.colcon_core.package_identification:_identify(eyes_node) by extension 'ros'
[0.734s] Level 1:colcon.colcon_core.package_identification:_identify(eyes_node) by extensions ['cmake', 'python']
[0.734s] Level 1:colcon.colcon_core.package_identification:_identify(eyes_node) by extension 'cmake'
[0.734s] Level 1:colcon.colcon_core.package_identification:_identify(eyes_node) by extension 'python'
[0.734s] Level 1:colcon.colcon_core.package_identification:_identify(eyes_node) by extensions ['python_setup_py']
[0.734s] Level 1:colcon.colcon_core.package_identification:_identify(eyes_node) by extension 'python_setup_py'
[0.734s] Level 1:colcon.colcon_core.package_identification:_identify(images) by extensions ['ignore', 'ignore_ament_install']
[0.734s] Level 1:colcon.colcon_core.package_identification:_identify(images) by extension 'ignore'
[0.734s] Level 1:colcon.colcon_core.package_identification:_identify(images) by extension 'ignore_ament_install'
[0.734s] Level 1:colcon.colcon_core.package_identification:_identify(images) by extensions ['colcon_pkg']
[0.734s] Level 1:colcon.colcon_core.package_identification:_identify(images) by extension 'colcon_pkg'
[0.734s] Level 1:colcon.colcon_core.package_identification:_identify(images) by extensions ['colcon_meta']
[0.734s] Level 1:colcon.colcon_core.package_identification:_identify(images) by extension 'colcon_meta'
[0.735s] Level 1:colcon.colcon_core.package_identification:_identify(images) by extensions ['ros']
[0.735s] Level 1:colcon.colcon_core.package_identification:_identify(images) by extension 'ros'
[0.735s] Level 1:colcon.colcon_core.package_identification:_identify(images) by extensions ['cmake', 'python']
[0.735s] Level 1:colcon.colcon_core.package_identification:_identify(images) by extension 'cmake'
[0.735s] Level 1:colcon.colcon_core.package_identification:_identify(images) by extension 'python'
[0.735s] Level 1:colcon.colcon_core.package_identification:_identify(images) by extensions ['python_setup_py']
[0.735s] Level 1:colcon.colcon_core.package_identification:_identify(images) by extension 'python_setup_py'
[0.735s] Level 1:colcon.colcon_core.package_identification:_identify(install) by extensions ['ignore', 'ignore_ament_install']
[0.735s] Level 1:colcon.colcon_core.package_identification:_identify(install) by extension 'ignore'
[0.735s] Level 1:colcon.colcon_core.package_identification:_identify(install) ignored
[0.735s] Level 1:colcon.colcon_core.package_identification:_identify(lips_node) by extensions ['ignore', 'ignore_ament_install']
[0.735s] Level 1:colcon.colcon_core.package_identification:_identify(lips_node) by extension 'ignore'
[0.735s] Level 1:colcon.colcon_core.package_identification:_identify(lips_node) by extension 'ignore_ament_install'
[0.735s] Level 1:colcon.colcon_core.package_identification:_identify(lips_node) by extensions ['colcon_pkg']
[0.736s] Level 1:colcon.colcon_core.package_identification:_identify(lips_node) by extension 'colcon_pkg'
[0.736s] Level 1:colcon.colcon_core.package_identification:_identify(lips_node) by extensions ['colcon_meta']
[0.736s] Level 1:colcon.colcon_core.package_identification:_identify(lips_node) by extension 'colcon_meta'
[0.736s] Level 1:colcon.colcon_core.package_identification:_identify(lips_node) by extensions ['ros']
[0.736s] Level 1:colcon.colcon_core.package_identification:_identify(lips_node) by extension 'ros'
[0.736s] Level 1:colcon.colcon_core.package_identification:_identify(lips_node) by extensions ['cmake', 'python']
[0.736s] Level 1:colcon.colcon_core.package_identification:_identify(lips_node) by extension 'cmake'
[0.736s] Level 1:colcon.colcon_core.package_identification:_identify(lips_node) by extension 'python'
[0.736s] Level 1:colcon.colcon_core.package_identification:_identify(lips_node) by extensions ['python_setup_py']
[0.736s] Level 1:colcon.colcon_core.package_identification:_identify(lips_node) by extension 'python_setup_py'
[0.736s] Level 1:colcon.colcon_core.package_identification:_identify(log) by extensions ['ignore', 'ignore_ament_install']
[0.736s] Level 1:colcon.colcon_core.package_identification:_identify(log) by extension 'ignore'
[0.736s] Level 1:colcon.colcon_core.package_identification:_identify(log) ignored
[0.736s] Level 1:colcon.colcon_core.package_identification:_identify(pretty_woman) by extensions ['ignore', 'ignore_ament_install']
[0.737s] Level 1:colcon.colcon_core.package_identification:_identify(pretty_woman) by extension 'ignore'
[0.737s] Level 1:colcon.colcon_core.package_identification:_identify(pretty_woman) by extension 'ignore_ament_install'
[0.737s] Level 1:colcon.colcon_core.package_identification:_identify(pretty_woman) by extensions ['colcon_pkg']
[0.737s] Level 1:colcon.colcon_core.package_identification:_identify(pretty_woman) by extension 'colcon_pkg'
[0.737s] Level 1:colcon.colcon_core.package_identification:_identify(pretty_woman) by extensions ['colcon_meta']
[0.737s] Level 1:colcon.colcon_core.package_identification:_identify(pretty_woman) by extension 'colcon_meta'
[0.737s] Level 1:colcon.colcon_core.package_identification:_identify(pretty_woman) by extensions ['ros']
[0.737s] Level 1:colcon.colcon_core.package_identification:_identify(pretty_woman) by extension 'ros'
[0.742s] DEBUG:colcon.colcon_core.package_identification:Package 'pretty_woman' with type 'ros.ament_python' and name 'pretty_woman'
[0.742s] Level 1:colcon.colcon_core.package_identification:_identify(pretty_woman_interfaces) by extensions ['ignore', 'ignore_ament_install']
[0.742s] Level 1:colcon.colcon_core.package_identification:_identify(pretty_woman_interfaces) by extension 'ignore'
[0.742s] Level 1:colcon.colcon_core.package_identification:_identify(pretty_woman_interfaces) by extension 'ignore_ament_install'
[0.742s] Level 1:colcon.colcon_core.package_identification:_identify(pretty_woman_interfaces) by extensions ['colcon_pkg']
[0.742s] Level 1:colcon.colcon_core.package_identification:_identify(pretty_woman_interfaces) by extension 'colcon_pkg'
[0.742s] Level 1:colcon.colcon_core.package_identification:_identify(pretty_woman_interfaces) by extensions ['colcon_meta']
[0.742s] Level 1:colcon.colcon_core.package_identification:_identify(pretty_woman_interfaces) by extension 'colcon_meta'
[0.742s] Level 1:colcon.colcon_core.package_identification:_identify(pretty_woman_interfaces) by extensions ['ros']
[0.742s] Level 1:colcon.colcon_core.package_identification:_identify(pretty_woman_interfaces) by extension 'ros'
[0.743s] DEBUG:colcon.colcon_core.package_identification:Package 'pretty_woman_interfaces' with type 'ros.ament_cmake' and name 'pretty_woman_interfaces'
[0.743s] Level 1:colcon.colcon_core.package_discovery:discover_packages(recursive) using defaults
[0.743s] Level 1:colcon.colcon_core.package_discovery:discover_packages(ignore) discover
[0.743s] Level 1:colcon.colcon_core.package_discovery:discover_packages(ignore) using defaults
[0.743s] Level 1:colcon.colcon_core.package_discovery:discover_packages(path) discover
[0.743s] Level 1:colcon.colcon_core.package_discovery:discover_packages(path) using defaults
[0.808s] INFO:colcon.colcon_core.package_selection:Skipping not selected package 'pretty_woman' in 'pretty_woman'
[0.819s] Level 5:colcon.colcon_core.verb:set package 'pretty_woman_interfaces' build argument 'cmake_args' from command line to 'None'
[0.819s] Level 5:colcon.colcon_core.verb:set package 'pretty_woman_interfaces' build argument 'cmake_target' from command line to 'None'
[0.820s] Level 5:colcon.colcon_core.verb:set package 'pretty_woman_interfaces' build argument 'cmake_target_skip_unavailable' from command line to 'False'
[0.820s] Level 5:colcon.colcon_core.verb:set package 'pretty_woman_interfaces' build argument 'cmake_clean_cache' from command line to 'False'
[0.820s] Level 5:colcon.colcon_core.verb:set package 'pretty_woman_interfaces' build argument 'cmake_clean_first' from command line to 'False'
[0.820s] Level 5:colcon.colcon_core.verb:set package 'pretty_woman_interfaces' build argument 'cmake_force_configure' from command line to 'False'
[0.820s] Level 5:colcon.colcon_core.verb:set package 'pretty_woman_interfaces' build argument 'ament_cmake_args' from command line to 'None'
[0.820s] Level 5:colcon.colcon_core.verb:set package 'pretty_woman_interfaces' build argument 'catkin_cmake_args' from command line to 'None'
[0.820s] Level 5:colcon.colcon_core.verb:set package 'pretty_woman_interfaces' build argument 'catkin_skip_building_tests' from command line to 'False'
[0.820s] DEBUG:colcon.colcon_core.verb:Building package 'pretty_woman_interfaces' with the following arguments: {'ament_cmake_args': None, 'build_base': '/Users/grigorijhanin/gravitsapa/build/pretty_woman_interfaces', 'catkin_cmake_args': None, 'catkin_skip_building_tests': False, 'cmake_args': None, 'cmake_clean_cache': False, 'cmake_clean_first': False, 'cmake_force_configure': False, 'cmake_target': None, 'cmake_target_skip_unavailable': False, 'install_base': '/Users/grigorijhanin/gravitsapa/install/pretty_woman_interfaces', 'merge_install': False, 'path': '/Users/grigorijhanin/gravitsapa/pretty_woman_interfaces', 'symlink_install': False, 'test_result_base': None}
[0.822s] INFO:colcon.colcon_core.executor:Executing jobs using 'parallel' executor
[0.838s] DEBUG:colcon.colcon_parallel_executor.executor.parallel:run_until_complete
[0.838s] INFO:colcon.colcon_ros.task.ament_cmake.build:Building ROS package in '/Users/grigorijhanin/gravitsapa/pretty_woman_interfaces' with build type 'ament_cmake'
[0.839s] INFO:colcon.colcon_cmake.task.cmake.build:Building CMake package in '/Users/grigorijhanin/gravitsapa/pretty_woman_interfaces'
[0.854s] INFO:colcon.colcon_core.plugin_system:Skipping extension 'colcon_core.shell.bat': Not used on non-Windows systems
[0.855s] INFO:colcon.colcon_core.shell:Skip shell extension 'powershell' for command environment: Not usable outside of PowerShell
[0.855s] DEBUG:colcon.colcon_core.shell:Skip shell extension 'dsv' for command environment
[0.908s] DEBUG:colcon.colcon_core.event_handler.log_command:Invoking command in '/Users/grigorijhanin/gravitsapa/build/pretty_woman_interfaces': SHLVL=2 _=/usr/bin/env /usr/local/bin/cmake /Users/grigorijhanin/gravitsapa/pretty_woman_interfaces -DCMAKE_INSTALL_PREFIX=/Users/grigorijhanin/gravitsapa/install/pretty_woman_interfaces
[15.620s] DEBUG:colcon.colcon_core.event_handler.log_command:Invoked command in '/Users/grigorijhanin/gravitsapa/build/pretty_woman_interfaces' returned '1': SHLVL=2 _=/usr/bin/env /usr/local/bin/cmake /Users/grigorijhanin/gravitsapa/pretty_woman_interfaces -DCMAKE_INSTALL_PREFIX=/Users/grigorijhanin/gravitsapa/install/pretty_woman_interfaces
[15.658s] Level 1:colcon.colcon_core.environment:create_environment_scripts_only(pretty_woman_interfaces)
[15.675s] Level 1:colcon.colcon_core.environment:checking '/Users/grigorijhanin/gravitsapa/install/pretty_woman_interfaces' for CMake module files
[15.676s] Level 1:colcon.colcon_core.environment:checking '/Users/grigorijhanin/gravitsapa/install/pretty_woman_interfaces' for CMake config files
[15.676s] Level 1:colcon.colcon_core.environment:checking '/Users/grigorijhanin/gravitsapa/install/pretty_woman_interfaces/lib'
[15.677s] Level 1:colcon.colcon_core.environment:checking '/Users/grigorijhanin/gravitsapa/install/pretty_woman_interfaces/bin'
[15.677s] Level 1:colcon.colcon_core.environment:checking '/Users/grigorijhanin/gravitsapa/install/pretty_woman_interfaces/lib/pkgconfig/pretty_woman_interfaces.pc'
[15.677s] Level 1:colcon.colcon_core.environment:checking '/Users/grigorijhanin/gravitsapa/install/pretty_woman_interfaces/lib/python3.8/site-packages'
[15.684s] INFO:colcon.colcon_core.shell:Creating package script '/Users/grigorijhanin/gravitsapa/install/pretty_woman_interfaces/share/pretty_woman_interfaces/package.ps1'
[15.685s] INFO:colcon.colcon_core.shell:Creating package descriptor '/Users/grigorijhanin/gravitsapa/install/pretty_woman_interfaces/share/pretty_woman_interfaces/package.dsv'
[15.686s] INFO:colcon.colcon_core.shell:Creating package script '/Users/grigorijhanin/gravitsapa/install/pretty_woman_interfaces/share/pretty_woman_interfaces/package.sh'
[15.688s] INFO:colcon.colcon_core.shell:Creating package script '/Users/grigorijhanin/gravitsapa/install/pretty_woman_interfaces/share/pretty_woman_interfaces/package.bash'
[15.689s] INFO:colcon.colcon_core.shell:Creating package script '/Users/grigorijhanin/gravitsapa/install/pretty_woman_interfaces/share/pretty_woman_interfaces/package.zsh'
[15.691s] Level 1:colcon.colcon_core.environment:create_file_with_runtime_dependencies(/Users/grigorijhanin/gravitsapa/install/pretty_woman_interfaces/share/colcon-core/packages/pretty_woman_interfaces)
[15.692s] DEBUG:colcon.colcon_parallel_executor.executor.parallel:closing loop
[15.693s] DEBUG:colcon.colcon_parallel_executor.executor.parallel:loop closed
[15.693s] DEBUG:colcon.colcon_parallel_executor.executor.parallel:run_until_complete finished with '1'
[15.693s] DEBUG:colcon.colcon_core.event_reactor:joining thread
[15.702s] INFO:colcon.colcon_core.plugin_system:Skipping extension 'colcon_notification.desktop_notification.notify2': 'notify2' not found
[15.702s] INFO:colcon.colcon_core.plugin_system:Skipping extension 'colcon_notification.desktop_notification.notify_send': Not used on non-Linux systems
[15.702s] INFO:colcon.colcon_core.plugin_system:Skipping extension 'colcon_notification.desktop_notification.win32': Not used on non-Windows systems
[15.702s] INFO:colcon.colcon_notification.desktop_notification:Sending desktop notification using 'terminal_notifier'
[15.794s] DEBUG:colcon.colcon_core.event_reactor:joined thread
[15.806s] INFO:colcon.colcon_core.shell:Creating prefix script '/Users/grigorijhanin/gravitsapa/install/local_setup.ps1'
[15.808s] INFO:colcon.colcon_core.shell:Creating prefix util module '/Users/grigorijhanin/gravitsapa/install/_local_setup_util_ps1.py'
[15.810s] INFO:colcon.colcon_core.shell:Creating prefix chain script '/Users/grigorijhanin/gravitsapa/install/setup.ps1'
[15.819s] INFO:colcon.colcon_core.shell:Creating prefix script '/Users/grigorijhanin/gravitsapa/install/local_setup.sh'
[15.821s] INFO:colcon.colcon_core.shell:Creating prefix util module '/Users/grigorijhanin/gravitsapa/install/_local_setup_util_sh.py'
[15.821s] INFO:colcon.colcon_core.shell:Creating prefix chain script '/Users/grigorijhanin/gravitsapa/install/setup.sh'
[15.829s] INFO:colcon.colcon_core.shell:Creating prefix script '/Users/grigorijhanin/gravitsapa/install/local_setup.bash'
[15.831s] INFO:colcon.colcon_core.shell:Creating prefix chain script '/Users/grigorijhanin/gravitsapa/install/setup.bash'
[15.840s] INFO:colcon.colcon_core.shell:Creating prefix script '/Users/grigorijhanin/gravitsapa/install/local_setup.zsh'
[15.841s] INFO:colcon.colcon_core.shell:Creating prefix chain script '/Users/grigorijhanin/gravitsapa/install/setup.zsh'
