[0.000000] (-) TimerEvent: {}
[0.000284] (pretty_woman) JobQueued: {'identifier': 'pretty_woman', 'dependencies': OrderedDict()}
[0.000514] (pretty_woman) JobStarted: {'identifier': 'pretty_woman'}
[0.103661] (-) TimerEvent: {}
[0.204069] (-) TimerEvent: {}
[0.306406] (-) TimerEvent: {}
[0.383475] (pretty_woman) Command: {'cmd': ['/usr/local/opt/python@3.8/bin/python3.8', 'setup.py', 'egg_info', '--egg-base', 'build/pretty_woman', 'build', '--build-base', '/Users/grigorijhanin/gravitsapa/pretty_woman/build/pretty_woman/build', 'install', '--prefix', '/Users/grigorijhanin/gravitsapa/pretty_woman/install/pretty_woman', '--record', '/Users/grigorijhanin/gravitsapa/pretty_woman/build/pretty_woman/install.log', '--single-version-externally-managed'], 'cwd': '/Users/grigorijhanin/gravitsapa/pretty_woman', 'env': {'TERM_PROGRAM': 'vscode', 'TERM': 'xterm-256color', 'SHELL': '/bin/zsh', 'TMPDIR': '/var/folders/9l/4c76c0l54f79j95fy8d2bt3w0000gn/T/', 'TERM_PROGRAM_VERSION': '1.54.2', 'ROS_PYTHON_VERSION': '3', 'ORIGINAL_XDG_CURRENT_DESKTOP': 'undefined', 'ROS_VERSION': '2', 'COLCON_PREFIX_PATH': '/Users/grigorijhanin/gravitsapa/pretty_woman/install:/Users/grigorijhanin/ros2_foxy/ros2-osx', 'AMENT_PREFIX_PATH': '/Users/grigorijhanin/gravitsapa/pretty_woman/install/pretty_woman:/Users/grigorijhanin/ros2_foxy/ros2-osx', 'USER': 'grigorijhanin', 'COMMAND_MODE': 'unix2003', 'SSH_AUTH_SOCK': '/private/tmp/com.apple.launchd.UrZAnEoUUx/Listeners', '__CF_USER_TEXT_ENCODING': '0x1F5:0x7:0x31', 'PATH': '/usr/local/bin:/usr/bin:/bin:/usr/sbin:/sbin:/Applications/VMware Fusion.app/Contents/Public:/usr/local/go/bin:/Users/grigorijhanin/ros2_foxy/ros2-osx/bin', 'PWD': '/Users/grigorijhanin/gravitsapa/pretty_woman/build/pretty_woman', 'COLCON': '1', 'LANG': 'ru_RU.UTF-8', 'RMW_IMPLEMENTATION': 'rmw_fastrtps_cpp', 'XPC_FLAGS': '0x0', 'XPC_SERVICE_NAME': '0', 'SHLVL': '2', 'HOME': '/Users/grigorijhanin', 'VSCODE_GIT_ASKPASS_MAIN': '/Applications/Visual Studio Code.app/Contents/Resources/app/extensions/git/dist/askpass-main.js', 'ROS_DISTRO': 'foxy', 'DYLD_LIBRARY_PATH': '/Users/grigorijhanin/ros2_foxy/ros2-osx/opt/yaml_cpp_vendor/lib:/Users/grigorijhanin/ros2_foxy/ros2-osx/opt/rviz_ogre_vendor/lib:/Users/grigorijhanin/ros2_foxy/ros2-osx/lib', 'PYTHONPATH': '/Users/grigorijhanin/gravitsapa/pretty_woman/install/pretty_woman/lib/python3.8/site-packages:/Users/grigorijhanin/gravitsapa/pretty_woman/install/pretty_woman/lib/python3.8/site-packages:/Users/grigorijhanin/ros2_foxy/ros2-osx/lib/python3.8/site-packages', 'LOGNAME': 'grigorijhanin', 'VSCODE_GIT_IPC_HANDLE': '/var/folders/9l/4c76c0l54f79j95fy8d2bt3w0000gn/T/vscode-git-4175134694.sock', 'PKG_CONFIG_PATH': '/Users/grigorijhanin/ros2_foxy/ros2-osx/lib/pkgconfig', 'VSCODE_GIT_ASKPASS_NODE': '/Applications/Visual Studio Code.app/Contents/Frameworks/Code Helper (Renderer).app/Contents/MacOS/Code Helper (Renderer)', 'GIT_ASKPASS': '/Applications/Visual Studio Code.app/Contents/Resources/app/extensions/git/dist/askpass.sh', 'CMAKE_PREFIX_PATH': '/Users/grigorijhanin/ros2_foxy/ros2-osx', 'ROS_LOCALHOST_ONLY': '0', 'COLORTERM': 'truecolor', '_': '/usr/bin/env'}, 'shell': False}
[0.407164] (-) TimerEvent: {}
[0.508902] (-) TimerEvent: {}
[0.614110] (-) TimerEvent: {}
[0.670320] (pretty_woman) StdoutLine: {'line': b'running egg_info\n'}
[0.670896] (pretty_woman) StdoutLine: {'line': b'writing build/pretty_woman/pretty_woman.egg-info/PKG-INFO\n'}
[0.671209] (pretty_woman) StdoutLine: {'line': b'writing dependency_links to build/pretty_woman/pretty_woman.egg-info/dependency_links.txt\n'}
[0.671502] (pretty_woman) StdoutLine: {'line': b'writing entry points to build/pretty_woman/pretty_woman.egg-info/entry_points.txt\n'}
[0.672000] (pretty_woman) StdoutLine: {'line': b'writing requirements to build/pretty_woman/pretty_woman.egg-info/requires.txt\n'}
[0.672401] (pretty_woman) StdoutLine: {'line': b'writing top-level names to build/pretty_woman/pretty_woman.egg-info/top_level.txt\n'}
[0.697808] (pretty_woman) StdoutLine: {'line': b"reading manifest file 'build/pretty_woman/pretty_woman.egg-info/SOURCES.txt'\n"}
[0.708630] (pretty_woman) StdoutLine: {'line': b"writing manifest file 'build/pretty_woman/pretty_woman.egg-info/SOURCES.txt'\n"}
[0.709146] (pretty_woman) StdoutLine: {'line': b'running build\n'}
[0.709259] (pretty_woman) StdoutLine: {'line': b'running build_py\n'}
[0.709522] (pretty_woman) StdoutLine: {'line': b'copying pretty_woman/main_node.py -> /Users/grigorijhanin/gravitsapa/pretty_woman/build/pretty_woman/build/lib/pretty_woman\n'}
[0.710336] (pretty_woman) StdoutLine: {'line': b'copying pretty_woman/test_node.py -> /Users/grigorijhanin/gravitsapa/pretty_woman/build/pretty_woman/build/lib/pretty_woman\n'}
[0.711200] (pretty_woman) StdoutLine: {'line': b'running install\n'}
[0.711536] (pretty_woman) StdoutLine: {'line': b'running install_lib\n'}
[0.713303] (pretty_woman) StdoutLine: {'line': b'copying /Users/grigorijhanin/gravitsapa/pretty_woman/build/pretty_woman/build/lib/pretty_woman/main_node.py -> /Users/grigorijhanin/gravitsapa/pretty_woman/install/pretty_woman/lib/python3.8/site-packages/pretty_woman\n'}
[0.713806] (pretty_woman) StdoutLine: {'line': b'copying /Users/grigorijhanin/gravitsapa/pretty_woman/build/pretty_woman/build/lib/pretty_woman/test_node.py -> /Users/grigorijhanin/gravitsapa/pretty_woman/install/pretty_woman/lib/python3.8/site-packages/pretty_woman\n'}
[0.714173] (-) TimerEvent: {}
[0.715031] (pretty_woman) StdoutLine: {'line': b'byte-compiling /Users/grigorijhanin/gravitsapa/pretty_woman/install/pretty_woman/lib/python3.8/site-packages/pretty_woman/main_node.py to main_node.cpython-38.pyc\n'}
[0.715973] (pretty_woman) StdoutLine: {'line': b'byte-compiling /Users/grigorijhanin/gravitsapa/pretty_woman/install/pretty_woman/lib/python3.8/site-packages/pretty_woman/test_node.py to test_node.cpython-38.pyc\n'}
[0.717016] (pretty_woman) StdoutLine: {'line': b'running install_data\n'}
[0.718245] (pretty_woman) StdoutLine: {'line': b'running install_egg_info\n'}
[0.721475] (pretty_woman) StdoutLine: {'line': b"removing '/Users/grigorijhanin/gravitsapa/pretty_woman/install/pretty_woman/lib/python3.8/site-packages/pretty_woman-0.0.0-py3.8.egg-info' (and everything under it)\n"}
[0.722155] (pretty_woman) StdoutLine: {'line': b'Copying build/pretty_woman/pretty_woman.egg-info to /Users/grigorijhanin/gravitsapa/pretty_woman/install/pretty_woman/lib/python3.8/site-packages/pretty_woman-0.0.0-py3.8.egg-info\n'}
[0.725652] (pretty_woman) StdoutLine: {'line': b'running install_scripts\n'}
[0.756628] (pretty_woman) StdoutLine: {'line': b'Installing main_node script to /Users/grigorijhanin/gravitsapa/pretty_woman/install/pretty_woman/lib/pretty_woman\n'}
[0.756979] (pretty_woman) StdoutLine: {'line': b'Installing minimal_publisher script to /Users/grigorijhanin/gravitsapa/pretty_woman/install/pretty_woman/lib/pretty_woman\n'}
[0.757491] (pretty_woman) StdoutLine: {'line': b'Installing minimal_subscriber script to /Users/grigorijhanin/gravitsapa/pretty_woman/install/pretty_woman/lib/pretty_woman\n'}
[0.757785] (pretty_woman) StdoutLine: {'line': b'Installing test_node script to /Users/grigorijhanin/gravitsapa/pretty_woman/install/pretty_woman/lib/pretty_woman\n'}
[0.758143] (pretty_woman) StdoutLine: {'line': b"writing list of installed files to '/Users/grigorijhanin/gravitsapa/pretty_woman/build/pretty_woman/install.log'\n"}
[0.777653] (pretty_woman) CommandEnded: {'returncode': 0}
[0.814425] (-) TimerEvent: {}
[0.814889] (pretty_woman) JobEnded: {'identifier': 'pretty_woman', 'rc': 0}
[0.816316] (-) EventReactorShutdown: {}
