[0.071s] Invoking command in '/Users/grigorijhanin/gravitsapa/build/pretty_woman_interfaces': SHLVL=2 _=/usr/bin/env /usr/local/bin/cmake --build /Users/grigorijhanin/gravitsapa/build/pretty_woman_interfaces -- -j4 -l4
[0.377s] -- Found ament_cmake: 0.9.8 (/Users/grigorijhanin/ros2_foxy/ros2-osx/share/ament_cmake/cmake)
[0.430s] -- Using PYTHON_EXECUTABLE: /usr/local/bin/python3
[0.702s] -- Found ament_lint_auto: 0.9.6 (/Users/grigorijhanin/ros2_foxy/ros2-osx/share/ament_lint_auto/cmake)
[0.818s] -- Added test 'copyright' to check source files copyright and LICENSE
[0.824s] -- Added test 'lint_cmake' to check CMake code style
[0.827s] -- Added test 'xmllint' to check XML markup files
[0.833s] -- Configuring done
[0.857s] -- Generating done
[0.862s] -- Build files have been written to: /Users/grigorijhanin/gravitsapa/build/pretty_woman_interfaces
[0.903s] Invoked command in '/Users/grigorijhanin/gravitsapa/build/pretty_woman_interfaces' returned '0': SHLVL=2 _=/usr/bin/env /usr/local/bin/cmake --build /Users/grigorijhanin/gravitsapa/build/pretty_woman_interfaces -- -j4 -l4
[1.107s] Invoking command in '/Users/grigorijhanin/gravitsapa/build/pretty_woman_interfaces': SHLVL=2 _=/usr/bin/env /usr/local/bin/cmake --install /Users/grigorijhanin/gravitsapa/build/pretty_woman_interfaces
[1.122s] -- Install configuration: ""
[1.123s] -- Up-to-date: /Users/grigorijhanin/gravitsapa/install/pretty_woman_interfaces/share/ament_index/resource_index/package_run_dependencies/pretty_woman_interfaces
[1.123s] -- Up-to-date: /Users/grigorijhanin/gravitsapa/install/pretty_woman_interfaces/share/ament_index/resource_index/parent_prefix_path/pretty_woman_interfaces
[1.123s] -- Up-to-date: /Users/grigorijhanin/gravitsapa/install/pretty_woman_interfaces/share/pretty_woman_interfaces/environment/ament_prefix_path.sh
[1.124s] -- Installing: /Users/grigorijhanin/gravitsapa/install/pretty_woman_interfaces/share/pretty_woman_interfaces/environment/ament_prefix_path.dsv
[1.124s] -- Up-to-date: /Users/grigorijhanin/gravitsapa/install/pretty_woman_interfaces/share/pretty_woman_interfaces/environment/path.sh
[1.125s] -- Installing: /Users/grigorijhanin/gravitsapa/install/pretty_woman_interfaces/share/pretty_woman_interfaces/environment/path.dsv
[1.125s] -- Up-to-date: /Users/grigorijhanin/gravitsapa/install/pretty_woman_interfaces/share/pretty_woman_interfaces/local_setup.bash
[1.125s] -- Up-to-date: /Users/grigorijhanin/gravitsapa/install/pretty_woman_interfaces/share/pretty_woman_interfaces/local_setup.sh
[1.125s] -- Up-to-date: /Users/grigorijhanin/gravitsapa/install/pretty_woman_interfaces/share/pretty_woman_interfaces/local_setup.zsh
[1.126s] -- Installing: /Users/grigorijhanin/gravitsapa/install/pretty_woman_interfaces/share/pretty_woman_interfaces/local_setup.dsv
[1.126s] -- Installing: /Users/grigorijhanin/gravitsapa/install/pretty_woman_interfaces/share/pretty_woman_interfaces/package.dsv
[1.126s] -- Up-to-date: /Users/grigorijhanin/gravitsapa/install/pretty_woman_interfaces/share/ament_index/resource_index/packages/pretty_woman_interfaces
[1.126s] -- Installing: /Users/grigorijhanin/gravitsapa/install/pretty_woman_interfaces/share/pretty_woman_interfaces/cmake/ament_cmake_export_dependencies-extras.cmake
[1.127s] -- Installing: /Users/grigorijhanin/gravitsapa/install/pretty_woman_interfaces/share/pretty_woman_interfaces/cmake/pretty_woman_interfacesConfig.cmake
[1.127s] -- Up-to-date: /Users/grigorijhanin/gravitsapa/install/pretty_woman_interfaces/share/pretty_woman_interfaces/cmake/pretty_woman_interfacesConfig-version.cmake
[1.128s] -- Up-to-date: /Users/grigorijhanin/gravitsapa/install/pretty_woman_interfaces/share/pretty_woman_interfaces/package.xml
[1.131s] Invoked command in '/Users/grigorijhanin/gravitsapa/build/pretty_woman_interfaces' returned '0': SHLVL=2 _=/usr/bin/env /usr/local/bin/cmake --install /Users/grigorijhanin/gravitsapa/build/pretty_woman_interfaces
