/Users/grigorijhanin/gravitsapa/install/pretty_woman/lib/python3.8/site-packages/pretty_woman/lips_node.py
/Users/grigorijhanin/gravitsapa/install/pretty_woman/lib/python3.8/site-packages/pretty_woman/minimal_publisher.py
/Users/grigorijhanin/gravitsapa/install/pretty_woman/lib/python3.8/site-packages/pretty_woman/minimal_subscriber.py
/Users/grigorijhanin/gravitsapa/install/pretty_woman/lib/python3.8/site-packages/pretty_woman/__init__.py
/Users/grigorijhanin/gravitsapa/install/pretty_woman/lib/python3.8/site-packages/pretty_woman/main_node.py
/Users/grigorijhanin/gravitsapa/install/pretty_woman/lib/python3.8/site-packages/pretty_woman/eye_node.py
/Users/grigorijhanin/gravitsapa/install/pretty_woman/lib/python3.8/site-packages/pretty_woman/serial_node.py
/Users/grigorijhanin/gravitsapa/install/pretty_woman/lib/python3.8/site-packages/pretty_woman/film_node.py
/Users/grigorijhanin/gravitsapa/install/pretty_woman/lib/python3.8/site-packages/pretty_woman/test_node.py
/Users/grigorijhanin/gravitsapa/install/pretty_woman/lib/python3.8/site-packages/pretty_woman/__pycache__/lips_node.cpython-38.pyc
/Users/grigorijhanin/gravitsapa/install/pretty_woman/lib/python3.8/site-packages/pretty_woman/__pycache__/minimal_publisher.cpython-38.pyc
/Users/grigorijhanin/gravitsapa/install/pretty_woman/lib/python3.8/site-packages/pretty_woman/__pycache__/minimal_subscriber.cpython-38.pyc
/Users/grigorijhanin/gravitsapa/install/pretty_woman/lib/python3.8/site-packages/pretty_woman/__pycache__/__init__.cpython-38.pyc
/Users/grigorijhanin/gravitsapa/install/pretty_woman/lib/python3.8/site-packages/pretty_woman/__pycache__/main_node.cpython-38.pyc
/Users/grigorijhanin/gravitsapa/install/pretty_woman/lib/python3.8/site-packages/pretty_woman/__pycache__/eye_node.cpython-38.pyc
/Users/grigorijhanin/gravitsapa/install/pretty_woman/lib/python3.8/site-packages/pretty_woman/__pycache__/serial_node.cpython-38.pyc
/Users/grigorijhanin/gravitsapa/install/pretty_woman/lib/python3.8/site-packages/pretty_woman/__pycache__/film_node.cpython-38.pyc
/Users/grigorijhanin/gravitsapa/install/pretty_woman/lib/python3.8/site-packages/pretty_woman/__pycache__/test_node.cpython-38.pyc
/Users/grigorijhanin/gravitsapa/install/pretty_woman/share/ament_index/resource_index/packages/pretty_woman
/Users/grigorijhanin/gravitsapa/install/pretty_woman/share/pretty_woman/package.xml
/Users/grigorijhanin/gravitsapa/install/pretty_woman/lib/python3.8/site-packages/pretty_woman-0.0.0-py3.8.egg-info/PKG-INFO
/Users/grigorijhanin/gravitsapa/install/pretty_woman/lib/python3.8/site-packages/pretty_woman-0.0.0-py3.8.egg-info/zip-safe
/Users/grigorijhanin/gravitsapa/install/pretty_woman/lib/python3.8/site-packages/pretty_woman-0.0.0-py3.8.egg-info/SOURCES.txt
/Users/grigorijhanin/gravitsapa/install/pretty_woman/lib/python3.8/site-packages/pretty_woman-0.0.0-py3.8.egg-info/entry_points.txt
/Users/grigorijhanin/gravitsapa/install/pretty_woman/lib/python3.8/site-packages/pretty_woman-0.0.0-py3.8.egg-info/requires.txt
/Users/grigorijhanin/gravitsapa/install/pretty_woman/lib/python3.8/site-packages/pretty_woman-0.0.0-py3.8.egg-info/top_level.txt
/Users/grigorijhanin/gravitsapa/install/pretty_woman/lib/python3.8/site-packages/pretty_woman-0.0.0-py3.8.egg-info/dependency_links.txt
/Users/grigorijhanin/gravitsapa/install/pretty_woman/lib/pretty_woman/eye_node
/Users/grigorijhanin/gravitsapa/install/pretty_woman/lib/pretty_woman/film_node
/Users/grigorijhanin/gravitsapa/install/pretty_woman/lib/pretty_woman/lips_node
/Users/grigorijhanin/gravitsapa/install/pretty_woman/lib/pretty_woman/main_node
/Users/grigorijhanin/gravitsapa/install/pretty_woman/lib/pretty_woman/minimal_publisher
/Users/grigorijhanin/gravitsapa/install/pretty_woman/lib/pretty_woman/minimal_subscriber
/Users/grigorijhanin/gravitsapa/install/pretty_woman/lib/pretty_woman/test_node
