[0.000000] (-) TimerEvent: {}
[0.000659] (pretty_woman_interfaces) JobQueued: {'identifier': 'pretty_woman_interfaces', 'dependencies': OrderedDict()}
[0.000715] (pretty_woman_interfaces) JobStarted: {'identifier': 'pretty_woman_interfaces'}
[0.051644] (pretty_woman_interfaces) JobProgress: {'identifier': 'pretty_woman_interfaces', 'progress': 'cmake'}
[0.052610] (pretty_woman_interfaces) JobProgress: {'identifier': 'pretty_woman_interfaces', 'progress': 'build'}
[0.054581] (pretty_woman_interfaces) Command: {'cmd': ['/usr/local/bin/cmake', '--build', '/Users/grigorijhanin/gravitsapa/pretty_woman_interfaces/build/pretty_woman_interfaces', '--', '-j4', '-l4'], 'cwd': '/Users/grigorijhanin/gravitsapa/pretty_woman_interfaces/build/pretty_woman_interfaces', 'env': OrderedDict([('TERM_PROGRAM', 'vscode'), ('TERM', 'xterm-256color'), ('SHELL', '/bin/zsh'), ('TMPDIR', '/var/folders/9l/4c76c0l54f79j95fy8d2bt3w0000gn/T/'), ('TERM_PROGRAM_VERSION', '1.54.2'), ('ROS_PYTHON_VERSION', '3'), ('ORIGINAL_XDG_CURRENT_DESKTOP', 'undefined'), ('ROS_VERSION', '2'), ('COLCON_PREFIX_PATH', '/Users/grigorijhanin/ros2_foxy/ros2-osx'), ('AMENT_PREFIX_PATH', '/Users/grigorijhanin/ros2_foxy/ros2-osx'), ('USER', 'grigorijhanin'), ('SSH_AUTH_SOCK', '/private/tmp/com.apple.launchd.4FTQxDEwxH/Listeners'), ('__CF_USER_TEXT_ENCODING', '0x1F5:0x7:0x31'), ('PATH', '/usr/local/bin:/usr/bin:/bin:/usr/sbin:/sbin:/Applications/VMware Fusion.app/Contents/Public:/usr/local/go/bin:/Users/grigorijhanin/ros2_foxy/ros2-osx/bin'), ('DOPENSSL_ROOT_DIR', '/usr/local/opt/openssl'), ('PWD', '/Users/grigorijhanin/gravitsapa/pretty_woman_interfaces/build/pretty_woman_interfaces'), ('COLCON', '1'), ('LANG', 'ru_RU.UTF-8'), ('XPC_FLAGS', '0x0'), ('XPC_SERVICE_NAME', '0'), ('OPENSSL_ROOT_DIR', '/usr/local/opt/openssl'), ('SHLVL', '2'), ('HOME', '/Users/grigorijhanin'), ('VSCODE_GIT_ASKPASS_MAIN', '/Applications/Visual Studio Code.app/Contents/Resources/app/extensions/git/dist/askpass-main.js'), ('ROS_DISTRO', 'foxy'), ('DYLD_LIBRARY_PATH', '/Users/grigorijhanin/ros2_foxy/ros2-osx/opt/yaml_cpp_vendor/lib:/Users/grigorijhanin/ros2_foxy/ros2-osx/opt/rviz_ogre_vendor/lib:/Users/grigorijhanin/ros2_foxy/ros2-osx/lib'), ('PYTHONPATH', '/Users/grigorijhanin/ros2_foxy/ros2-osx/lib/python3.8/site-packages'), ('LOGNAME', 'grigorijhanin'), ('VSCODE_GIT_IPC_HANDLE', '/var/folders/9l/4c76c0l54f79j95fy8d2bt3w0000gn/T/vscode-git-4175134694.sock'), ('PKG_CONFIG_PATH', '/Users/grigorijhanin/ros2_foxy/ros2-osx/lib/pkgconfig'), ('VSCODE_GIT_ASKPASS_NODE', '/Applications/Visual Studio Code.app/Contents/Frameworks/Code Helper (Renderer).app/Contents/MacOS/Code Helper (Renderer)'), ('GIT_ASKPASS', '/Applications/Visual Studio Code.app/Contents/Resources/app/extensions/git/dist/askpass.sh'), ('CMAKE_PREFIX_PATH', '/Users/grigorijhanin/ros2_foxy/ros2-osx'), ('ROS_LOCALHOST_ONLY', '0'), ('DOPENSSL_LIBRARIES', '/usr/local/opt/openssl/lib'), ('COLORTERM', 'truecolor'), ('_', '/usr/bin/env')]), 'shell': False}
[0.104264] (-) TimerEvent: {}
[0.155712] (pretty_woman_interfaces) StdoutLine: {'line': b'-- Found ament_cmake: 0.9.8 (/Users/grigorijhanin/ros2_foxy/ros2-osx/share/ament_cmake/cmake)\n'}
[0.194509] (pretty_woman_interfaces) StdoutLine: {'line': b'-- Found PythonInterp: /usr/local/bin/python3 (found suitable version "3.8.7", minimum required is "3") \n'}
[0.194769] (pretty_woman_interfaces) StdoutLine: {'line': b'-- Using PYTHON_EXECUTABLE: /usr/local/bin/python3\n'}
[0.206669] (-) TimerEvent: {}
[0.310518] (-) TimerEvent: {}
[0.409679] (pretty_woman_interfaces) StdoutLine: {'line': b'-- Found ament_lint_auto: 0.9.6 (/Users/grigorijhanin/ros2_foxy/ros2-osx/share/ament_lint_auto/cmake)\n'}
[0.410774] (-) TimerEvent: {}
[0.511384] (-) TimerEvent: {}
[0.512283] (pretty_woman_interfaces) StdoutLine: {'line': b"-- Added test 'copyright' to check source files copyright and LICENSE\n"}
[0.573817] (pretty_woman_interfaces) StdoutLine: {'line': b"-- Added test 'cppcheck' to perform static code analysis on C / C++ code\n"}
[0.574097] (pretty_woman_interfaces) StdoutLine: {'line': b'-- Configured cppcheck include dirs: \n'}
[0.574247] (pretty_woman_interfaces) StdoutLine: {'line': b'-- Configured cppcheck exclude dirs and/or files: \n'}
[0.611927] (-) TimerEvent: {}
[0.632104] (pretty_woman_interfaces) StdoutLine: {'line': b"-- Added test 'cpplint' to check C / C++ code against the Google style\n"}
[0.632285] (pretty_woman_interfaces) StdoutLine: {'line': b'-- Configured cpplint exclude dirs and/or files: \n'}
[0.639121] (pretty_woman_interfaces) StdoutLine: {'line': b"-- Added test 'flake8' to check Python code syntax and style conventions\n"}
[0.653164] (pretty_woman_interfaces) StdoutLine: {'line': b"-- Added test 'lint_cmake' to check CMake code style\n"}
[0.660029] (pretty_woman_interfaces) StdoutLine: {'line': b"-- Added test 'pep257' to check Python code against some of the style conventions in PEP 257\n"}
[0.713315] (pretty_woman_interfaces) StdoutLine: {'line': b"-- Added test 'uncrustify' to check C / C++ code style\n"}
[0.713487] (-) TimerEvent: {}
[0.713580] (pretty_woman_interfaces) StdoutLine: {'line': b'-- Configured uncrustify additional arguments: \n'}
[0.721681] (pretty_woman_interfaces) StdoutLine: {'line': b"-- Added test 'xmllint' to check XML markup files\n"}
[0.730273] (pretty_woman_interfaces) StdoutLine: {'line': b'-- Configuring done\n'}
[0.742141] (pretty_woman_interfaces) StdoutLine: {'line': b'-- Generating done\n'}
[0.746706] (pretty_woman_interfaces) StdoutLine: {'line': b'-- Build files have been written to: /Users/grigorijhanin/gravitsapa/pretty_woman_interfaces/build/pretty_woman_interfaces\n'}
[0.792850] (pretty_woman_interfaces) CommandEnded: {'returncode': 0}
[0.814556] (-) TimerEvent: {}
[0.916764] (-) TimerEvent: {}
[0.989405] (pretty_woman_interfaces) JobProgress: {'identifier': 'pretty_woman_interfaces', 'progress': 'install'}
[1.008075] (pretty_woman_interfaces) Command: {'cmd': ['/usr/local/bin/cmake', '--install', '/Users/grigorijhanin/gravitsapa/pretty_woman_interfaces/build/pretty_woman_interfaces'], 'cwd': '/Users/grigorijhanin/gravitsapa/pretty_woman_interfaces/build/pretty_woman_interfaces', 'env': OrderedDict([('TERM_PROGRAM', 'vscode'), ('TERM', 'xterm-256color'), ('SHELL', '/bin/zsh'), ('TMPDIR', '/var/folders/9l/4c76c0l54f79j95fy8d2bt3w0000gn/T/'), ('TERM_PROGRAM_VERSION', '1.54.2'), ('ROS_PYTHON_VERSION', '3'), ('ORIGINAL_XDG_CURRENT_DESKTOP', 'undefined'), ('ROS_VERSION', '2'), ('COLCON_PREFIX_PATH', '/Users/grigorijhanin/ros2_foxy/ros2-osx'), ('AMENT_PREFIX_PATH', '/Users/grigorijhanin/ros2_foxy/ros2-osx'), ('USER', 'grigorijhanin'), ('SSH_AUTH_SOCK', '/private/tmp/com.apple.launchd.4FTQxDEwxH/Listeners'), ('__CF_USER_TEXT_ENCODING', '0x1F5:0x7:0x31'), ('PATH', '/usr/local/bin:/usr/bin:/bin:/usr/sbin:/sbin:/Applications/VMware Fusion.app/Contents/Public:/usr/local/go/bin:/Users/grigorijhanin/ros2_foxy/ros2-osx/bin'), ('DOPENSSL_ROOT_DIR', '/usr/local/opt/openssl'), ('PWD', '/Users/grigorijhanin/gravitsapa/pretty_woman_interfaces/build/pretty_woman_interfaces'), ('COLCON', '1'), ('LANG', 'ru_RU.UTF-8'), ('XPC_FLAGS', '0x0'), ('XPC_SERVICE_NAME', '0'), ('OPENSSL_ROOT_DIR', '/usr/local/opt/openssl'), ('SHLVL', '2'), ('HOME', '/Users/grigorijhanin'), ('VSCODE_GIT_ASKPASS_MAIN', '/Applications/Visual Studio Code.app/Contents/Resources/app/extensions/git/dist/askpass-main.js'), ('ROS_DISTRO', 'foxy'), ('DYLD_LIBRARY_PATH', '/Users/grigorijhanin/ros2_foxy/ros2-osx/opt/yaml_cpp_vendor/lib:/Users/grigorijhanin/ros2_foxy/ros2-osx/opt/rviz_ogre_vendor/lib:/Users/grigorijhanin/ros2_foxy/ros2-osx/lib'), ('PYTHONPATH', '/Users/grigorijhanin/ros2_foxy/ros2-osx/lib/python3.8/site-packages'), ('LOGNAME', 'grigorijhanin'), ('VSCODE_GIT_IPC_HANDLE', '/var/folders/9l/4c76c0l54f79j95fy8d2bt3w0000gn/T/vscode-git-4175134694.sock'), ('PKG_CONFIG_PATH', '/Users/grigorijhanin/ros2_foxy/ros2-osx/lib/pkgconfig'), ('VSCODE_GIT_ASKPASS_NODE', '/Applications/Visual Studio Code.app/Contents/Frameworks/Code Helper (Renderer).app/Contents/MacOS/Code Helper (Renderer)'), ('GIT_ASKPASS', '/Applications/Visual Studio Code.app/Contents/Resources/app/extensions/git/dist/askpass.sh'), ('CMAKE_PREFIX_PATH', '/Users/grigorijhanin/ros2_foxy/ros2-osx'), ('ROS_LOCALHOST_ONLY', '0'), ('DOPENSSL_LIBRARIES', '/usr/local/opt/openssl/lib'), ('COLORTERM', 'truecolor'), ('_', '/usr/bin/env')]), 'shell': False}
[1.018497] (-) TimerEvent: {}
[1.024085] (pretty_woman_interfaces) StdoutLine: {'line': b'-- Install configuration: ""\n'}
[1.024520] (pretty_woman_interfaces) StdoutLine: {'line': b'-- Up-to-date: /Users/grigorijhanin/gravitsapa/pretty_woman_interfaces/install/pretty_woman_interfaces/share/ament_index/resource_index/package_run_dependencies/pretty_woman_interfaces\n'}
[1.024853] (pretty_woman_interfaces) StdoutLine: {'line': b'-- Up-to-date: /Users/grigorijhanin/gravitsapa/pretty_woman_interfaces/install/pretty_woman_interfaces/share/ament_index/resource_index/parent_prefix_path/pretty_woman_interfaces\n'}
[1.025289] (pretty_woman_interfaces) StdoutLine: {'line': b'-- Up-to-date: /Users/grigorijhanin/gravitsapa/pretty_woman_interfaces/install/pretty_woman_interfaces/share/pretty_woman_interfaces/environment/ament_prefix_path.sh\n'}
[1.025827] (pretty_woman_interfaces) StdoutLine: {'line': b'-- Installing: /Users/grigorijhanin/gravitsapa/pretty_woman_interfaces/install/pretty_woman_interfaces/share/pretty_woman_interfaces/environment/ament_prefix_path.dsv\n'}
[1.026162] (pretty_woman_interfaces) StdoutLine: {'line': b'-- Up-to-date: /Users/grigorijhanin/gravitsapa/pretty_woman_interfaces/install/pretty_woman_interfaces/share/pretty_woman_interfaces/environment/path.sh\n'}
[1.026389] (pretty_woman_interfaces) StdoutLine: {'line': b'-- Installing: /Users/grigorijhanin/gravitsapa/pretty_woman_interfaces/install/pretty_woman_interfaces/share/pretty_woman_interfaces/environment/path.dsv\n'}
[1.026583] (pretty_woman_interfaces) StdoutLine: {'line': b'-- Up-to-date: /Users/grigorijhanin/gravitsapa/pretty_woman_interfaces/install/pretty_woman_interfaces/share/pretty_woman_interfaces/local_setup.bash\n'}
[1.026806] (pretty_woman_interfaces) StdoutLine: {'line': b'-- Installing: /Users/grigorijhanin/gravitsapa/pretty_woman_interfaces/install/pretty_woman_interfaces/share/pretty_woman_interfaces/local_setup.sh\n'}
[1.027024] (pretty_woman_interfaces) StdoutLine: {'line': b'-- Up-to-date: /Users/grigorijhanin/gravitsapa/pretty_woman_interfaces/install/pretty_woman_interfaces/share/pretty_woman_interfaces/local_setup.zsh\n'}
[1.027511] (pretty_woman_interfaces) StdoutLine: {'line': b'-- Installing: /Users/grigorijhanin/gravitsapa/pretty_woman_interfaces/install/pretty_woman_interfaces/share/pretty_woman_interfaces/local_setup.dsv\n'}
[1.027734] (pretty_woman_interfaces) StdoutLine: {'line': b'-- Installing: /Users/grigorijhanin/gravitsapa/pretty_woman_interfaces/install/pretty_woman_interfaces/share/pretty_woman_interfaces/package.dsv\n'}
[1.027973] (pretty_woman_interfaces) StdoutLine: {'line': b'-- Up-to-date: /Users/grigorijhanin/gravitsapa/pretty_woman_interfaces/install/pretty_woman_interfaces/share/ament_index/resource_index/packages/pretty_woman_interfaces\n'}
[1.028187] (pretty_woman_interfaces) StdoutLine: {'line': b'-- Installing: /Users/grigorijhanin/gravitsapa/pretty_woman_interfaces/install/pretty_woman_interfaces/share/pretty_woman_interfaces/cmake/ament_cmake_export_dependencies-extras.cmake\n'}
[1.028448] (pretty_woman_interfaces) StdoutLine: {'line': b'-- Installing: /Users/grigorijhanin/gravitsapa/pretty_woman_interfaces/install/pretty_woman_interfaces/share/pretty_woman_interfaces/cmake/pretty_woman_interfacesConfig.cmake\n'}
[1.028742] (pretty_woman_interfaces) StdoutLine: {'line': b'-- Up-to-date: /Users/grigorijhanin/gravitsapa/pretty_woman_interfaces/install/pretty_woman_interfaces/share/pretty_woman_interfaces/cmake/pretty_woman_interfacesConfig-version.cmake\n'}
[1.028925] (pretty_woman_interfaces) StdoutLine: {'line': b'-- Up-to-date: /Users/grigorijhanin/gravitsapa/pretty_woman_interfaces/install/pretty_woman_interfaces/share/pretty_woman_interfaces/package.xml\n'}
[1.031970] (pretty_woman_interfaces) CommandEnded: {'returncode': 0}
[1.119119] (-) TimerEvent: {}
[1.224637] (-) TimerEvent: {}
[1.286860] (pretty_woman_interfaces) JobEnded: {'identifier': 'pretty_woman_interfaces', 'rc': 0}
[1.288530] (-) EventReactorShutdown: {}
