-- Found ament_cmake: 0.9.8 (/Users/grigorijhanin/ros2_foxy/ros2-osx/share/ament_cmake/cmake)
-- Using PYTHON_EXECUTABLE: /usr/local/bin/python3
-- Found ament_lint_auto: 0.9.6 (/Users/grigorijhanin/ros2_foxy/ros2-osx/share/ament_lint_auto/cmake)
-- Found rosidl_default_generators: 1.0.0 (/Users/grigorijhanin/ros2_foxy/ros2-osx/share/rosidl_default_generators/cmake)
-- Using all available rosidl_typesupport_c: rosidl_typesupport_connext_c;rosidl_typesupport_fastrtps_c;rosidl_typesupport_introspection_c
-- Found rosidl_adapter: 1.2.0 (/Users/grigorijhanin/ros2_foxy/ros2-osx/share/rosidl_adapter/cmake)
-- Could not find RTI Connext - skipping rosidl_typesupport_connext_c
-- Could not find RTI Connext - skipping rosidl_typesupport_connext_cpp
-- Found OpenSSL: /usr/lib/libcrypto.dylib (found version "1.1.1i")  
-- Found FastRTPS: /Users/grigorijhanin/ros2_foxy/ros2-osx/include  
-- Using all available rosidl_typesupport_cpp: rosidl_typesupport_connext_cpp;rosidl_typesupport_fastrtps_cpp;rosidl_typesupport_introspection_cpp
-- Added test 'copyright' to check source files copyright and LICENSE
-- Added test 'cppcheck' to perform static code analysis on C / C++ code
-- Configured cppcheck include dirs: 
-- Configured cppcheck exclude dirs and/or files: 
-- Added test 'cpplint' to check C / C++ code against the Google style
-- Configured cpplint exclude dirs and/or files: 
-- Added test 'flake8' to check Python code syntax and style conventions
-- Added test 'lint_cmake' to check CMake code style
-- Added test 'pep257' to check Python code against some of the style conventions in PEP 257
-- Added test 'uncrustify' to check C / C++ code style
-- Configured uncrustify additional arguments: 
-- Added test 'xmllint' to check XML markup files
-- Configuring done
-- Generating done
-- Build files have been written to: /Users/grigorijhanin/gravitsapa/pretty_woman_interfaces/build/pretty_woman_interfaces
-- Install configuration: ""
-- Installing: /Users/grigorijhanin/gravitsapa/pretty_woman_interfaces/install/pretty_woman_interfaces/share/ament_index/resource_index/package_run_dependencies/pretty_woman_interfaces
-- Installing: /Users/grigorijhanin/gravitsapa/pretty_woman_interfaces/install/pretty_woman_interfaces/share/ament_index/resource_index/parent_prefix_path/pretty_woman_interfaces
-- Installing: /Users/grigorijhanin/gravitsapa/pretty_woman_interfaces/install/pretty_woman_interfaces/share/pretty_woman_interfaces/environment/ament_prefix_path.sh
-- Installing: /Users/grigorijhanin/gravitsapa/pretty_woman_interfaces/install/pretty_woman_interfaces/share/pretty_woman_interfaces/environment/ament_prefix_path.dsv
-- Installing: /Users/grigorijhanin/gravitsapa/pretty_woman_interfaces/install/pretty_woman_interfaces/share/pretty_woman_interfaces/environment/path.sh
-- Installing: /Users/grigorijhanin/gravitsapa/pretty_woman_interfaces/install/pretty_woman_interfaces/share/pretty_woman_interfaces/environment/path.dsv
-- Installing: /Users/grigorijhanin/gravitsapa/pretty_woman_interfaces/install/pretty_woman_interfaces/share/pretty_woman_interfaces/local_setup.bash
-- Installing: /Users/grigorijhanin/gravitsapa/pretty_woman_interfaces/install/pretty_woman_interfaces/share/pretty_woman_interfaces/local_setup.sh
-- Installing: /Users/grigorijhanin/gravitsapa/pretty_woman_interfaces/install/pretty_woman_interfaces/share/pretty_woman_interfaces/local_setup.zsh
-- Installing: /Users/grigorijhanin/gravitsapa/pretty_woman_interfaces/install/pretty_woman_interfaces/share/pretty_woman_interfaces/local_setup.dsv
-- Installing: /Users/grigorijhanin/gravitsapa/pretty_woman_interfaces/install/pretty_woman_interfaces/share/pretty_woman_interfaces/package.dsv
-- Installing: /Users/grigorijhanin/gravitsapa/pretty_woman_interfaces/install/pretty_woman_interfaces/share/ament_index/resource_index/packages/pretty_woman_interfaces
-- Installing: /Users/grigorijhanin/gravitsapa/pretty_woman_interfaces/install/pretty_woman_interfaces/share/pretty_woman_interfaces/cmake/ament_cmake_export_dependencies-extras.cmake
-- Installing: /Users/grigorijhanin/gravitsapa/pretty_woman_interfaces/install/pretty_woman_interfaces/share/pretty_woman_interfaces/cmake/pretty_woman_interfacesConfig.cmake
-- Installing: /Users/grigorijhanin/gravitsapa/pretty_woman_interfaces/install/pretty_woman_interfaces/share/pretty_woman_interfaces/cmake/pretty_woman_interfacesConfig-version.cmake
-- Installing: /Users/grigorijhanin/gravitsapa/pretty_woman_interfaces/install/pretty_woman_interfaces/share/pretty_woman_interfaces/package.xml
