[0.059s] Invoking command in '/Users/grigorijhanin/gravitsapa/pretty_woman_interfaces/build/pretty_woman_interfaces': SHLVL=2 _=/usr/bin/env /usr/local/bin/cmake /Users/grigorijhanin/gravitsapa/pretty_woman_interfaces -DCMAKE_INSTALL_PREFIX=/Users/grigorijhanin/gravitsapa/pretty_woman_interfaces/install/pretty_woman_interfaces
[0.121s] -- Found ament_cmake: 0.9.8 (/Users/grigorijhanin/ros2_foxy/ros2-osx/share/ament_cmake/cmake)
[0.162s] -- Using PYTHON_EXECUTABLE: /usr/local/bin/python3
[0.382s] -- Found ament_lint_auto: 0.9.6 (/Users/grigorijhanin/ros2_foxy/ros2-osx/share/ament_lint_auto/cmake)
[0.470s] -- Found rosidl_default_generators: 1.0.0 (/Users/grigorijhanin/ros2_foxy/ros2-osx/share/rosidl_default_generators/cmake)
[0.472s] -- Using all available rosidl_typesupport_c: rosidl_typesupport_connext_c;rosidl_typesupport_fastrtps_c;rosidl_typesupport_introspection_c
[0.477s] -- Found rosidl_adapter: 1.2.0 (/Users/grigorijhanin/ros2_foxy/ros2-osx/share/rosidl_adapter/cmake)
[0.521s] -- Could not find RTI Connext - skipping rosidl_typesupport_connext_c
[0.545s] -- Could not find RTI Connext - skipping rosidl_typesupport_connext_cpp
[0.709s] -- Found OpenSSL: /usr/lib/libcrypto.dylib (found version "1.1.1i")  
[0.823s] -- Found FastRTPS: /Users/grigorijhanin/ros2_foxy/ros2-osx/include  
[1.013s] -- Using all available rosidl_typesupport_cpp: rosidl_typesupport_connext_cpp;rosidl_typesupport_fastrtps_cpp;rosidl_typesupport_introspection_cpp
[1.091s] -- Added test 'copyright' to check source files copyright and LICENSE
[1.104s] -- Added test 'cppcheck' to perform static code analysis on C / C++ code
[1.104s] -- Configured cppcheck include dirs: 
[1.104s] -- Configured cppcheck exclude dirs and/or files: 
[1.117s] -- Added test 'cpplint' to check C / C++ code against the Google style
[1.118s] -- Configured cpplint exclude dirs and/or files: 
[1.121s] -- Added test 'flake8' to check Python code syntax and style conventions
[1.126s] -- Added test 'lint_cmake' to check CMake code style
[1.129s] -- Added test 'pep257' to check Python code against some of the style conventions in PEP 257
[1.143s] -- Added test 'uncrustify' to check C / C++ code style
[1.143s] -- Configured uncrustify additional arguments: 
[1.145s] -- Added test 'xmllint' to check XML markup files
[1.152s] -- Configuring done
[1.165s] -- Generating done
[1.169s] -- Build files have been written to: /Users/grigorijhanin/gravitsapa/pretty_woman_interfaces/build/pretty_woman_interfaces
[1.175s] Invoked command in '/Users/grigorijhanin/gravitsapa/pretty_woman_interfaces/build/pretty_woman_interfaces' returned '0': SHLVL=2 _=/usr/bin/env /usr/local/bin/cmake /Users/grigorijhanin/gravitsapa/pretty_woman_interfaces -DCMAKE_INSTALL_PREFIX=/Users/grigorijhanin/gravitsapa/pretty_woman_interfaces/install/pretty_woman_interfaces
[1.180s] Invoking command in '/Users/grigorijhanin/gravitsapa/pretty_woman_interfaces/build/pretty_woman_interfaces': SHLVL=2 _=/usr/bin/env /usr/local/bin/cmake --build /Users/grigorijhanin/gravitsapa/pretty_woman_interfaces/build/pretty_woman_interfaces -- -j4 -l4
[1.325s] Invoked command in '/Users/grigorijhanin/gravitsapa/pretty_woman_interfaces/build/pretty_woman_interfaces' returned '0': SHLVL=2 _=/usr/bin/env /usr/local/bin/cmake --build /Users/grigorijhanin/gravitsapa/pretty_woman_interfaces/build/pretty_woman_interfaces -- -j4 -l4
[1.525s] Invoking command in '/Users/grigorijhanin/gravitsapa/pretty_woman_interfaces/build/pretty_woman_interfaces': SHLVL=2 _=/usr/bin/env /usr/local/bin/cmake --install /Users/grigorijhanin/gravitsapa/pretty_woman_interfaces/build/pretty_woman_interfaces
[1.539s] -- Install configuration: ""
[1.540s] -- Installing: /Users/grigorijhanin/gravitsapa/pretty_woman_interfaces/install/pretty_woman_interfaces/share/ament_index/resource_index/package_run_dependencies/pretty_woman_interfaces
[1.540s] -- Installing: /Users/grigorijhanin/gravitsapa/pretty_woman_interfaces/install/pretty_woman_interfaces/share/ament_index/resource_index/parent_prefix_path/pretty_woman_interfaces
[1.541s] -- Installing: /Users/grigorijhanin/gravitsapa/pretty_woman_interfaces/install/pretty_woman_interfaces/share/pretty_woman_interfaces/environment/ament_prefix_path.sh
[1.541s] -- Installing: /Users/grigorijhanin/gravitsapa/pretty_woman_interfaces/install/pretty_woman_interfaces/share/pretty_woman_interfaces/environment/ament_prefix_path.dsv
[1.541s] -- Installing: /Users/grigorijhanin/gravitsapa/pretty_woman_interfaces/install/pretty_woman_interfaces/share/pretty_woman_interfaces/environment/path.sh
[1.542s] -- Installing: /Users/grigorijhanin/gravitsapa/pretty_woman_interfaces/install/pretty_woman_interfaces/share/pretty_woman_interfaces/environment/path.dsv
[1.542s] -- Installing: /Users/grigorijhanin/gravitsapa/pretty_woman_interfaces/install/pretty_woman_interfaces/share/pretty_woman_interfaces/local_setup.bash
[1.543s] -- Installing: /Users/grigorijhanin/gravitsapa/pretty_woman_interfaces/install/pretty_woman_interfaces/share/pretty_woman_interfaces/local_setup.sh
[1.543s] -- Installing: /Users/grigorijhanin/gravitsapa/pretty_woman_interfaces/install/pretty_woman_interfaces/share/pretty_woman_interfaces/local_setup.zsh
[1.543s] -- Installing: /Users/grigorijhanin/gravitsapa/pretty_woman_interfaces/install/pretty_woman_interfaces/share/pretty_woman_interfaces/local_setup.dsv
[1.544s] -- Installing: /Users/grigorijhanin/gravitsapa/pretty_woman_interfaces/install/pretty_woman_interfaces/share/pretty_woman_interfaces/package.dsv
[1.544s] -- Installing: /Users/grigorijhanin/gravitsapa/pretty_woman_interfaces/install/pretty_woman_interfaces/share/ament_index/resource_index/packages/pretty_woman_interfaces
[1.545s] -- Installing: /Users/grigorijhanin/gravitsapa/pretty_woman_interfaces/install/pretty_woman_interfaces/share/pretty_woman_interfaces/cmake/ament_cmake_export_dependencies-extras.cmake
[1.545s] -- Installing: /Users/grigorijhanin/gravitsapa/pretty_woman_interfaces/install/pretty_woman_interfaces/share/pretty_woman_interfaces/cmake/pretty_woman_interfacesConfig.cmake
[1.545s] -- Installing: /Users/grigorijhanin/gravitsapa/pretty_woman_interfaces/install/pretty_woman_interfaces/share/pretty_woman_interfaces/cmake/pretty_woman_interfacesConfig-version.cmake
[1.546s] -- Installing: /Users/grigorijhanin/gravitsapa/pretty_woman_interfaces/install/pretty_woman_interfaces/share/pretty_woman_interfaces/package.xml
[1.549s] Invoked command in '/Users/grigorijhanin/gravitsapa/pretty_woman_interfaces/build/pretty_woman_interfaces' returned '0': SHLVL=2 _=/usr/bin/env /usr/local/bin/cmake --install /Users/grigorijhanin/gravitsapa/pretty_woman_interfaces/build/pretty_woman_interfaces
