[0.381s] Invoking command in '/Users/grigorijhanin/gravitsapa/pretty_woman': PYTHONPATH=/Users/grigorijhanin/gravitsapa/pretty_woman/install/pretty_woman/lib/python3.8/site-packages:${PYTHONPATH} SHLVL=2 _=/usr/bin/env /usr/local/opt/python@3.8/bin/python3.8 setup.py egg_info --egg-base build/pretty_woman build --build-base /Users/grigorijhanin/gravitsapa/pretty_woman/build/pretty_woman/build install --prefix /Users/grigorijhanin/gravitsapa/pretty_woman/install/pretty_woman --record /Users/grigorijhanin/gravitsapa/pretty_woman/build/pretty_woman/install.log --single-version-externally-managed
[0.684s] running egg_info
[0.685s] creating build/pretty_woman/pretty_woman.egg-info
[0.685s] writing build/pretty_woman/pretty_woman.egg-info/PKG-INFO
[0.686s] writing dependency_links to build/pretty_woman/pretty_woman.egg-info/dependency_links.txt
[0.686s] writing entry points to build/pretty_woman/pretty_woman.egg-info/entry_points.txt
[0.687s] writing requirements to build/pretty_woman/pretty_woman.egg-info/requires.txt
[0.687s] writing top-level names to build/pretty_woman/pretty_woman.egg-info/top_level.txt
[0.687s] writing manifest file 'build/pretty_woman/pretty_woman.egg-info/SOURCES.txt'
[0.720s] reading manifest file 'build/pretty_woman/pretty_woman.egg-info/SOURCES.txt'
[0.721s] writing manifest file 'build/pretty_woman/pretty_woman.egg-info/SOURCES.txt'
[0.721s] running build
[0.722s] running build_py
[0.722s] creating /Users/grigorijhanin/gravitsapa/pretty_woman/build/pretty_woman/build
[0.722s] creating /Users/grigorijhanin/gravitsapa/pretty_woman/build/pretty_woman/build/lib
[0.722s] creating /Users/grigorijhanin/gravitsapa/pretty_woman/build/pretty_woman/build/lib/pretty_woman
[0.723s] copying pretty_woman/minimal_publisher.py -> /Users/grigorijhanin/gravitsapa/pretty_woman/build/pretty_woman/build/lib/pretty_woman
[0.723s] copying pretty_woman/minimal_subscriber.py -> /Users/grigorijhanin/gravitsapa/pretty_woman/build/pretty_woman/build/lib/pretty_woman
[0.723s] copying pretty_woman/__init__.py -> /Users/grigorijhanin/gravitsapa/pretty_woman/build/pretty_woman/build/lib/pretty_woman
[0.724s] copying pretty_woman/main_node.py -> /Users/grigorijhanin/gravitsapa/pretty_woman/build/pretty_woman/build/lib/pretty_woman
[0.724s] running install
[0.725s] running install_lib
[0.727s] creating /Users/grigorijhanin/gravitsapa/pretty_woman/install/pretty_woman/lib/python3.8/site-packages/pretty_woman
[0.727s] copying /Users/grigorijhanin/gravitsapa/pretty_woman/build/pretty_woman/build/lib/pretty_woman/minimal_publisher.py -> /Users/grigorijhanin/gravitsapa/pretty_woman/install/pretty_woman/lib/python3.8/site-packages/pretty_woman
[0.728s] copying /Users/grigorijhanin/gravitsapa/pretty_woman/build/pretty_woman/build/lib/pretty_woman/minimal_subscriber.py -> /Users/grigorijhanin/gravitsapa/pretty_woman/install/pretty_woman/lib/python3.8/site-packages/pretty_woman
[0.729s] copying /Users/grigorijhanin/gravitsapa/pretty_woman/build/pretty_woman/build/lib/pretty_woman/__init__.py -> /Users/grigorijhanin/gravitsapa/pretty_woman/install/pretty_woman/lib/python3.8/site-packages/pretty_woman
[0.729s] copying /Users/grigorijhanin/gravitsapa/pretty_woman/build/pretty_woman/build/lib/pretty_woman/main_node.py -> /Users/grigorijhanin/gravitsapa/pretty_woman/install/pretty_woman/lib/python3.8/site-packages/pretty_woman
[0.730s] byte-compiling /Users/grigorijhanin/gravitsapa/pretty_woman/install/pretty_woman/lib/python3.8/site-packages/pretty_woman/minimal_publisher.py to minimal_publisher.cpython-38.pyc
[0.731s] byte-compiling /Users/grigorijhanin/gravitsapa/pretty_woman/install/pretty_woman/lib/python3.8/site-packages/pretty_woman/minimal_subscriber.py to minimal_subscriber.cpython-38.pyc
[0.732s] byte-compiling /Users/grigorijhanin/gravitsapa/pretty_woman/install/pretty_woman/lib/python3.8/site-packages/pretty_woman/__init__.py to __init__.cpython-38.pyc
[0.732s] byte-compiling /Users/grigorijhanin/gravitsapa/pretty_woman/install/pretty_woman/lib/python3.8/site-packages/pretty_woman/main_node.py to main_node.cpython-38.pyc
[0.733s] running install_data
[0.735s] creating /Users/grigorijhanin/gravitsapa/pretty_woman/install/pretty_woman/share/ament_index
[0.735s] creating /Users/grigorijhanin/gravitsapa/pretty_woman/install/pretty_woman/share/ament_index/resource_index
[0.736s] creating /Users/grigorijhanin/gravitsapa/pretty_woman/install/pretty_woman/share/ament_index/resource_index/packages
[0.736s] copying resource/pretty_woman -> /Users/grigorijhanin/gravitsapa/pretty_woman/install/pretty_woman/share/ament_index/resource_index/packages
[0.736s] copying package.xml -> /Users/grigorijhanin/gravitsapa/pretty_woman/install/pretty_woman/share/pretty_woman
[0.736s] running install_egg_info
[0.739s] Copying build/pretty_woman/pretty_woman.egg-info to /Users/grigorijhanin/gravitsapa/pretty_woman/install/pretty_woman/lib/python3.8/site-packages/pretty_woman-0.0.0-py3.8.egg-info
[0.743s] running install_scripts
[0.777s] Installing main_node script to /Users/grigorijhanin/gravitsapa/pretty_woman/install/pretty_woman/lib/pretty_woman
[0.777s] Installing minimal_publisher script to /Users/grigorijhanin/gravitsapa/pretty_woman/install/pretty_woman/lib/pretty_woman
[0.778s] Installing minimal_subscriber script to /Users/grigorijhanin/gravitsapa/pretty_woman/install/pretty_woman/lib/pretty_woman
[0.778s] writing list of installed files to '/Users/grigorijhanin/gravitsapa/pretty_woman/build/pretty_woman/install.log'
[0.799s] Invoked command in '/Users/grigorijhanin/gravitsapa/pretty_woman' returned '0': PYTHONPATH=/Users/grigorijhanin/gravitsapa/pretty_woman/install/pretty_woman/lib/python3.8/site-packages:${PYTHONPATH} SHLVL=2 _=/usr/bin/env /usr/local/opt/python@3.8/bin/python3.8 setup.py egg_info --egg-base build/pretty_woman build --build-base /Users/grigorijhanin/gravitsapa/pretty_woman/build/pretty_woman/build install --prefix /Users/grigorijhanin/gravitsapa/pretty_woman/install/pretty_woman --record /Users/grigorijhanin/gravitsapa/pretty_woman/build/pretty_woman/install.log --single-version-externally-managed
