[0.394s] Invoking command in '/Users/grigorijhanin/gravitsapa/pretty_woman': PYTHONPATH=/Users/grigorijhanin/gravitsapa/pretty_woman/install/pretty_woman/lib/python3.8/site-packages:${PYTHONPATH} SHLVL=2 _=/usr/bin/env /usr/local/opt/python@3.8/bin/python3.8 setup.py egg_info --egg-base build/pretty_woman build --build-base /Users/grigorijhanin/gravitsapa/pretty_woman/build/pretty_woman/build install --prefix /Users/grigorijhanin/gravitsapa/pretty_woman/install/pretty_woman --record /Users/grigorijhanin/gravitsapa/pretty_woman/build/pretty_woman/install.log --single-version-externally-managed
[0.677s] running egg_info
[0.678s] writing build/pretty_woman/pretty_woman.egg-info/PKG-INFO
[0.678s] writing dependency_links to build/pretty_woman/pretty_woman.egg-info/dependency_links.txt
[0.678s] writing entry points to build/pretty_woman/pretty_woman.egg-info/entry_points.txt
[0.679s] writing requirements to build/pretty_woman/pretty_woman.egg-info/requires.txt
[0.679s] writing top-level names to build/pretty_woman/pretty_woman.egg-info/top_level.txt
[0.707s] reading manifest file 'build/pretty_woman/pretty_woman.egg-info/SOURCES.txt'
[0.708s] writing manifest file 'build/pretty_woman/pretty_woman.egg-info/SOURCES.txt'
[0.708s] running build
[0.709s] running build_py
[0.709s] copying pretty_woman/main_node.py -> /Users/grigorijhanin/gravitsapa/pretty_woman/build/pretty_woman/build/lib/pretty_woman
[0.714s] copying pretty_woman/test_node.py -> /Users/grigorijhanin/gravitsapa/pretty_woman/build/pretty_woman/build/lib/pretty_woman
[0.718s] running install
[0.718s] running install_lib
[0.720s] copying /Users/grigorijhanin/gravitsapa/pretty_woman/build/pretty_woman/build/lib/pretty_woman/main_node.py -> /Users/grigorijhanin/gravitsapa/pretty_woman/install/pretty_woman/lib/python3.8/site-packages/pretty_woman
[0.721s] copying /Users/grigorijhanin/gravitsapa/pretty_woman/build/pretty_woman/build/lib/pretty_woman/test_node.py -> /Users/grigorijhanin/gravitsapa/pretty_woman/install/pretty_woman/lib/python3.8/site-packages/pretty_woman
[0.721s] byte-compiling /Users/grigorijhanin/gravitsapa/pretty_woman/install/pretty_woman/lib/python3.8/site-packages/pretty_woman/main_node.py to main_node.cpython-38.pyc
[0.722s] byte-compiling /Users/grigorijhanin/gravitsapa/pretty_woman/install/pretty_woman/lib/python3.8/site-packages/pretty_woman/test_node.py to test_node.cpython-38.pyc
[0.723s] running install_data
[0.724s] running install_egg_info
[0.727s] removing '/Users/grigorijhanin/gravitsapa/pretty_woman/install/pretty_woman/lib/python3.8/site-packages/pretty_woman-0.0.0-py3.8.egg-info' (and everything under it)
[0.728s] Copying build/pretty_woman/pretty_woman.egg-info to /Users/grigorijhanin/gravitsapa/pretty_woman/install/pretty_woman/lib/python3.8/site-packages/pretty_woman-0.0.0-py3.8.egg-info
[0.732s] running install_scripts
[0.764s] Installing main_node script to /Users/grigorijhanin/gravitsapa/pretty_woman/install/pretty_woman/lib/pretty_woman
[0.765s] Installing minimal_publisher script to /Users/grigorijhanin/gravitsapa/pretty_woman/install/pretty_woman/lib/pretty_woman
[0.765s] Installing minimal_subscriber script to /Users/grigorijhanin/gravitsapa/pretty_woman/install/pretty_woman/lib/pretty_woman
[0.765s] Installing test_node script to /Users/grigorijhanin/gravitsapa/pretty_woman/install/pretty_woman/lib/pretty_woman
[0.766s] writing list of installed files to '/Users/grigorijhanin/gravitsapa/pretty_woman/build/pretty_woman/install.log'
[0.786s] Invoked command in '/Users/grigorijhanin/gravitsapa/pretty_woman' returned '0': PYTHONPATH=/Users/grigorijhanin/gravitsapa/pretty_woman/install/pretty_woman/lib/python3.8/site-packages:${PYTHONPATH} SHLVL=2 _=/usr/bin/env /usr/local/opt/python@3.8/bin/python3.8 setup.py egg_info --egg-base build/pretty_woman build --build-base /Users/grigorijhanin/gravitsapa/pretty_woman/build/pretty_woman/build install --prefix /Users/grigorijhanin/gravitsapa/pretty_woman/install/pretty_woman --record /Users/grigorijhanin/gravitsapa/pretty_woman/build/pretty_woman/install.log --single-version-externally-managed
