[0.000000] (-) TimerEvent: {}
[0.000290] (-) JobUnselected: {'identifier': 'pretty_woman'}
[0.000370] (pretty_woman_interfaces) JobQueued: {'identifier': 'pretty_woman_interfaces', 'dependencies': OrderedDict()}
[0.000987] (pretty_woman_interfaces) JobStarted: {'identifier': 'pretty_woman_interfaces'}
[0.045862] (pretty_woman_interfaces) JobProgress: {'identifier': 'pretty_woman_interfaces', 'progress': 'cmake'}
[0.046836] (pretty_woman_interfaces) JobProgress: {'identifier': 'pretty_woman_interfaces', 'progress': 'build'}
[0.048780] (pretty_woman_interfaces) Command: {'cmd': ['/usr/local/bin/cmake', '--build', '/Users/grigorijhanin/gravitsapa/build/pretty_woman_interfaces', '--', '-j4', '-l4'], 'cwd': '/Users/grigorijhanin/gravitsapa/build/pretty_woman_interfaces', 'env': OrderedDict([('TERM_PROGRAM', 'vscode'), ('TERM', 'xterm-256color'), ('SHELL', '/bin/zsh'), ('TMPDIR', '/var/folders/9l/4c76c0l54f79j95fy8d2bt3w0000gn/T/'), ('TERM_PROGRAM_VERSION', '1.54.2'), ('ROS_PYTHON_VERSION', '3'), ('ORIGINAL_XDG_CURRENT_DESKTOP', 'undefined'), ('ROS_VERSION', '2'), ('COLCON_PREFIX_PATH', '/Users/grigorijhanin/ros2_foxy/ros2-osx'), ('AMENT_PREFIX_PATH', '/Users/grigorijhanin/ros2_foxy/ros2-osx'), ('USER', 'grigorijhanin'), ('SSH_AUTH_SOCK', '/private/tmp/com.apple.launchd.4FTQxDEwxH/Listeners'), ('__CF_USER_TEXT_ENCODING', '0x1F5:0x7:0x31'), ('PATH', '/usr/local/bin:/usr/bin:/bin:/usr/sbin:/sbin:/Applications/VMware Fusion.app/Contents/Public:/usr/local/go/bin:/Users/grigorijhanin/ros2_foxy/ros2-osx/bin'), ('PWD', '/Users/grigorijhanin/gravitsapa/build/pretty_woman_interfaces'), ('COLCON', '1'), ('LANG', 'ru_RU.UTF-8'), ('XPC_FLAGS', '0x0'), ('XPC_SERVICE_NAME', '0'), ('SHLVL', '2'), ('HOME', '/Users/grigorijhanin'), ('VSCODE_GIT_ASKPASS_MAIN', '/Applications/Visual Studio Code.app/Contents/Resources/app/extensions/git/dist/askpass-main.js'), ('ROS_DISTRO', 'foxy'), ('DYLD_LIBRARY_PATH', '/Users/grigorijhanin/ros2_foxy/ros2-osx/opt/yaml_cpp_vendor/lib:/Users/grigorijhanin/ros2_foxy/ros2-osx/opt/rviz_ogre_vendor/lib:/Users/grigorijhanin/ros2_foxy/ros2-osx/lib'), ('PYTHONPATH', '/Users/grigorijhanin/ros2_foxy/ros2-osx/lib/python3.8/site-packages'), ('LOGNAME', 'grigorijhanin'), ('VSCODE_GIT_IPC_HANDLE', '/var/folders/9l/4c76c0l54f79j95fy8d2bt3w0000gn/T/vscode-git-4175134694.sock'), ('PKG_CONFIG_PATH', '/Users/grigorijhanin/ros2_foxy/ros2-osx/lib/pkgconfig'), ('VSCODE_GIT_ASKPASS_NODE', '/Applications/Visual Studio Code.app/Contents/Frameworks/Code Helper (Renderer).app/Contents/MacOS/Code Helper (Renderer)'), ('GIT_ASKPASS', '/Applications/Visual Studio Code.app/Contents/Resources/app/extensions/git/dist/askpass.sh'), ('CMAKE_PREFIX_PATH', '/Users/grigorijhanin/ros2_foxy/ros2-osx'), ('ROS_LOCALHOST_ONLY', '0'), ('COLORTERM', 'truecolor'), ('_', '/usr/bin/env')]), 'shell': False}
[0.102222] (-) TimerEvent: {}
[0.151324] (pretty_woman_interfaces) StdoutLine: {'line': b'-- Found ament_cmake: 0.9.8 (/Users/grigorijhanin/ros2_foxy/ros2-osx/share/ament_cmake/cmake)\n'}
[0.190318] (pretty_woman_interfaces) StdoutLine: {'line': b'-- Using PYTHON_EXECUTABLE: /usr/local/bin/python3\n'}
[0.202668] (-) TimerEvent: {}
[0.306467] (-) TimerEvent: {}
[0.404924] (pretty_woman_interfaces) StdoutLine: {'line': b'-- Found ament_lint_auto: 0.9.6 (/Users/grigorijhanin/ros2_foxy/ros2-osx/share/ament_lint_auto/cmake)\n'}
[0.406642] (-) TimerEvent: {}
[0.504031] (pretty_woman_interfaces) StdoutLine: {'line': b'-- Found rosidl_default_generators: 1.0.0 (/Users/grigorijhanin/ros2_foxy/ros2-osx/share/rosidl_default_generators/cmake)\n'}
[0.507097] (pretty_woman_interfaces) StdoutLine: {'line': b'-- Using all available rosidl_typesupport_c: rosidl_typesupport_connext_c;rosidl_typesupport_fastrtps_c;rosidl_typesupport_introspection_c\n'}
[0.507259] (-) TimerEvent: {}
[0.512703] (pretty_woman_interfaces) StdoutLine: {'line': b'-- Found rosidl_adapter: 1.2.0 (/Users/grigorijhanin/ros2_foxy/ros2-osx/share/rosidl_adapter/cmake)\n'}
[0.555738] (pretty_woman_interfaces) StdoutLine: {'line': b'-- Could not find RTI Connext - skipping rosidl_typesupport_connext_c\n'}
[0.574137] (pretty_woman_interfaces) StdoutLine: {'line': b'-- Could not find RTI Connext - skipping rosidl_typesupport_connext_cpp\n'}
[0.611195] (-) TimerEvent: {}
[0.711498] (-) TimerEvent: {}
[0.811816] (-) TimerEvent: {}
[0.847820] (pretty_woman_interfaces) StderrLine: {'line': b'CMake Error at /usr/local/Cellar/cmake/3.19.5/share/cmake/Modules/FindPackageHandleStandardArgs.cmake:218 (message):\n'}
[0.848114] (pretty_woman_interfaces) StderrLine: {'line': b'  Could NOT find OpenSSL, try to set the path to OpenSSL root folder in the\n'}
[0.848244] (pretty_woman_interfaces) StderrLine: {'line': b'  system variable OPENSSL_ROOT_DIR (missing: OPENSSL_INCLUDE_DIR)\n'}
[0.848351] (pretty_woman_interfaces) StderrLine: {'line': b'Call Stack (most recent call first):\n'}
[0.848643] (pretty_woman_interfaces) StderrLine: {'line': b'  /usr/local/Cellar/cmake/3.19.5/share/cmake/Modules/FindPackageHandleStandardArgs.cmake:582 (_FPHSA_FAILURE_MESSAGE)\n'}
[0.848751] (pretty_woman_interfaces) StderrLine: {'line': b'  /usr/local/Cellar/cmake/3.19.5/share/cmake/Modules/FindOpenSSL.cmake:536 (find_package_handle_standard_args)\n'}
[0.848884] (pretty_woman_interfaces) StderrLine: {'line': b'  /Users/grigorijhanin/ros2_foxy/ros2-osx/share/fastrtps/cmake/fastrtps-config.cmake:52 (find_package)\n'}
[0.848982] (pretty_woman_interfaces) StderrLine: {'line': b'  /Users/grigorijhanin/ros2_foxy/ros2-osx/share/rosidl_typesupport_fastrtps_c/cmake/rosidl_typesupport_fastrtps_c-extras.cmake:6 (find_package)\n'}
[0.849077] (pretty_woman_interfaces) StderrLine: {'line': b'  /Users/grigorijhanin/ros2_foxy/ros2-osx/share/rosidl_typesupport_fastrtps_c/cmake/rosidl_typesupport_fastrtps_cConfig.cmake:41 (include)\n'}
[0.849166] (pretty_woman_interfaces) StderrLine: {'line': b'  /Users/grigorijhanin/ros2_foxy/ros2-osx/share/rosidl_typesupport_c/cmake/rosidl_typesupport_c-extras.cmake:13 (find_package)\n'}
[0.849256] (pretty_woman_interfaces) StderrLine: {'line': b'  /Users/grigorijhanin/ros2_foxy/ros2-osx/share/rosidl_typesupport_c/cmake/rosidl_typesupport_cConfig.cmake:41 (include)\n'}
[0.849344] (pretty_woman_interfaces) StderrLine: {'line': b'  /Users/grigorijhanin/ros2_foxy/ros2-osx/share/rosidl_default_generators/cmake/rosidl_default_generators-extras.cmake:21 (find_package)\n'}
[0.849431] (pretty_woman_interfaces) StderrLine: {'line': b'  /Users/grigorijhanin/ros2_foxy/ros2-osx/share/rosidl_default_generators/cmake/rosidl_default_generatorsConfig.cmake:41 (include)\n'}
[0.849575] (pretty_woman_interfaces) StderrLine: {'line': b'  CMakeLists.txt:35 (find_package)\n'}
[0.849662] (pretty_woman_interfaces) StderrLine: {'line': b'\n'}
[0.849749] (pretty_woman_interfaces) StderrLine: {'line': b'\n'}
[0.849836] (pretty_woman_interfaces) StdoutLine: {'line': b'-- Configuring incomplete, errors occurred!\n'}
[0.849937] (pretty_woman_interfaces) StdoutLine: {'line': b'See also "/Users/grigorijhanin/gravitsapa/build/pretty_woman_interfaces/CMakeFiles/CMakeOutput.log".\n'}
[0.852352] (pretty_woman_interfaces) StderrLine: {'line': b'make: *** [cmake_check_build_system] Error 1\n'}
[0.853688] (pretty_woman_interfaces) CommandEnded: {'returncode': 2}
[0.916317] (-) TimerEvent: {}
[1.016675] (-) TimerEvent: {}
[1.087089] (pretty_woman_interfaces) JobEnded: {'identifier': 'pretty_woman_interfaces', 'rc': 2}
[1.088835] (-) EventReactorShutdown: {}
