[0.000000] (-) TimerEvent: {}
[0.000245] (-) JobUnselected: {'identifier': 'pretty_woman'}
[0.000911] (pretty_woman_interfaces) JobQueued: {'identifier': 'pretty_woman_interfaces', 'dependencies': OrderedDict()}
[0.000962] (pretty_woman_interfaces) JobStarted: {'identifier': 'pretty_woman_interfaces'}
[0.052993] (pretty_woman_interfaces) JobProgress: {'identifier': 'pretty_woman_interfaces', 'progress': 'cmake'}
[0.055194] (pretty_woman_interfaces) Command: {'cmd': ['/usr/local/bin/cmake', '/Users/grigorijhanin/gravitsapa/pretty_woman_interfaces', '-DCMAKE_INSTALL_PREFIX=/Users/grigorijhanin/gravitsapa/install/pretty_woman_interfaces'], 'cwd': '/Users/grigorijhanin/gravitsapa/build/pretty_woman_interfaces', 'env': OrderedDict([('TERM_PROGRAM', 'vscode'), ('TERM', 'xterm-256color'), ('SHELL', '/bin/zsh'), ('TMPDIR', '/var/folders/9l/4c76c0l54f79j95fy8d2bt3w0000gn/T/'), ('TERM_PROGRAM_VERSION', '1.54.2'), ('ROS_PYTHON_VERSION', '3'), ('ORIGINAL_XDG_CURRENT_DESKTOP', 'undefined'), ('ROS_VERSION', '2'), ('COLCON_PREFIX_PATH', '/Users/grigorijhanin/ros2_foxy/ros2-osx'), ('AMENT_PREFIX_PATH', '/Users/grigorijhanin/ros2_foxy/ros2-osx'), ('USER', 'grigorijhanin'), ('SSH_AUTH_SOCK', '/private/tmp/com.apple.launchd.4FTQxDEwxH/Listeners'), ('__CF_USER_TEXT_ENCODING', '0x1F5:0x7:0x31'), ('PATH', '/usr/local/bin:/usr/bin:/bin:/usr/sbin:/sbin:/Applications/VMware Fusion.app/Contents/Public:/usr/local/go/bin:/Users/grigorijhanin/ros2_foxy/ros2-osx/bin'), ('PWD', '/Users/grigorijhanin/gravitsapa/build/pretty_woman_interfaces'), ('COLCON', '1'), ('LANG', 'ru_RU.UTF-8'), ('XPC_FLAGS', '0x0'), ('XPC_SERVICE_NAME', '0'), ('SHLVL', '2'), ('HOME', '/Users/grigorijhanin'), ('VSCODE_GIT_ASKPASS_MAIN', '/Applications/Visual Studio Code.app/Contents/Resources/app/extensions/git/dist/askpass-main.js'), ('ROS_DISTRO', 'foxy'), ('DYLD_LIBRARY_PATH', '/Users/grigorijhanin/ros2_foxy/ros2-osx/opt/yaml_cpp_vendor/lib:/Users/grigorijhanin/ros2_foxy/ros2-osx/opt/rviz_ogre_vendor/lib:/Users/grigorijhanin/ros2_foxy/ros2-osx/lib'), ('PYTHONPATH', '/Users/grigorijhanin/ros2_foxy/ros2-osx/lib/python3.8/site-packages'), ('LOGNAME', 'grigorijhanin'), ('VSCODE_GIT_IPC_HANDLE', '/var/folders/9l/4c76c0l54f79j95fy8d2bt3w0000gn/T/vscode-git-4175134694.sock'), ('PKG_CONFIG_PATH', '/Users/grigorijhanin/ros2_foxy/ros2-osx/lib/pkgconfig'), ('VSCODE_GIT_ASKPASS_NODE', '/Applications/Visual Studio Code.app/Contents/Frameworks/Code Helper (Renderer).app/Contents/MacOS/Code Helper (Renderer)'), ('GIT_ASKPASS', '/Applications/Visual Studio Code.app/Contents/Resources/app/extensions/git/dist/askpass.sh'), ('CMAKE_PREFIX_PATH', '/Users/grigorijhanin/ros2_foxy/ros2-osx'), ('ROS_LOCALHOST_ONLY', '0'), ('COLORTERM', 'truecolor'), ('_', '/usr/bin/env')]), 'shell': False}
[0.102259] (-) TimerEvent: {}
[0.127125] (pretty_woman_interfaces) StdoutLine: {'line': b'-- Found ament_cmake: 0.9.8 (/Users/grigorijhanin/ros2_foxy/ros2-osx/share/ament_cmake/cmake)\n'}
[0.169313] (pretty_woman_interfaces) StdoutLine: {'line': b'-- Using PYTHON_EXECUTABLE: /usr/local/bin/python3\n'}
[0.202369] (-) TimerEvent: {}
[0.305684] (-) TimerEvent: {}
[0.385995] (pretty_woman_interfaces) StdoutLine: {'line': b'-- Found ament_lint_auto: 0.9.6 (/Users/grigorijhanin/ros2_foxy/ros2-osx/share/ament_lint_auto/cmake)\n'}
[0.406746] (-) TimerEvent: {}
[0.487004] (pretty_woman_interfaces) StdoutLine: {'line': b"-- Added test 'copyright' to check source files copyright and LICENSE\n"}
[0.490449] (pretty_woman_interfaces) StdoutLine: {'line': b"-- Added test 'lint_cmake' to check CMake code style\n"}
[0.492335] (pretty_woman_interfaces) StdoutLine: {'line': b"-- Added test 'xmllint' to check XML markup files\n"}
[0.495623] (pretty_woman_interfaces) StdoutLine: {'line': b'-- Found rosidl_default_generators: 1.0.0 (/Users/grigorijhanin/ros2_foxy/ros2-osx/share/rosidl_default_generators/cmake)\n'}
[0.498327] (pretty_woman_interfaces) StdoutLine: {'line': b'-- Using all available rosidl_typesupport_c: rosidl_typesupport_connext_c;rosidl_typesupport_fastrtps_c;rosidl_typesupport_introspection_c\n'}
[0.502728] (pretty_woman_interfaces) StdoutLine: {'line': b'-- Found rosidl_adapter: 1.2.0 (/Users/grigorijhanin/ros2_foxy/ros2-osx/share/rosidl_adapter/cmake)\n'}
[0.506815] (-) TimerEvent: {}
[0.546007] (pretty_woman_interfaces) StdoutLine: {'line': b'-- Could not find RTI Connext - skipping rosidl_typesupport_connext_c\n'}
[0.566636] (pretty_woman_interfaces) StdoutLine: {'line': b'-- Could not find RTI Connext - skipping rosidl_typesupport_connext_cpp\n'}
[0.608865] (-) TimerEvent: {}
[0.714162] (-) TimerEvent: {}
[0.755497] (pretty_woman_interfaces) StderrLine: {'line': b'CMake Error at /usr/local/Cellar/cmake/3.19.5/share/cmake/Modules/FindPackageHandleStandardArgs.cmake:218 (message):\n'}
[0.755702] (pretty_woman_interfaces) StderrLine: {'line': b'  Could NOT find OpenSSL, try to set the path to OpenSSL root folder in the\n'}
[0.756065] (pretty_woman_interfaces) StderrLine: {'line': b'  system variable OPENSSL_ROOT_DIR (missing: OPENSSL_INCLUDE_DIR)\n'}
[0.756303] (pretty_woman_interfaces) StderrLine: {'line': b'Call Stack (most recent call first):\n'}
[0.756404] (pretty_woman_interfaces) StderrLine: {'line': b'  /usr/local/Cellar/cmake/3.19.5/share/cmake/Modules/FindPackageHandleStandardArgs.cmake:582 (_FPHSA_FAILURE_MESSAGE)\n'}
[0.756497] (pretty_woman_interfaces) StderrLine: {'line': b'  /usr/local/Cellar/cmake/3.19.5/share/cmake/Modules/FindOpenSSL.cmake:536 (find_package_handle_standard_args)\n'}
[0.756618] (pretty_woman_interfaces) StderrLine: {'line': b'  /Users/grigorijhanin/ros2_foxy/ros2-osx/share/fastrtps/cmake/fastrtps-config.cmake:52 (find_package)\n'}
[0.756806] (pretty_woman_interfaces) StderrLine: {'line': b'  /Users/grigorijhanin/ros2_foxy/ros2-osx/share/rosidl_typesupport_fastrtps_c/cmake/rosidl_typesupport_fastrtps_c-extras.cmake:6 (find_package)\n'}
[0.756908] (pretty_woman_interfaces) StderrLine: {'line': b'  /Users/grigorijhanin/ros2_foxy/ros2-osx/share/rosidl_typesupport_fastrtps_c/cmake/rosidl_typesupport_fastrtps_cConfig.cmake:41 (include)\n'}
[0.757002] (pretty_woman_interfaces) StderrLine: {'line': b'  /Users/grigorijhanin/ros2_foxy/ros2-osx/share/rosidl_typesupport_c/cmake/rosidl_typesupport_c-extras.cmake:13 (find_package)\n'}
[0.757093] (pretty_woman_interfaces) StderrLine: {'line': b'  /Users/grigorijhanin/ros2_foxy/ros2-osx/share/rosidl_typesupport_c/cmake/rosidl_typesupport_cConfig.cmake:41 (include)\n'}
[0.757183] (pretty_woman_interfaces) StderrLine: {'line': b'  /Users/grigorijhanin/ros2_foxy/ros2-osx/share/rosidl_default_generators/cmake/rosidl_default_generators-extras.cmake:21 (find_package)\n'}
[0.757272] (pretty_woman_interfaces) StderrLine: {'line': b'  /Users/grigorijhanin/ros2_foxy/ros2-osx/share/rosidl_default_generators/cmake/rosidl_default_generatorsConfig.cmake:41 (include)\n'}
[0.757392] (pretty_woman_interfaces) StderrLine: {'line': b'  CMakeLists.txt:37 (find_package)\n'}
[0.757480] (pretty_woman_interfaces) StderrLine: {'line': b'\n'}
[0.757568] (pretty_woman_interfaces) StderrLine: {'line': b'\n'}
[0.757656] (pretty_woman_interfaces) StdoutLine: {'line': b'-- Configuring incomplete, errors occurred!\n'}
[0.757749] (pretty_woman_interfaces) StdoutLine: {'line': b'See also "/Users/grigorijhanin/gravitsapa/build/pretty_woman_interfaces/CMakeFiles/CMakeOutput.log".\n'}
[0.761065] (pretty_woman_interfaces) CommandEnded: {'returncode': 1}
[0.818200] (-) TimerEvent: {}
[0.846594] (pretty_woman_interfaces) JobEnded: {'identifier': 'pretty_woman_interfaces', 'rc': 1}
[0.848088] (-) EventReactorShutdown: {}
