[0.057s] Invoking command in '/Users/grigorijhanin/gravitsapa/build/pretty_woman_interfaces': SHLVL=2 _=/usr/bin/env /usr/local/bin/cmake /Users/grigorijhanin/gravitsapa/pretty_woman_interfaces -DCMAKE_INSTALL_PREFIX=/Users/grigorijhanin/gravitsapa/install/pretty_woman_interfaces
[0.126s] -- Found ament_cmake: 0.9.8 (/Users/grigorijhanin/ros2_foxy/ros2-osx/share/ament_cmake/cmake)
[0.169s] -- Using PYTHON_EXECUTABLE: /usr/local/bin/python3
[0.385s] -- Found ament_lint_auto: 0.9.6 (/Users/grigorijhanin/ros2_foxy/ros2-osx/share/ament_lint_auto/cmake)
[0.486s] -- Added test 'copyright' to check source files copyright and LICENSE
[0.490s] -- Added test 'lint_cmake' to check CMake code style
[0.491s] -- Added test 'xmllint' to check XML markup files
[0.495s] -- Found rosidl_default_generators: 1.0.0 (/Users/grigorijhanin/ros2_foxy/ros2-osx/share/rosidl_default_generators/cmake)
[0.497s] -- Using all available rosidl_typesupport_c: rosidl_typesupport_connext_c;rosidl_typesupport_fastrtps_c;rosidl_typesupport_introspection_c
[0.502s] -- Found rosidl_adapter: 1.2.0 (/Users/grigorijhanin/ros2_foxy/ros2-osx/share/rosidl_adapter/cmake)
[0.545s] -- Could not find RTI Connext - skipping rosidl_typesupport_connext_c
[0.566s] -- Could not find RTI Connext - skipping rosidl_typesupport_connext_cpp
[0.755s] CMake Error at /usr/local/Cellar/cmake/3.19.5/share/cmake/Modules/FindPackageHandleStandardArgs.cmake:218 (message):
[0.755s]   Could NOT find OpenSSL, try to set the path to OpenSSL root folder in the
[0.755s]   system variable OPENSSL_ROOT_DIR (missing: OPENSSL_INCLUDE_DIR)
[0.755s] Call Stack (most recent call first):
[0.755s]   /usr/local/Cellar/cmake/3.19.5/share/cmake/Modules/FindPackageHandleStandardArgs.cmake:582 (_FPHSA_FAILURE_MESSAGE)
[0.756s]   /usr/local/Cellar/cmake/3.19.5/share/cmake/Modules/FindOpenSSL.cmake:536 (find_package_handle_standard_args)
[0.756s]   /Users/grigorijhanin/ros2_foxy/ros2-osx/share/fastrtps/cmake/fastrtps-config.cmake:52 (find_package)
[0.756s]   /Users/grigorijhanin/ros2_foxy/ros2-osx/share/rosidl_typesupport_fastrtps_c/cmake/rosidl_typesupport_fastrtps_c-extras.cmake:6 (find_package)
[0.756s]   /Users/grigorijhanin/ros2_foxy/ros2-osx/share/rosidl_typesupport_fastrtps_c/cmake/rosidl_typesupport_fastrtps_cConfig.cmake:41 (include)
[0.756s]   /Users/grigorijhanin/ros2_foxy/ros2-osx/share/rosidl_typesupport_c/cmake/rosidl_typesupport_c-extras.cmake:13 (find_package)
[0.756s]   /Users/grigorijhanin/ros2_foxy/ros2-osx/share/rosidl_typesupport_c/cmake/rosidl_typesupport_cConfig.cmake:41 (include)
[0.756s]   /Users/grigorijhanin/ros2_foxy/ros2-osx/share/rosidl_default_generators/cmake/rosidl_default_generators-extras.cmake:21 (find_package)
[0.756s]   /Users/grigorijhanin/ros2_foxy/ros2-osx/share/rosidl_default_generators/cmake/rosidl_default_generatorsConfig.cmake:41 (include)
[0.756s]   CMakeLists.txt:37 (find_package)
[0.757s] 
[0.757s] 
[0.757s] -- Configuring incomplete, errors occurred!
[0.757s] See also "/Users/grigorijhanin/gravitsapa/build/pretty_woman_interfaces/CMakeFiles/CMakeOutput.log".
[0.760s] Invoked command in '/Users/grigorijhanin/gravitsapa/build/pretty_woman_interfaces' returned '1': SHLVL=2 _=/usr/bin/env /usr/local/bin/cmake /Users/grigorijhanin/gravitsapa/pretty_woman_interfaces -DCMAKE_INSTALL_PREFIX=/Users/grigorijhanin/gravitsapa/install/pretty_woman_interfaces
