[0.533s] DEBUG:colcon:Command line arguments: ['/usr/local/bin/colcon', 'list', '-p', '--base-paths', '/Users/grigorijhanin/gravitsapa']
[0.534s] DEBUG:colcon:Parsed command line arguments: Namespace(base_paths=['/Users/grigorijhanin/gravitsapa'], build_base='build', ignore_user_meta=False, log_base=None, log_level=None, main=<bound method ListVerb.main of <colcon_package_information.verb.list.ListVerb object at 0x10fadbb50>>, metas=['./colcon.meta'], names_only=False, packages_above=None, packages_above_and_dependencies=None, packages_above_depth=None, packages_end=None, packages_ignore=None, packages_ignore_regex=None, packages_select=None, packages_select_build_failed=False, packages_select_by_dep=None, packages_select_regex=None, packages_select_test_failures=False, packages_skip=None, packages_skip_build_finished=False, packages_skip_by_dep=None, packages_skip_regex=None, packages_skip_test_passed=False, packages_skip_up_to=None, packages_start=None, packages_up_to=None, packages_up_to_regex=None, paths=None, paths_only=True, topological_graph=False, topological_graph_density=False, topological_graph_dot=False, topological_graph_dot_cluster=False, topological_graph_dot_include_skipped=False, topological_graph_legend=False, topological_order=False, verb_extension=<colcon_package_information.verb.list.ListVerb object at 0x10fadbb50>, verb_name='list', verb_parser=<colcon_defaults.argument_parser.defaults.DefaultArgumentsDecorator object at 0x10faf01f0>)
[0.619s] Level 1:colcon.colcon_core.package_discovery:discover_packages(colcon_meta) check parameters
[0.619s] Level 1:colcon.colcon_core.package_discovery:discover_packages(recursive) check parameters
[0.620s] Level 1:colcon.colcon_core.package_discovery:discover_packages(ignore) check parameters
[0.620s] Level 1:colcon.colcon_core.package_discovery:discover_packages(path) check parameters
[0.620s] Level 1:colcon.colcon_core.package_discovery:discover_packages(recursive) discover
[0.620s] INFO:colcon.colcon_core.package_discovery:Crawling recursively for packages in '/Users/grigorijhanin/gravitsapa'
[0.620s] Level 1:colcon.colcon_core.package_identification:_identify(/Users/grigorijhanin/gravitsapa) by extensions ['ignore', 'ignore_ament_install']
[0.620s] Level 1:colcon.colcon_core.package_identification:_identify(/Users/grigorijhanin/gravitsapa) by extension 'ignore'
[0.620s] Level 1:colcon.colcon_core.package_identification:_identify(/Users/grigorijhanin/gravitsapa) by extension 'ignore_ament_install'
[0.620s] Level 1:colcon.colcon_core.package_identification:_identify(/Users/grigorijhanin/gravitsapa) by extensions ['colcon_pkg']
[0.620s] Level 1:colcon.colcon_core.package_identification:_identify(/Users/grigorijhanin/gravitsapa) by extension 'colcon_pkg'
[0.620s] Level 1:colcon.colcon_core.package_identification:_identify(/Users/grigorijhanin/gravitsapa) by extensions ['colcon_meta']
[0.621s] Level 1:colcon.colcon_core.package_identification:_identify(/Users/grigorijhanin/gravitsapa) by extension 'colcon_meta'
[0.621s] Level 1:colcon.colcon_core.package_identification:_identify(/Users/grigorijhanin/gravitsapa) by extensions ['ros']
[0.621s] Level 1:colcon.colcon_core.package_identification:_identify(/Users/grigorijhanin/gravitsapa) by extension 'ros'
[0.654s] Level 1:colcon.colcon_core.package_identification:_identify(/Users/grigorijhanin/gravitsapa) by extensions ['cmake', 'python']
[0.654s] Level 1:colcon.colcon_core.package_identification:_identify(/Users/grigorijhanin/gravitsapa) by extension 'cmake'
[0.654s] Level 1:colcon.colcon_core.package_identification:_identify(/Users/grigorijhanin/gravitsapa) by extension 'python'
[0.654s] Level 1:colcon.colcon_core.package_identification:_identify(/Users/grigorijhanin/gravitsapa) by extensions ['python_setup_py']
[0.654s] Level 1:colcon.colcon_core.package_identification:_identify(/Users/grigorijhanin/gravitsapa) by extension 'python_setup_py'
[0.654s] Level 1:colcon.colcon_core.package_identification:_identify(/Users/grigorijhanin/gravitsapa/3D models) by extensions ['ignore', 'ignore_ament_install']
[0.655s] Level 1:colcon.colcon_core.package_identification:_identify(/Users/grigorijhanin/gravitsapa/3D models) by extension 'ignore'
[0.655s] Level 1:colcon.colcon_core.package_identification:_identify(/Users/grigorijhanin/gravitsapa/3D models) by extension 'ignore_ament_install'
[0.655s] Level 1:colcon.colcon_core.package_identification:_identify(/Users/grigorijhanin/gravitsapa/3D models) by extensions ['colcon_pkg']
[0.655s] Level 1:colcon.colcon_core.package_identification:_identify(/Users/grigorijhanin/gravitsapa/3D models) by extension 'colcon_pkg'
[0.655s] Level 1:colcon.colcon_core.package_identification:_identify(/Users/grigorijhanin/gravitsapa/3D models) by extensions ['colcon_meta']
[0.655s] Level 1:colcon.colcon_core.package_identification:_identify(/Users/grigorijhanin/gravitsapa/3D models) by extension 'colcon_meta'
[0.655s] Level 1:colcon.colcon_core.package_identification:_identify(/Users/grigorijhanin/gravitsapa/3D models) by extensions ['ros']
[0.655s] Level 1:colcon.colcon_core.package_identification:_identify(/Users/grigorijhanin/gravitsapa/3D models) by extension 'ros'
[0.655s] Level 1:colcon.colcon_core.package_identification:_identify(/Users/grigorijhanin/gravitsapa/3D models) by extensions ['cmake', 'python']
[0.656s] Level 1:colcon.colcon_core.package_identification:_identify(/Users/grigorijhanin/gravitsapa/3D models) by extension 'cmake'
[0.656s] Level 1:colcon.colcon_core.package_identification:_identify(/Users/grigorijhanin/gravitsapa/3D models) by extension 'python'
[0.656s] Level 1:colcon.colcon_core.package_identification:_identify(/Users/grigorijhanin/gravitsapa/3D models) by extensions ['python_setup_py']
[0.656s] Level 1:colcon.colcon_core.package_identification:_identify(/Users/grigorijhanin/gravitsapa/3D models) by extension 'python_setup_py'
[0.656s] Level 1:colcon.colcon_core.package_identification:_identify(/Users/grigorijhanin/gravitsapa/images) by extensions ['ignore', 'ignore_ament_install']
[0.656s] Level 1:colcon.colcon_core.package_identification:_identify(/Users/grigorijhanin/gravitsapa/images) by extension 'ignore'
[0.656s] Level 1:colcon.colcon_core.package_identification:_identify(/Users/grigorijhanin/gravitsapa/images) by extension 'ignore_ament_install'
[0.656s] Level 1:colcon.colcon_core.package_identification:_identify(/Users/grigorijhanin/gravitsapa/images) by extensions ['colcon_pkg']
[0.656s] Level 1:colcon.colcon_core.package_identification:_identify(/Users/grigorijhanin/gravitsapa/images) by extension 'colcon_pkg'
[0.656s] Level 1:colcon.colcon_core.package_identification:_identify(/Users/grigorijhanin/gravitsapa/images) by extensions ['colcon_meta']
[0.656s] Level 1:colcon.colcon_core.package_identification:_identify(/Users/grigorijhanin/gravitsapa/images) by extension 'colcon_meta'
[0.656s] Level 1:colcon.colcon_core.package_identification:_identify(/Users/grigorijhanin/gravitsapa/images) by extensions ['ros']
[0.657s] Level 1:colcon.colcon_core.package_identification:_identify(/Users/grigorijhanin/gravitsapa/images) by extension 'ros'
[0.657s] Level 1:colcon.colcon_core.package_identification:_identify(/Users/grigorijhanin/gravitsapa/images) by extensions ['cmake', 'python']
[0.657s] Level 1:colcon.colcon_core.package_identification:_identify(/Users/grigorijhanin/gravitsapa/images) by extension 'cmake'
[0.657s] Level 1:colcon.colcon_core.package_identification:_identify(/Users/grigorijhanin/gravitsapa/images) by extension 'python'
[0.657s] Level 1:colcon.colcon_core.package_identification:_identify(/Users/grigorijhanin/gravitsapa/images) by extensions ['python_setup_py']
[0.657s] Level 1:colcon.colcon_core.package_identification:_identify(/Users/grigorijhanin/gravitsapa/images) by extension 'python_setup_py'
[0.657s] Level 1:colcon.colcon_core.package_identification:_identify(/Users/grigorijhanin/gravitsapa/log) by extensions ['ignore', 'ignore_ament_install']
[0.657s] Level 1:colcon.colcon_core.package_identification:_identify(/Users/grigorijhanin/gravitsapa/log) by extension 'ignore'
[0.657s] Level 1:colcon.colcon_core.package_identification:_identify(/Users/grigorijhanin/gravitsapa/log) ignored
[0.658s] Level 1:colcon.colcon_core.package_identification:_identify(/Users/grigorijhanin/gravitsapa/pretty_woman) by extensions ['ignore', 'ignore_ament_install']
[0.658s] Level 1:colcon.colcon_core.package_identification:_identify(/Users/grigorijhanin/gravitsapa/pretty_woman) by extension 'ignore'
[0.658s] Level 1:colcon.colcon_core.package_identification:_identify(/Users/grigorijhanin/gravitsapa/pretty_woman) by extension 'ignore_ament_install'
[0.658s] Level 1:colcon.colcon_core.package_identification:_identify(/Users/grigorijhanin/gravitsapa/pretty_woman) by extensions ['colcon_pkg']
[0.658s] Level 1:colcon.colcon_core.package_identification:_identify(/Users/grigorijhanin/gravitsapa/pretty_woman) by extension 'colcon_pkg'
[0.658s] Level 1:colcon.colcon_core.package_identification:_identify(/Users/grigorijhanin/gravitsapa/pretty_woman) by extensions ['colcon_meta']
[0.658s] Level 1:colcon.colcon_core.package_identification:_identify(/Users/grigorijhanin/gravitsapa/pretty_woman) by extension 'colcon_meta'
[0.658s] Level 1:colcon.colcon_core.package_identification:_identify(/Users/grigorijhanin/gravitsapa/pretty_woman) by extensions ['ros']
[0.658s] Level 1:colcon.colcon_core.package_identification:_identify(/Users/grigorijhanin/gravitsapa/pretty_woman) by extension 'ros'
[0.663s] DEBUG:colcon.colcon_core.package_identification:Package '/Users/grigorijhanin/gravitsapa/pretty_woman' with type 'ros.ament_python' and name 'pretty_woman'
[0.663s] Level 1:colcon.colcon_core.package_discovery:discover_packages(recursive) using defaults
