[0.000000] (-) TimerEvent: {}
[0.000260] (-) JobUnselected: {'identifier': 'pretty_woman'}
[0.000527] (pretty_woman_interfaces) JobQueued: {'identifier': 'pretty_woman_interfaces', 'dependencies': OrderedDict()}
[0.000985] (pretty_woman_interfaces) JobStarted: {'identifier': 'pretty_woman_interfaces'}
[0.045393] (pretty_woman_interfaces) JobProgress: {'identifier': 'pretty_woman_interfaces', 'progress': 'cmake'}
[0.065239] (pretty_woman_interfaces) JobProgress: {'identifier': 'pretty_woman_interfaces', 'progress': 'build'}
[0.067410] (pretty_woman_interfaces) Command: {'cmd': ['/usr/local/bin/cmake', '--build', '/Users/grigorijhanin/gravitsapa/build/pretty_woman_interfaces', '--', '-j4', '-l4'], 'cwd': '/Users/grigorijhanin/gravitsapa/build/pretty_woman_interfaces', 'env': OrderedDict([('TERM_PROGRAM', 'vscode'), ('TERM', 'xterm-256color'), ('SHELL', '/bin/zsh'), ('TMPDIR', '/var/folders/9l/4c76c0l54f79j95fy8d2bt3w0000gn/T/'), ('TERM_PROGRAM_VERSION', '1.54.2'), ('ROS_PYTHON_VERSION', '3'), ('ORIGINAL_XDG_CURRENT_DESKTOP', 'undefined'), ('ROS_VERSION', '2'), ('COLCON_PREFIX_PATH', '/Users/grigorijhanin/ros2_foxy/ros2-osx'), ('AMENT_PREFIX_PATH', '/Users/grigorijhanin/ros2_foxy/ros2-osx'), ('USER', 'grigorijhanin'), ('SSH_AUTH_SOCK', '/private/tmp/com.apple.launchd.4FTQxDEwxH/Listeners'), ('__CF_USER_TEXT_ENCODING', '0x1F5:0x7:0x31'), ('PATH', '/usr/local/bin:/usr/bin:/bin:/usr/sbin:/sbin:/Applications/VMware Fusion.app/Contents/Public:/usr/local/go/bin:/Users/grigorijhanin/ros2_foxy/ros2-osx/bin'), ('DOPENSSL_ROOT_DIR', '/usr/local/opt/openssl'), ('PWD', '/Users/grigorijhanin/gravitsapa/build/pretty_woman_interfaces'), ('COLCON', '1'), ('LANG', 'ru_RU.UTF-8'), ('XPC_FLAGS', '0x0'), ('OPENSSL_LIBRARIES', '/usr/local/opt/openssl/lib'), ('XPC_SERVICE_NAME', '0'), ('OPENSSL_ROOT_DIR', '/usr/local/opt/openssl'), ('SHLVL', '2'), ('HOME', '/Users/grigorijhanin'), ('VSCODE_GIT_ASKPASS_MAIN', '/Applications/Visual Studio Code.app/Contents/Resources/app/extensions/git/dist/askpass-main.js'), ('ROS_DISTRO', 'foxy'), ('DYLD_LIBRARY_PATH', '/Users/grigorijhanin/ros2_foxy/ros2-osx/opt/yaml_cpp_vendor/lib:/Users/grigorijhanin/ros2_foxy/ros2-osx/opt/rviz_ogre_vendor/lib:/Users/grigorijhanin/ros2_foxy/ros2-osx/lib'), ('PYTHONPATH', '/Users/grigorijhanin/ros2_foxy/ros2-osx/lib/python3.8/site-packages'), ('LOGNAME', 'grigorijhanin'), ('VSCODE_GIT_IPC_HANDLE', '/var/folders/9l/4c76c0l54f79j95fy8d2bt3w0000gn/T/vscode-git-4175134694.sock'), ('PKG_CONFIG_PATH', '/Users/grigorijhanin/ros2_foxy/ros2-osx/lib/pkgconfig'), ('VSCODE_GIT_ASKPASS_NODE', '/Applications/Visual Studio Code.app/Contents/Frameworks/Code Helper (Renderer).app/Contents/MacOS/Code Helper (Renderer)'), ('GIT_ASKPASS', '/Applications/Visual Studio Code.app/Contents/Resources/app/extensions/git/dist/askpass.sh'), ('CMAKE_PREFIX_PATH', '/Users/grigorijhanin/ros2_foxy/ros2-osx'), ('ROS_LOCALHOST_ONLY', '0'), ('DOPENSSL_LIBRARIES', '/usr/local/opt/openssl/lib'), ('COLORTERM', 'truecolor'), ('_', '/usr/bin/env')]), 'shell': False}
[0.099591] (-) TimerEvent: {}
[0.164270] (pretty_woman_interfaces) StdoutLine: {'line': b'-- Found ament_cmake: 0.9.8 (/Users/grigorijhanin/ros2_foxy/ros2-osx/share/ament_cmake/cmake)\n'}
[0.202407] (-) TimerEvent: {}
[0.202934] (pretty_woman_interfaces) StdoutLine: {'line': b'-- Using PYTHON_EXECUTABLE: /usr/local/bin/python3\n'}
[0.302916] (-) TimerEvent: {}
[0.403708] (-) TimerEvent: {}
[0.416360] (pretty_woman_interfaces) StdoutLine: {'line': b'-- Found ament_lint_auto: 0.9.6 (/Users/grigorijhanin/ros2_foxy/ros2-osx/share/ament_lint_auto/cmake)\n'}
[0.501982] (pretty_woman_interfaces) StdoutLine: {'line': b'-- Found rosidl_default_generators: 1.0.0 (/Users/grigorijhanin/ros2_foxy/ros2-osx/share/rosidl_default_generators/cmake)\n'}
[0.503780] (-) TimerEvent: {}
[0.505102] (pretty_woman_interfaces) StdoutLine: {'line': b'-- Using all available rosidl_typesupport_c: rosidl_typesupport_connext_c;rosidl_typesupport_fastrtps_c;rosidl_typesupport_introspection_c\n'}
[0.509545] (pretty_woman_interfaces) StdoutLine: {'line': b'-- Found rosidl_adapter: 1.2.0 (/Users/grigorijhanin/ros2_foxy/ros2-osx/share/rosidl_adapter/cmake)\n'}
[0.550754] (pretty_woman_interfaces) StdoutLine: {'line': b'-- Could not find RTI Connext - skipping rosidl_typesupport_connext_c\n'}
[0.570011] (pretty_woman_interfaces) StdoutLine: {'line': b'-- Could not find RTI Connext - skipping rosidl_typesupport_connext_cpp\n'}
[0.603982] (-) TimerEvent: {}
[0.704274] (-) TimerEvent: {}
[0.736951] (pretty_woman_interfaces) StdoutLine: {'line': b'-- Found OpenSSL: /usr/lib/libcrypto.dylib (found version "1.1.1i")  \n'}
[0.809338] (-) TimerEvent: {}
[0.853152] (pretty_woman_interfaces) StdoutLine: {'line': b'-- Found FastRTPS: /Users/grigorijhanin/ros2_foxy/ros2-osx/include  \n'}
[0.912511] (-) TimerEvent: {}
[1.017431] (pretty_woman_interfaces) StdoutLine: {'line': b'-- Using all available rosidl_typesupport_cpp: rosidl_typesupport_connext_cpp;rosidl_typesupport_fastrtps_cpp;rosidl_typesupport_introspection_cpp\n'}
[1.017612] (-) TimerEvent: {}
[1.111589] (pretty_woman_interfaces) StdoutLine: {'line': b'-- Found PythonInterp: /usr/local/bin/python3 (found version "3.8.7") \n'}
[1.118535] (-) TimerEvent: {}
[1.210652] (pretty_woman_interfaces) StdoutLine: {'line': b'-- Found ament_cmake_ros: 0.9.0 (/Users/grigorijhanin/ros2_foxy/ros2-osx/share/ament_cmake_ros/cmake)\n'}
[1.220506] (-) TimerEvent: {}
[1.325693] (-) TimerEvent: {}
[1.426272] (-) TimerEvent: {}
[1.480682] (pretty_woman_interfaces) StdoutLine: {'line': b'-- Using all available rosidl_typesupport_c: rosidl_typesupport_connext_c;rosidl_typesupport_fastrtps_c;rosidl_typesupport_introspection_c\n'}
[1.498924] (pretty_woman_interfaces) StdoutLine: {'line': b'-- Using all available rosidl_typesupport_cpp: rosidl_typesupport_connext_cpp;rosidl_typesupport_fastrtps_cpp;rosidl_typesupport_introspection_cpp\n'}
[1.527345] (-) TimerEvent: {}
[1.541598] (pretty_woman_interfaces) StdoutLine: {'line': b'-- Found PythonInterp: /usr/local/bin/python3 (found suitable version "3.8.7", minimum required is "3.5") \n'}
[1.549311] (pretty_woman_interfaces) StdoutLine: {'line': b'-- Found python_cmake_module: 0.8.0 (/Users/grigorijhanin/ros2_foxy/ros2-osx/share/python_cmake_module/cmake)\n'}
[1.629849] (-) TimerEvent: {}
[1.631304] (pretty_woman_interfaces) StdoutLine: {'line': b'-- Using PythonExtra_INCLUDE_DIRS: /usr/local/Cellar/python@3.8/3.8.7_2/Frameworks/Python.framework/Versions/3.8/include/python3.8;/usr/local/Cellar/python@3.8/3.8.7_2/Frameworks/Python.framework/Versions/3.8/include/python3.8\n'}
[1.681388] (pretty_woman_interfaces) StdoutLine: {'line': b'-- Using PythonExtra_LIBRARIES: /usr/local/opt/python@3.8/Frameworks/Python.framework/Versions/3.8/lib/python3.8/config-3.8-darwin/libpython3.8.dylib\n'}
[1.722689] (pretty_woman_interfaces) StdoutLine: {'line': b'-- Found PythonExtra: .so  \n'}
[1.729957] (-) TimerEvent: {}
[1.832636] (-) TimerEvent: {}
[1.933192] (-) TimerEvent: {}
[2.033600] (-) TimerEvent: {}
[2.136106] (-) TimerEvent: {}
[2.236394] (-) TimerEvent: {}
[2.320750] (pretty_woman_interfaces) StdoutLine: {'line': b'-- Using numpy include directory: /Users/grigorijhanin/Library/Python/3.8/lib/python/site-packages/numpy/core/include\n'}
[2.336256] (pretty_woman_interfaces) StdoutLine: {'line': b"-- Added test 'copyright' to check source files copyright and LICENSE\n"}
[2.336442] (-) TimerEvent: {}
[2.404288] (pretty_woman_interfaces) StdoutLine: {'line': b"-- Added test 'cppcheck' to perform static code analysis on C / C++ code\n"}
[2.405590] (pretty_woman_interfaces) StdoutLine: {'line': b'-- Configured cppcheck include dirs: \n'}
[2.405800] (pretty_woman_interfaces) StdoutLine: {'line': b'-- Configured cppcheck exclude dirs and/or files: \n'}
[2.441503] (-) TimerEvent: {}
[2.466749] (pretty_woman_interfaces) StdoutLine: {'line': b"-- Added test 'cpplint' to check C / C++ code against the Google style\n"}
[2.466966] (pretty_woman_interfaces) StdoutLine: {'line': b'-- Configured cpplint exclude dirs and/or files: \n'}
[2.475250] (pretty_woman_interfaces) StdoutLine: {'line': b"-- Added test 'flake8' to check Python code syntax and style conventions\n"}
[2.491963] (pretty_woman_interfaces) StdoutLine: {'line': b"-- Added test 'lint_cmake' to check CMake code style\n"}
[2.499722] (pretty_woman_interfaces) StdoutLine: {'line': b"-- Added test 'pep257' to check Python code against some of the style conventions in PEP 257\n"}
[2.541974] (-) TimerEvent: {}
[2.562558] (pretty_woman_interfaces) StdoutLine: {'line': b"-- Added test 'uncrustify' to check C / C++ code style\n"}
[2.562755] (pretty_woman_interfaces) StdoutLine: {'line': b'-- Configured uncrustify additional arguments: \n'}
[2.571271] (pretty_woman_interfaces) StdoutLine: {'line': b"-- Added test 'xmllint' to check XML markup files\n"}
[2.588653] (pretty_woman_interfaces) StdoutLine: {'line': b'-- Configuring done\n'}
[2.642499] (-) TimerEvent: {}
[2.697390] (pretty_woman_interfaces) StdoutLine: {'line': b'-- Generating done\n'}
[2.707864] (pretty_woman_interfaces) StdoutLine: {'line': b'-- Build files have been written to: /Users/grigorijhanin/gravitsapa/build/pretty_woman_interfaces\n'}
[2.742742] (-) TimerEvent: {}
[2.780991] (pretty_woman_interfaces) StdoutLine: {'line': b'[  3%] Generating C code for ROS interfaces\n'}
[2.783459] (pretty_woman_interfaces) StdoutLine: {'line': b'Scanning dependencies of target pretty_woman_interfaces__cpp\n'}
[2.821693] (pretty_woman_interfaces) StdoutLine: {'line': b'[  6%] Generating C++ code for ROS interfaces\n'}
[2.847805] (-) TimerEvent: {}
[2.952920] (-) TimerEvent: {}
[3.053738] (-) TimerEvent: {}
[3.154183] (-) TimerEvent: {}
[3.175322] (pretty_woman_interfaces) StdoutLine: {'line': b'Scanning dependencies of target pretty_woman_interfaces__rosidl_generator_c\n'}
[3.186334] (pretty_woman_interfaces) StdoutLine: {'line': b'[  6%] Built target pretty_woman_interfaces__cpp\n'}
[3.237250] (pretty_woman_interfaces) StdoutLine: {'line': b'[  9%] Building C object CMakeFiles/pretty_woman_interfaces__rosidl_generator_c.dir/rosidl_generator_c/pretty_woman_interfaces/srv/detail/interface_serial__functions.c.o\n'}
[3.241558] (pretty_woman_interfaces) StdoutLine: {'line': b'[ 12%] Generating C++ type support for eProsima Fast-RTPS\n'}
[3.242977] (pretty_woman_interfaces) StdoutLine: {'line': b'[ 16%] Generating C++ type support dispatch for ROS interfaces\n'}
[3.252693] (pretty_woman_interfaces) StdoutLine: {'line': b'[ 19%] Generating C++ introspection for ROS interfaces\n'}
[3.255232] (-) TimerEvent: {}
[3.356297] (-) TimerEvent: {}
[3.457401] (-) TimerEvent: {}
[3.559107] (-) TimerEvent: {}
[3.614905] (pretty_woman_interfaces) StdoutLine: {'line': b'Scanning dependencies of target pretty_woman_interfaces__rosidl_typesupport_cpp\n'}
[3.662683] (-) TimerEvent: {}
[3.667411] (pretty_woman_interfaces) StdoutLine: {'line': b'Scanning dependencies of target pretty_woman_interfaces__rosidl_typesupport_introspection_cpp\n'}
[3.685782] (pretty_woman_interfaces) StdoutLine: {'line': b'[ 22%] Building CXX object CMakeFiles/pretty_woman_interfaces__rosidl_typesupport_cpp.dir/rosidl_typesupport_cpp/pretty_woman_interfaces/srv/interface_serial__type_support.cpp.o\n'}
[3.702361] (pretty_woman_interfaces) StdoutLine: {'line': b'Scanning dependencies of target pretty_woman_interfaces__rosidl_typesupport_fastrtps_cpp\n'}
[3.715337] (pretty_woman_interfaces) StdoutLine: {'line': b'[ 25%] Linking C shared library libpretty_woman_interfaces__rosidl_generator_c.dylib\n'}
[3.719930] (pretty_woman_interfaces) StdoutLine: {'line': b'[ 29%] Building CXX object CMakeFiles/pretty_woman_interfaces__rosidl_typesupport_introspection_cpp.dir/rosidl_typesupport_introspection_cpp/pretty_woman_interfaces/srv/detail/interface_serial__type_support.cpp.o\n'}
[3.756736] (pretty_woman_interfaces) StdoutLine: {'line': b'[ 32%] Building CXX object CMakeFiles/pretty_woman_interfaces__rosidl_typesupport_fastrtps_cpp.dir/rosidl_typesupport_fastrtps_cpp/pretty_woman_interfaces/srv/detail/dds_fastrtps/interface_serial__type_support.cpp.o\n'}
[3.763222] (-) TimerEvent: {}
[3.863707] (-) TimerEvent: {}
[3.911668] (pretty_woman_interfaces) StdoutLine: {'line': b'[ 32%] Built target pretty_woman_interfaces__rosidl_generator_c\n'}
[3.945600] (pretty_woman_interfaces) StdoutLine: {'line': b'[ 35%] Generating C introspection for ROS interfaces\n'}
[3.966169] (-) TimerEvent: {}
[4.067243] (-) TimerEvent: {}
[4.170013] (-) TimerEvent: {}
[4.270555] (-) TimerEvent: {}
[4.371325] (-) TimerEvent: {}
[4.389319] (pretty_woman_interfaces) StdoutLine: {'line': b'[ 38%] Linking CXX shared library libpretty_woman_interfaces__rosidl_typesupport_cpp.dylib\n'}
[4.395041] (pretty_woman_interfaces) StdoutLine: {'line': b'Scanning dependencies of target pretty_woman_interfaces__rosidl_typesupport_introspection_c\n'}
[4.440002] (pretty_woman_interfaces) StdoutLine: {'line': b'[ 41%] Building C object CMakeFiles/pretty_woman_interfaces__rosidl_typesupport_introspection_c.dir/rosidl_typesupport_introspection_c/pretty_woman_interfaces/srv/detail/interface_serial__type_support.c.o\n'}
[4.471188] (pretty_woman_interfaces) StdoutLine: {'line': b'[ 45%] Linking CXX shared library libpretty_woman_interfaces__rosidl_typesupport_introspection_cpp.dylib\n'}
[4.471388] (-) TimerEvent: {}
[4.499551] (pretty_woman_interfaces) StdoutLine: {'line': b'[ 45%] Built target pretty_woman_interfaces__rosidl_typesupport_cpp\n'}
[4.531208] (pretty_woman_interfaces) StdoutLine: {'line': b'[ 48%] Linking C shared library libpretty_woman_interfaces__rosidl_typesupport_introspection_c.dylib\n'}
[4.546769] (pretty_woman_interfaces) StdoutLine: {'line': b'[ 51%] Generating C type support dispatch for ROS interfaces\n'}
[4.571702] (-) TimerEvent: {}
[4.586258] (pretty_woman_interfaces) StdoutLine: {'line': b'[ 51%] Built target pretty_woman_interfaces__rosidl_typesupport_introspection_cpp\n'}
[4.639497] (pretty_woman_interfaces) StdoutLine: {'line': b'[ 51%] Built target pretty_woman_interfaces__rosidl_typesupport_introspection_c\n'}
[4.671797] (-) TimerEvent: {}
[4.774273] (-) TimerEvent: {}
[4.861941] (pretty_woman_interfaces) StdoutLine: {'line': b'[ 54%] Linking CXX shared library libpretty_woman_interfaces__rosidl_typesupport_fastrtps_cpp.dylib\n'}
[4.871414] (pretty_woman_interfaces) StdoutLine: {'line': b'Scanning dependencies of target pretty_woman_interfaces__rosidl_typesupport_c\n'}
[4.874992] (-) TimerEvent: {}
[4.918206] (pretty_woman_interfaces) StdoutLine: {'line': b'[ 58%] Building CXX object CMakeFiles/pretty_woman_interfaces__rosidl_typesupport_c.dir/rosidl_typesupport_c/pretty_woman_interfaces/srv/interface_serial__type_support.cpp.o\n'}
[4.928552] (pretty_woman_interfaces) StderrLine: {'line': b'ld: cannot link directly with dylib/framework, your binary is not an allowed client of /usr/lib/libcrypto.dylib for architecture x86_64\n'}
[4.929074] (pretty_woman_interfaces) StderrLine: {'line': b'clang: error: linker command failed with exit code 1 (use -v to see invocation)\n'}
[4.931031] (pretty_woman_interfaces) StderrLine: {'line': b'make[2]: *** [libpretty_woman_interfaces__rosidl_typesupport_fastrtps_cpp.dylib] Error 1\n'}
[4.931291] (pretty_woman_interfaces) StderrLine: {'line': b'make[1]: *** [CMakeFiles/pretty_woman_interfaces__rosidl_typesupport_fastrtps_cpp.dir/all] Error 2\n'}
[4.931408] (pretty_woman_interfaces) StderrLine: {'line': b'make[1]: *** Waiting for unfinished jobs....\n'}
[4.975119] (-) TimerEvent: {}
[4.985173] (pretty_woman_interfaces) StdoutLine: {'line': b'[ 61%] Linking CXX shared library libpretty_woman_interfaces__rosidl_typesupport_c.dylib\n'}
[5.076664] (-) TimerEvent: {}
[5.084734] (pretty_woman_interfaces) StdoutLine: {'line': b'[ 61%] Built target pretty_woman_interfaces__rosidl_typesupport_c\n'}
[5.085281] (pretty_woman_interfaces) StderrLine: {'line': b'make: *** [all] Error 2\n'}
[5.086755] (pretty_woman_interfaces) CommandEnded: {'returncode': 2}
[5.177394] (-) TimerEvent: {}
[5.282761] (-) TimerEvent: {}
[5.383989] (-) TimerEvent: {}
[5.489246] (-) TimerEvent: {}
[5.591016] (-) TimerEvent: {}
[5.693584] (-) TimerEvent: {}
[5.797741] (-) TimerEvent: {}
[5.899020] (-) TimerEvent: {}
[5.906074] (pretty_woman_interfaces) JobEnded: {'identifier': 'pretty_woman_interfaces', 'rc': 2}
[5.907753] (-) EventReactorShutdown: {}
