[0.059s] Invoking command in '/Users/grigorijhanin/gravitsapa/pretty_woman_interfaces/build/pretty_woman_interfaces': SHLVL=2 _=/usr/bin/env /usr/local/bin/cmake --build /Users/grigorijhanin/gravitsapa/pretty_woman_interfaces/build/pretty_woman_interfaces -- -j4 -l4
[0.174s] -- Found ament_cmake: 0.9.8 (/Users/grigorijhanin/ros2_foxy/ros2-osx/share/ament_cmake/cmake)
[0.224s] -- Using PYTHON_EXECUTABLE: /usr/local/bin/python3
[0.465s] -- Found ament_lint_auto: 0.9.6 (/Users/grigorijhanin/ros2_foxy/ros2-osx/share/ament_lint_auto/cmake)
[0.574s] -- Found rosidl_default_generators: 1.0.0 (/Users/grigorijhanin/ros2_foxy/ros2-osx/share/rosidl_default_generators/cmake)
[0.579s] -- Using all available rosidl_typesupport_c: rosidl_typesupport_connext_c;rosidl_typesupport_fastrtps_c;rosidl_typesupport_introspection_c
[0.587s] -- Found rosidl_adapter: 1.2.0 (/Users/grigorijhanin/ros2_foxy/ros2-osx/share/rosidl_adapter/cmake)
[0.636s] -- Could not find RTI Connext - skipping rosidl_typesupport_connext_c
[0.672s] -- Could not find RTI Connext - skipping rosidl_typesupport_connext_cpp
[0.968s] -- Using all available rosidl_typesupport_cpp: rosidl_typesupport_connext_cpp;rosidl_typesupport_fastrtps_cpp;rosidl_typesupport_introspection_cpp
[1.056s] -- Found PythonInterp: /usr/local/bin/python3 (found version "3.8.7") 
[1.168s] -- Found ament_cmake_ros: 0.9.0 (/Users/grigorijhanin/ros2_foxy/ros2-osx/share/ament_cmake_ros/cmake)
[1.452s] -- Using all available rosidl_typesupport_c: rosidl_typesupport_connext_c;rosidl_typesupport_fastrtps_c;rosidl_typesupport_introspection_c
[1.476s] -- Using all available rosidl_typesupport_cpp: rosidl_typesupport_connext_cpp;rosidl_typesupport_fastrtps_cpp;rosidl_typesupport_introspection_cpp
[1.521s] -- Found PythonInterp: /usr/local/bin/python3 (found suitable version "3.8.7", minimum required is "3.5") 
[1.531s] -- Found python_cmake_module: 0.8.0 (/Users/grigorijhanin/ros2_foxy/ros2-osx/share/python_cmake_module/cmake)
[1.616s] -- Using PythonExtra_INCLUDE_DIRS: /usr/local/Cellar/python@3.8/3.8.7_2/Frameworks/Python.framework/Versions/3.8/include/python3.8;/usr/local/Cellar/python@3.8/3.8.7_2/Frameworks/Python.framework/Versions/3.8/include/python3.8
[1.666s] -- Using PythonExtra_LIBRARIES: /usr/local/opt/python@3.8/Frameworks/Python.framework/Versions/3.8/lib/python3.8/config-3.8-darwin/libpython3.8.dylib
[1.705s] -- Found PythonExtra: .so  
[2.450s] -- Using numpy include directory: /Users/grigorijhanin/Library/Python/3.8/lib/python/site-packages/numpy/core/include
[2.469s] -- Added test 'copyright' to check source files copyright and LICENSE
[2.497s] -- Added test 'cppcheck' to perform static code analysis on C / C++ code
[2.500s] -- Configured cppcheck include dirs: $<BUILD_INTERFACE:/Users/grigorijhanin/gravitsapa/pretty_woman_interfaces/build/pretty_woman_interfaces/rosidl_generator_c>;/Users/grigorijhanin/gravitsapa/pretty_woman_interfaces/build/pretty_woman_interfaces/rosidl_generator_c;/Users/grigorijhanin/gravitsapa/pretty_woman_interfaces/build/pretty_woman_interfaces/rosidl_generator_cpp;/Users/grigorijhanin/gravitsapa/pretty_woman_interfaces/build/pretty_woman_interfaces/rosidl_typesupport_fastrtps_c;/Users/grigorijhanin/gravitsapa/pretty_woman_interfaces/build/pretty_woman_interfaces/rosidl_typesupport_fastrtps_cpp;$<BUILD_INTERFACE:/Users/grigorijhanin/gravitsapa/pretty_woman_interfaces/build/pretty_woman_interfaces/rosidl_typesupport_introspection_c>;$<BUILD_INTERFACE:/Users/grigorijhanin/gravitsapa/pretty_woman_interfaces/build/pretty_woman_interfaces/rosidl_typesupport_c>;$<BUILD_INTERFACE:/Users/grigorijhanin/gravitsapa/pretty_woman_interfaces/build/pretty_woman_interfaces/rosidl_generator_cpp>;/Users/grigorijhanin/gravitsapa/pretty_woman_interfaces/build/pretty_woman_interfaces/rosidl_generator_py
[2.500s] -- Configured cppcheck exclude dirs and/or files: 
[2.527s] -- Added test 'cpplint' to check C / C++ code against the Google style
[2.527s] -- Configured cpplint exclude dirs and/or files: 
[2.531s] -- Added test 'flake8' to check Python code syntax and style conventions
[2.538s] -- Added test 'lint_cmake' to check CMake code style
[2.542s] -- Added test 'pep257' to check Python code against some of the style conventions in PEP 257
[2.571s] -- Added test 'uncrustify' to check C / C++ code style
[2.571s] -- Configured uncrustify additional arguments: 
[2.576s] -- Added test 'xmllint' to check XML markup files
[2.597s] -- Configuring done
[2.710s] -- Generating done
[2.721s] -- Build files have been written to: /Users/grigorijhanin/gravitsapa/pretty_woman_interfaces/build/pretty_woman_interfaces
[2.792s] [  3%] Generating C code for ROS interfaces
[2.793s] Scanning dependencies of target pretty_woman_interfaces__cpp
[2.832s] [  6%] Generating C++ code for ROS interfaces
[3.198s] Scanning dependencies of target pretty_woman_interfaces__rosidl_generator_c
[3.201s] [  6%] Built target pretty_woman_interfaces__cpp
[3.258s] [  9%] Generating C++ type support dispatch for ROS interfaces
[3.262s] [ 12%] Generating C++ introspection for ROS interfaces
[3.273s] [ 16%] Generating C++ type support for eProsima Fast-RTPS
[3.322s] [ 19%] Building C object CMakeFiles/pretty_woman_interfaces__rosidl_generator_c.dir/rosidl_generator_c/pretty_woman_interfaces/srv/detail/interface_serial__functions.c.o
[3.648s] Scanning dependencies of target pretty_woman_interfaces__rosidl_typesupport_cpp
[3.677s] Scanning dependencies of target pretty_woman_interfaces__rosidl_typesupport_introspection_cpp
[3.702s] [ 22%] Building CXX object CMakeFiles/pretty_woman_interfaces__rosidl_typesupport_cpp.dir/rosidl_typesupport_cpp/pretty_woman_interfaces/srv/interface_serial__type_support.cpp.o
[3.731s] [ 25%] Building CXX object CMakeFiles/pretty_woman_interfaces__rosidl_typesupport_introspection_cpp.dir/rosidl_typesupport_introspection_cpp/pretty_woman_interfaces/srv/detail/interface_serial__type_support.cpp.o
[3.757s] Scanning dependencies of target pretty_woman_interfaces__rosidl_typesupport_fastrtps_cpp
[3.797s] [ 29%] Building CXX object CMakeFiles/pretty_woman_interfaces__rosidl_typesupport_fastrtps_cpp.dir/rosidl_typesupport_fastrtps_cpp/pretty_woman_interfaces/srv/detail/dds_fastrtps/interface_serial__type_support.cpp.o
[4.235s] [ 32%] Linking C shared library libpretty_woman_interfaces__rosidl_generator_c.dylib
[4.448s] [ 32%] Built target pretty_woman_interfaces__rosidl_generator_c
[4.481s] [ 35%] Generating C introspection for ROS interfaces
[4.824s] Scanning dependencies of target pretty_woman_interfaces__rosidl_typesupport_introspection_c
[4.860s] [ 38%] Building C object CMakeFiles/pretty_woman_interfaces__rosidl_typesupport_introspection_c.dir/rosidl_typesupport_introspection_c/pretty_woman_interfaces/srv/detail/interface_serial__type_support.c.o
[4.987s] [ 41%] Linking C shared library libpretty_woman_interfaces__rosidl_typesupport_introspection_c.dylib
[5.138s] [ 41%] Built target pretty_woman_interfaces__rosidl_typesupport_introspection_c
[5.173s] [ 45%] Generating C type support dispatch for ROS interfaces
[5.405s] [ 48%] Linking CXX shared library libpretty_woman_interfaces__rosidl_typesupport_cpp.dylib
[5.480s] Scanning dependencies of target pretty_woman_interfaces__rosidl_typesupport_c
[5.526s] [ 51%] Building CXX object CMakeFiles/pretty_woman_interfaces__rosidl_typesupport_c.dir/rosidl_typesupport_c/pretty_woman_interfaces/srv/interface_serial__type_support.cpp.o
[5.531s] [ 51%] Built target pretty_woman_interfaces__rosidl_typesupport_cpp
[5.546s] [ 54%] Linking CXX shared library libpretty_woman_interfaces__rosidl_typesupport_introspection_cpp.dylib
[5.606s] [ 58%] Linking CXX shared library libpretty_woman_interfaces__rosidl_typesupport_c.dylib
[5.652s] [ 58%] Built target pretty_woman_interfaces__rosidl_typesupport_introspection_cpp
[5.706s] [ 58%] Built target pretty_woman_interfaces__rosidl_typesupport_c
[6.203s] [ 61%] Linking CXX shared library libpretty_woman_interfaces__rosidl_typesupport_fastrtps_cpp.dylib
[6.268s] ld: cannot link directly with dylib/framework, your binary is not an allowed client of /usr/lib/libcrypto.dylib for architecture x86_64
[6.268s] clang: error: linker command failed with exit code 1 (use -v to see invocation)
[6.270s] make[2]: *** [libpretty_woman_interfaces__rosidl_typesupport_fastrtps_cpp.dylib] Error 1
[6.270s] make[1]: *** [CMakeFiles/pretty_woman_interfaces__rosidl_typesupport_fastrtps_cpp.dir/all] Error 2
[6.271s] make: *** [all] Error 2
[6.274s] Invoked command in '/Users/grigorijhanin/gravitsapa/pretty_woman_interfaces/build/pretty_woman_interfaces' returned '2': SHLVL=2 _=/usr/bin/env /usr/local/bin/cmake --build /Users/grigorijhanin/gravitsapa/pretty_woman_interfaces/build/pretty_woman_interfaces -- -j4 -l4
