[0.361s] Invoking command in '/Users/grigorijhanin/gravitsapa/pretty_woman': PYTHONPATH=/Users/grigorijhanin/gravitsapa/install/pretty_woman/lib/python3.8/site-packages:${PYTHONPATH} SHLVL=2 _=/usr/bin/env /usr/local/opt/python@3.8/bin/python3.8 setup.py egg_info --egg-base ../build/pretty_woman build --build-base /Users/grigorijhanin/gravitsapa/build/pretty_woman/build install --prefix /Users/grigorijhanin/gravitsapa/install/pretty_woman --record /Users/grigorijhanin/gravitsapa/build/pretty_woman/install.log --single-version-externally-managed
[0.639s] running egg_info
[0.640s] writing ../build/pretty_woman/pretty_woman.egg-info/PKG-INFO
[0.640s] writing dependency_links to ../build/pretty_woman/pretty_woman.egg-info/dependency_links.txt
[0.641s] writing entry points to ../build/pretty_woman/pretty_woman.egg-info/entry_points.txt
[0.641s] writing requirements to ../build/pretty_woman/pretty_woman.egg-info/requires.txt
[0.641s] writing top-level names to ../build/pretty_woman/pretty_woman.egg-info/top_level.txt
[0.658s] reading manifest file '../build/pretty_woman/pretty_woman.egg-info/SOURCES.txt'
[0.660s] writing manifest file '../build/pretty_woman/pretty_woman.egg-info/SOURCES.txt'
[0.660s] running build
[0.660s] running build_py
[0.661s] copying pretty_woman/serial_node.py -> /Users/grigorijhanin/gravitsapa/build/pretty_woman/build/lib/pretty_woman
[0.662s] running install
[0.662s] running install_lib
[0.663s] copying /Users/grigorijhanin/gravitsapa/build/pretty_woman/build/lib/pretty_woman/serial_node.py -> /Users/grigorijhanin/gravitsapa/install/pretty_woman/lib/python3.8/site-packages/pretty_woman
[0.664s] byte-compiling /Users/grigorijhanin/gravitsapa/install/pretty_woman/lib/python3.8/site-packages/pretty_woman/serial_node.py to serial_node.cpython-38.pyc
[0.665s] running install_data
[0.666s] running install_egg_info
[0.668s] removing '/Users/grigorijhanin/gravitsapa/install/pretty_woman/lib/python3.8/site-packages/pretty_woman-0.0.0-py3.8.egg-info' (and everything under it)
[0.669s] Copying ../build/pretty_woman/pretty_woman.egg-info to /Users/grigorijhanin/gravitsapa/install/pretty_woman/lib/python3.8/site-packages/pretty_woman-0.0.0-py3.8.egg-info
[0.671s] running install_scripts
[0.701s] Installing eye_node script to /Users/grigorijhanin/gravitsapa/install/pretty_woman/lib/pretty_woman
[0.702s] Installing film_node script to /Users/grigorijhanin/gravitsapa/install/pretty_woman/lib/pretty_woman
[0.702s] Installing lips_node script to /Users/grigorijhanin/gravitsapa/install/pretty_woman/lib/pretty_woman
[0.703s] Installing main_node script to /Users/grigorijhanin/gravitsapa/install/pretty_woman/lib/pretty_woman
[0.703s] Installing minimal_publisher script to /Users/grigorijhanin/gravitsapa/install/pretty_woman/lib/pretty_woman
[0.703s] Installing minimal_subscriber script to /Users/grigorijhanin/gravitsapa/install/pretty_woman/lib/pretty_woman
[0.704s] Installing test_node script to /Users/grigorijhanin/gravitsapa/install/pretty_woman/lib/pretty_woman
[0.704s] writing list of installed files to '/Users/grigorijhanin/gravitsapa/build/pretty_woman/install.log'
[0.730s] Invoked command in '/Users/grigorijhanin/gravitsapa/pretty_woman' returned '0': PYTHONPATH=/Users/grigorijhanin/gravitsapa/install/pretty_woman/lib/python3.8/site-packages:${PYTHONPATH} SHLVL=2 _=/usr/bin/env /usr/local/opt/python@3.8/bin/python3.8 setup.py egg_info --egg-base ../build/pretty_woman build --build-base /Users/grigorijhanin/gravitsapa/build/pretty_woman/build install --prefix /Users/grigorijhanin/gravitsapa/install/pretty_woman --record /Users/grigorijhanin/gravitsapa/build/pretty_woman/install.log --single-version-externally-managed
