[0.395s] Invoking command in '/Users/grigorijhanin/gravitsapa/pretty_woman': PYTHONPATH=/Users/grigorijhanin/gravitsapa/pretty_woman/install/pretty_woman/lib/python3.8/site-packages:${PYTHONPATH} SHLVL=2 _=/usr/bin/env /usr/local/opt/python@3.8/bin/python3.8 setup.py egg_info --egg-base build/pretty_woman build --build-base /Users/grigorijhanin/gravitsapa/pretty_woman/build/pretty_woman/build install --prefix /Users/grigorijhanin/gravitsapa/pretty_woman/install/pretty_woman --record /Users/grigorijhanin/gravitsapa/pretty_woman/build/pretty_woman/install.log --single-version-externally-managed
[0.674s] running egg_info
[0.674s] writing build/pretty_woman/pretty_woman.egg-info/PKG-INFO
[0.675s] writing dependency_links to build/pretty_woman/pretty_woman.egg-info/dependency_links.txt
[0.675s] writing entry points to build/pretty_woman/pretty_woman.egg-info/entry_points.txt
[0.675s] writing requirements to build/pretty_woman/pretty_woman.egg-info/requires.txt
[0.676s] writing top-level names to build/pretty_woman/pretty_woman.egg-info/top_level.txt
[0.703s] reading manifest file 'build/pretty_woman/pretty_woman.egg-info/SOURCES.txt'
[0.711s] writing manifest file 'build/pretty_woman/pretty_woman.egg-info/SOURCES.txt'
[0.711s] running build
[0.711s] running build_py
[0.712s] copying pretty_woman/test_node.py -> /Users/grigorijhanin/gravitsapa/pretty_woman/build/pretty_woman/build/lib/pretty_woman
[0.713s] running install
[0.713s] running install_lib
[0.715s] copying /Users/grigorijhanin/gravitsapa/pretty_woman/build/pretty_woman/build/lib/pretty_woman/test_node.py -> /Users/grigorijhanin/gravitsapa/pretty_woman/install/pretty_woman/lib/python3.8/site-packages/pretty_woman
[0.716s] byte-compiling /Users/grigorijhanin/gravitsapa/pretty_woman/install/pretty_woman/lib/python3.8/site-packages/pretty_woman/test_node.py to test_node.cpython-38.pyc
[0.716s] running install_data
[0.717s] running install_egg_info
[0.721s] removing '/Users/grigorijhanin/gravitsapa/pretty_woman/install/pretty_woman/lib/python3.8/site-packages/pretty_woman-0.0.0-py3.8.egg-info' (and everything under it)
[0.722s] Copying build/pretty_woman/pretty_woman.egg-info to /Users/grigorijhanin/gravitsapa/pretty_woman/install/pretty_woman/lib/python3.8/site-packages/pretty_woman-0.0.0-py3.8.egg-info
[0.725s] running install_scripts
[0.756s] Installing main_node script to /Users/grigorijhanin/gravitsapa/pretty_woman/install/pretty_woman/lib/pretty_woman
[0.756s] Installing minimal_publisher script to /Users/grigorijhanin/gravitsapa/pretty_woman/install/pretty_woman/lib/pretty_woman
[0.756s] Installing minimal_subscriber script to /Users/grigorijhanin/gravitsapa/pretty_woman/install/pretty_woman/lib/pretty_woman
[0.756s] Installing test_node script to /Users/grigorijhanin/gravitsapa/pretty_woman/install/pretty_woman/lib/pretty_woman
[0.757s] writing list of installed files to '/Users/grigorijhanin/gravitsapa/pretty_woman/build/pretty_woman/install.log'
[0.757s]   File "/Users/grigorijhanin/gravitsapa/pretty_woman/install/pretty_woman/lib/python3.8/site-packages/pretty_woman/test_node.py", line 18
[0.757s]     loop.start()
[0.757s]     ^
[0.758s] SyntaxError: invalid syntax
[0.758s] 
[0.776s] Invoked command in '/Users/grigorijhanin/gravitsapa/pretty_woman' returned '0': PYTHONPATH=/Users/grigorijhanin/gravitsapa/pretty_woman/install/pretty_woman/lib/python3.8/site-packages:${PYTHONPATH} SHLVL=2 _=/usr/bin/env /usr/local/opt/python@3.8/bin/python3.8 setup.py egg_info --egg-base build/pretty_woman build --build-base /Users/grigorijhanin/gravitsapa/pretty_woman/build/pretty_woman/build install --prefix /Users/grigorijhanin/gravitsapa/pretty_woman/install/pretty_woman --record /Users/grigorijhanin/gravitsapa/pretty_woman/build/pretty_woman/install.log --single-version-externally-managed
