[0.000000] (-) TimerEvent: {}
[0.000380] (pretty_woman) JobQueued: {'identifier': 'pretty_woman', 'dependencies': OrderedDict()}
[0.000640] (pretty_woman) JobStarted: {'identifier': 'pretty_woman'}
[0.101731] (-) TimerEvent: {}
[0.204847] (-) TimerEvent: {}
[0.306648] (-) TimerEvent: {}
[0.390082] (pretty_woman) Command: {'cmd': ['/usr/local/opt/python@3.8/bin/python3.8', 'setup.py', 'egg_info', '--egg-base', 'build/pretty_woman', 'build', '--build-base', '/Users/grigorijhanin/gravitsapa/pretty_woman/build/pretty_woman/build', 'install', '--prefix', '/Users/grigorijhanin/gravitsapa/pretty_woman/install/pretty_woman', '--record', '/Users/grigorijhanin/gravitsapa/pretty_woman/build/pretty_woman/install.log', '--single-version-externally-managed'], 'cwd': '/Users/grigorijhanin/gravitsapa/pretty_woman', 'env': {'TERM_PROGRAM': 'vscode', 'TERM': 'xterm-256color', 'SHELL': '/bin/zsh', 'TMPDIR': '/var/folders/9l/4c76c0l54f79j95fy8d2bt3w0000gn/T/', 'TERM_PROGRAM_VERSION': '1.54.2', 'ROS_PYTHON_VERSION': '3', 'ORIGINAL_XDG_CURRENT_DESKTOP': 'undefined', 'ROS_VERSION': '2', 'COLCON_PREFIX_PATH': '/Users/grigorijhanin/gravitsapa/pretty_woman/install:/Users/grigorijhanin/ros2_foxy/ros2-osx', 'AMENT_PREFIX_PATH': '/Users/grigorijhanin/gravitsapa/pretty_woman/install/pretty_woman:/Users/grigorijhanin/ros2_foxy/ros2-osx', 'USER': 'grigorijhanin', 'COMMAND_MODE': 'unix2003', 'SSH_AUTH_SOCK': '/private/tmp/com.apple.launchd.UrZAnEoUUx/Listeners', '__CF_USER_TEXT_ENCODING': '0x1F5:0x7:0x31', 'PATH': '/usr/local/bin:/usr/bin:/bin:/usr/sbin:/sbin:/Applications/VMware Fusion.app/Contents/Public:/usr/local/go/bin:/Users/grigorijhanin/ros2_foxy/ros2-osx/bin', 'PWD': '/Users/grigorijhanin/gravitsapa/pretty_woman/build/pretty_woman', 'COLCON': '1', 'LANG': 'ru_RU.UTF-8', 'XPC_FLAGS': '0x0', 'XPC_SERVICE_NAME': '0', 'SHLVL': '2', 'HOME': '/Users/grigorijhanin', 'VSCODE_GIT_ASKPASS_MAIN': '/Applications/Visual Studio Code.app/Contents/Resources/app/extensions/git/dist/askpass-main.js', 'ROS_DISTRO': 'foxy', 'DYLD_LIBRARY_PATH': '/Users/grigorijhanin/ros2_foxy/ros2-osx/opt/yaml_cpp_vendor/lib:/Users/grigorijhanin/ros2_foxy/ros2-osx/opt/rviz_ogre_vendor/lib:/Users/grigorijhanin/ros2_foxy/ros2-osx/lib', 'PYTHONPATH': '/Users/grigorijhanin/gravitsapa/pretty_woman/install/pretty_woman/lib/python3.8/site-packages:/Users/grigorijhanin/gravitsapa/pretty_woman/install/pretty_woman/lib/python3.8/site-packages:/Users/grigorijhanin/ros2_foxy/ros2-osx/lib/python3.8/site-packages', 'LOGNAME': 'grigorijhanin', 'VSCODE_GIT_IPC_HANDLE': '/var/folders/9l/4c76c0l54f79j95fy8d2bt3w0000gn/T/vscode-git-4175134694.sock', 'PKG_CONFIG_PATH': '/Users/grigorijhanin/ros2_foxy/ros2-osx/lib/pkgconfig', 'VSCODE_GIT_ASKPASS_NODE': '/Applications/Visual Studio Code.app/Contents/Frameworks/Code Helper (Renderer).app/Contents/MacOS/Code Helper (Renderer)', 'GIT_ASKPASS': '/Applications/Visual Studio Code.app/Contents/Resources/app/extensions/git/dist/askpass.sh', 'CMAKE_PREFIX_PATH': '/Users/grigorijhanin/ros2_foxy/ros2-osx', 'ROS_LOCALHOST_ONLY': '0', 'COLORTERM': 'truecolor', '_': '/usr/bin/env'}, 'shell': False}
[0.407581] (-) TimerEvent: {}
[0.509257] (-) TimerEvent: {}
[0.609575] (-) TimerEvent: {}
[0.686390] (pretty_woman) StdoutLine: {'line': b'running egg_info\n'}
[0.686950] (pretty_woman) StdoutLine: {'line': b'writing build/pretty_woman/pretty_woman.egg-info/PKG-INFO\n'}
[0.687347] (pretty_woman) StdoutLine: {'line': b'writing dependency_links to build/pretty_woman/pretty_woman.egg-info/dependency_links.txt\n'}
[0.687911] (pretty_woman) StdoutLine: {'line': b'writing entry points to build/pretty_woman/pretty_woman.egg-info/entry_points.txt\n'}
[0.688399] (pretty_woman) StdoutLine: {'line': b'writing requirements to build/pretty_woman/pretty_woman.egg-info/requires.txt\n'}
[0.688747] (pretty_woman) StdoutLine: {'line': b'writing top-level names to build/pretty_woman/pretty_woman.egg-info/top_level.txt\n'}
[0.710694] (-) TimerEvent: {}
[0.715629] (pretty_woman) StdoutLine: {'line': b"reading manifest file 'build/pretty_woman/pretty_woman.egg-info/SOURCES.txt'\n"}
[0.716794] (pretty_woman) StdoutLine: {'line': b"writing manifest file 'build/pretty_woman/pretty_woman.egg-info/SOURCES.txt'\n"}
[0.717128] (pretty_woman) StdoutLine: {'line': b'running build\n'}
[0.717282] (pretty_woman) StdoutLine: {'line': b'running build_py\n'}
[0.717570] (pretty_woman) StdoutLine: {'line': b'copying pretty_woman/eye_node.py -> /Users/grigorijhanin/gravitsapa/pretty_woman/build/pretty_woman/build/lib/pretty_woman\n'}
[0.718466] (pretty_woman) StdoutLine: {'line': b'running install\n'}
[0.718782] (pretty_woman) StdoutLine: {'line': b'running install_lib\n'}
[0.720798] (pretty_woman) StdoutLine: {'line': b'copying /Users/grigorijhanin/gravitsapa/pretty_woman/build/pretty_woman/build/lib/pretty_woman/eye_node.py -> /Users/grigorijhanin/gravitsapa/pretty_woman/install/pretty_woman/lib/python3.8/site-packages/pretty_woman\n'}
[0.721797] (pretty_woman) StdoutLine: {'line': b'byte-compiling /Users/grigorijhanin/gravitsapa/pretty_woman/install/pretty_woman/lib/python3.8/site-packages/pretty_woman/eye_node.py to eye_node.cpython-38.pyc\n'}
[0.722908] (pretty_woman) StdoutLine: {'line': b'running install_data\n'}
[0.724204] (pretty_woman) StdoutLine: {'line': b'running install_egg_info\n'}
[0.727152] (pretty_woman) StdoutLine: {'line': b"removing '/Users/grigorijhanin/gravitsapa/pretty_woman/install/pretty_woman/lib/python3.8/site-packages/pretty_woman-0.0.0-py3.8.egg-info' (and everything under it)\n"}
[0.727855] (pretty_woman) StdoutLine: {'line': b'Copying build/pretty_woman/pretty_woman.egg-info to /Users/grigorijhanin/gravitsapa/pretty_woman/install/pretty_woman/lib/python3.8/site-packages/pretty_woman-0.0.0-py3.8.egg-info\n'}
[0.730904] (pretty_woman) StdoutLine: {'line': b'running install_scripts\n'}
[0.762141] (pretty_woman) StdoutLine: {'line': b'Installing eye_node script to /Users/grigorijhanin/gravitsapa/pretty_woman/install/pretty_woman/lib/pretty_woman\n'}
[0.762566] (pretty_woman) StdoutLine: {'line': b'Installing main_node script to /Users/grigorijhanin/gravitsapa/pretty_woman/install/pretty_woman/lib/pretty_woman\n'}
[0.762881] (pretty_woman) StdoutLine: {'line': b'Installing minimal_publisher script to /Users/grigorijhanin/gravitsapa/pretty_woman/install/pretty_woman/lib/pretty_woman\n'}
[0.763253] (pretty_woman) StdoutLine: {'line': b'Installing minimal_subscriber script to /Users/grigorijhanin/gravitsapa/pretty_woman/install/pretty_woman/lib/pretty_woman\n'}
[0.763651] (pretty_woman) StdoutLine: {'line': b'Installing test_node script to /Users/grigorijhanin/gravitsapa/pretty_woman/install/pretty_woman/lib/pretty_woman\n'}
[0.764064] (pretty_woman) StdoutLine: {'line': b"writing list of installed files to '/Users/grigorijhanin/gravitsapa/pretty_woman/build/pretty_woman/install.log'\n"}
[0.784289] (pretty_woman) CommandEnded: {'returncode': 0}
[0.815011] (-) TimerEvent: {}
[0.823314] (pretty_woman) JobEnded: {'identifier': 'pretty_woman', 'rc': 0}
[0.825016] (-) EventReactorShutdown: {}
