-- Found ament_cmake: 0.9.8 (/Users/grigorijhanin/ros2_foxy/ros2-osx/share/ament_cmake/cmake)
-- Using PYTHON_EXECUTABLE: /usr/local/bin/python3
-- Found ament_lint_auto: 0.9.6 (/Users/grigorijhanin/ros2_foxy/ros2-osx/share/ament_lint_auto/cmake)
-- Found rosidl_default_generators: 1.0.0 (/Users/grigorijhanin/ros2_foxy/ros2-osx/share/rosidl_default_generators/cmake)
-- Using all available rosidl_typesupport_c: rosidl_typesupport_connext_c;rosidl_typesupport_fastrtps_c;rosidl_typesupport_introspection_c
-- Found rosidl_adapter: 1.2.0 (/Users/grigorijhanin/ros2_foxy/ros2-osx/share/rosidl_adapter/cmake)
-- Could not find RTI Connext - skipping rosidl_typesupport_connext_c
-- Could not find RTI Connext - skipping rosidl_typesupport_connext_cpp
-- Using all available rosidl_typesupport_cpp: rosidl_typesupport_connext_cpp;rosidl_typesupport_fastrtps_cpp;rosidl_typesupport_introspection_cpp
-- Found PythonInterp: /usr/local/bin/python3 (found version "3.8.7") 
-- Found ament_cmake_ros: 0.9.0 (/Users/grigorijhanin/ros2_foxy/ros2-osx/share/ament_cmake_ros/cmake)
-- Using all available rosidl_typesupport_c: rosidl_typesupport_connext_c;rosidl_typesupport_fastrtps_c;rosidl_typesupport_introspection_c
-- Using all available rosidl_typesupport_cpp: rosidl_typesupport_connext_cpp;rosidl_typesupport_fastrtps_cpp;rosidl_typesupport_introspection_cpp
-- Found PythonInterp: /usr/local/bin/python3 (found suitable version "3.8.7", minimum required is "3.5") 
-- Found python_cmake_module: 0.8.0 (/Users/grigorijhanin/ros2_foxy/ros2-osx/share/python_cmake_module/cmake)
-- Using PythonExtra_INCLUDE_DIRS: /usr/local/Cellar/python@3.8/3.8.7_2/Frameworks/Python.framework/Versions/3.8/include/python3.8;/usr/local/Cellar/python@3.8/3.8.7_2/Frameworks/Python.framework/Versions/3.8/include/python3.8
-- Using PythonExtra_LIBRARIES: /usr/local/opt/python@3.8/Frameworks/Python.framework/Versions/3.8/lib/python3.8/config-3.8-darwin/libpython3.8.dylib
-- Using numpy include directory: /Users/grigorijhanin/Library/Python/3.8/lib/python/site-packages/numpy/core/include
-- Added test 'copyright' to check source files copyright and LICENSE
-- Added test 'cppcheck' to perform static code analysis on C / C++ code
-- Configured cppcheck include dirs: $<BUILD_INTERFACE:/Users/grigorijhanin/gravitsapa/pretty_woman_interfaces/build/pretty_woman_interfaces/rosidl_generator_c>;/Users/grigorijhanin/gravitsapa/pretty_woman_interfaces/build/pretty_woman_interfaces/rosidl_generator_c;/Users/grigorijhanin/gravitsapa/pretty_woman_interfaces/build/pretty_woman_interfaces/rosidl_generator_cpp;/Users/grigorijhanin/gravitsapa/pretty_woman_interfaces/build/pretty_woman_interfaces/rosidl_typesupport_fastrtps_c;/Users/grigorijhanin/gravitsapa/pretty_woman_interfaces/build/pretty_woman_interfaces/rosidl_typesupport_fastrtps_cpp;$<BUILD_INTERFACE:/Users/grigorijhanin/gravitsapa/pretty_woman_interfaces/build/pretty_woman_interfaces/rosidl_typesupport_introspection_c>;$<BUILD_INTERFACE:/Users/grigorijhanin/gravitsapa/pretty_woman_interfaces/build/pretty_woman_interfaces/rosidl_typesupport_c>;$<BUILD_INTERFACE:/Users/grigorijhanin/gravitsapa/pretty_woman_interfaces/build/pretty_woman_interfaces/rosidl_generator_cpp>;/Users/grigorijhanin/gravitsapa/pretty_woman_interfaces/build/pretty_woman_interfaces/rosidl_generator_py
-- Configured cppcheck exclude dirs and/or files: 
-- Added test 'cpplint' to check C / C++ code against the Google style
-- Configured cpplint exclude dirs and/or files: 
-- Added test 'flake8' to check Python code syntax and style conventions
-- Added test 'lint_cmake' to check CMake code style
-- Added test 'pep257' to check Python code against some of the style conventions in PEP 257
-- Added test 'uncrustify' to check C / C++ code style
-- Configured uncrustify additional arguments: 
-- Added test 'xmllint' to check XML markup files
-- Configuring done
-- Generating done
-- Build files have been written to: /Users/grigorijhanin/gravitsapa/pretty_woman_interfaces/build/pretty_woman_interfaces
[  9%] Built target pretty_woman_interfaces__cpp
[ 12%] Built target pretty_woman_interfaces__rosidl_generator_c
[ 22%] Built target pretty_woman_interfaces__rosidl_typesupport_cpp
[ 32%] Built target pretty_woman_interfaces__rosidl_typesupport_introspection_c
[ 41%] Built target pretty_woman_interfaces__rosidl_typesupport_introspection_cpp
[ 45%] Linking CXX shared library libpretty_woman_interfaces__rosidl_typesupport_fastrtps_cpp.dylib
[ 54%] Built target pretty_woman_interfaces__rosidl_typesupport_c
