[0.053s] Invoking command in '/Users/grigorijhanin/gravitsapa/pretty_woman_interfaces/build/pretty_woman_interfaces': SHLVL=2 _=/usr/bin/env /usr/local/bin/cmake --build /Users/grigorijhanin/gravitsapa/pretty_woman_interfaces/build/pretty_woman_interfaces -- -j4 -l4
[0.146s] -- Found ament_cmake: 0.9.8 (/Users/grigorijhanin/ros2_foxy/ros2-osx/share/ament_cmake/cmake)
[0.185s] -- Using PYTHON_EXECUTABLE: /usr/local/bin/python3
[0.400s] -- Found ament_lint_auto: 0.9.6 (/Users/grigorijhanin/ros2_foxy/ros2-osx/share/ament_lint_auto/cmake)
[0.494s] -- Found rosidl_default_generators: 1.0.0 (/Users/grigorijhanin/ros2_foxy/ros2-osx/share/rosidl_default_generators/cmake)
[0.496s] -- Using all available rosidl_typesupport_c: rosidl_typesupport_connext_c;rosidl_typesupport_fastrtps_c;rosidl_typesupport_introspection_c
[0.503s] -- Found rosidl_adapter: 1.2.0 (/Users/grigorijhanin/ros2_foxy/ros2-osx/share/rosidl_adapter/cmake)
[0.553s] -- Could not find RTI Connext - skipping rosidl_typesupport_connext_c
[0.575s] -- Could not find RTI Connext - skipping rosidl_typesupport_connext_cpp
[0.843s] -- Using all available rosidl_typesupport_cpp: rosidl_typesupport_connext_cpp;rosidl_typesupport_fastrtps_cpp;rosidl_typesupport_introspection_cpp
[0.917s] -- Found PythonInterp: /usr/local/bin/python3 (found version "3.8.7") 
[1.012s] -- Found ament_cmake_ros: 0.9.0 (/Users/grigorijhanin/ros2_foxy/ros2-osx/share/ament_cmake_ros/cmake)
[1.263s] -- Using all available rosidl_typesupport_c: rosidl_typesupport_connext_c;rosidl_typesupport_fastrtps_c;rosidl_typesupport_introspection_c
[1.285s] -- Using all available rosidl_typesupport_cpp: rosidl_typesupport_connext_cpp;rosidl_typesupport_fastrtps_cpp;rosidl_typesupport_introspection_cpp
[1.331s] -- Found PythonInterp: /usr/local/bin/python3 (found suitable version "3.8.7", minimum required is "3.5") 
[1.331s] -- Found python_cmake_module: 0.8.0 (/Users/grigorijhanin/ros2_foxy/ros2-osx/share/python_cmake_module/cmake)
[1.371s] -- Using PythonExtra_INCLUDE_DIRS: /usr/local/Cellar/python@3.8/3.8.7_2/Frameworks/Python.framework/Versions/3.8/include/python3.8;/usr/local/Cellar/python@3.8/3.8.7_2/Frameworks/Python.framework/Versions/3.8/include/python3.8
[1.372s] -- Using PythonExtra_LIBRARIES: /usr/local/opt/python@3.8/Frameworks/Python.framework/Versions/3.8/lib/python3.8/config-3.8-darwin/libpython3.8.dylib
[1.627s] -- Using numpy include directory: /Users/grigorijhanin/Library/Python/3.8/lib/python/site-packages/numpy/core/include
[1.646s] -- Added test 'copyright' to check source files copyright and LICENSE
[1.704s] -- Added test 'cppcheck' to perform static code analysis on C / C++ code
[1.706s] -- Configured cppcheck include dirs: $<BUILD_INTERFACE:/Users/grigorijhanin/gravitsapa/pretty_woman_interfaces/build/pretty_woman_interfaces/rosidl_generator_c>;/Users/grigorijhanin/gravitsapa/pretty_woman_interfaces/build/pretty_woman_interfaces/rosidl_generator_c;/Users/grigorijhanin/gravitsapa/pretty_woman_interfaces/build/pretty_woman_interfaces/rosidl_generator_cpp;/Users/grigorijhanin/gravitsapa/pretty_woman_interfaces/build/pretty_woman_interfaces/rosidl_typesupport_fastrtps_c;/Users/grigorijhanin/gravitsapa/pretty_woman_interfaces/build/pretty_woman_interfaces/rosidl_typesupport_fastrtps_cpp;$<BUILD_INTERFACE:/Users/grigorijhanin/gravitsapa/pretty_woman_interfaces/build/pretty_woman_interfaces/rosidl_typesupport_introspection_c>;$<BUILD_INTERFACE:/Users/grigorijhanin/gravitsapa/pretty_woman_interfaces/build/pretty_woman_interfaces/rosidl_typesupport_c>;$<BUILD_INTERFACE:/Users/grigorijhanin/gravitsapa/pretty_woman_interfaces/build/pretty_woman_interfaces/rosidl_generator_cpp>;/Users/grigorijhanin/gravitsapa/pretty_woman_interfaces/build/pretty_woman_interfaces/rosidl_generator_py
[1.706s] -- Configured cppcheck exclude dirs and/or files: 
[1.765s] -- Added test 'cpplint' to check C / C++ code against the Google style
[1.765s] -- Configured cpplint exclude dirs and/or files: 
[1.772s] -- Added test 'flake8' to check Python code syntax and style conventions
[1.785s] -- Added test 'lint_cmake' to check CMake code style
[1.792s] -- Added test 'pep257' to check Python code against some of the style conventions in PEP 257
[1.850s] -- Added test 'uncrustify' to check C / C++ code style
[1.850s] -- Configured uncrustify additional arguments: 
[1.858s] -- Added test 'xmllint' to check XML markup files
[1.874s] -- Configuring done
[1.969s] -- Generating done
[1.982s] -- Build files have been written to: /Users/grigorijhanin/gravitsapa/pretty_woman_interfaces/build/pretty_woman_interfaces
[2.096s] [  9%] Built target pretty_woman_interfaces__cpp
[2.096s] [ 12%] Built target pretty_woman_interfaces__rosidl_generator_c
[2.196s] [ 22%] Built target pretty_woman_interfaces__rosidl_typesupport_cpp
[2.202s] [ 32%] Built target pretty_woman_interfaces__rosidl_typesupport_introspection_c
[2.206s] [ 41%] Built target pretty_woman_interfaces__rosidl_typesupport_introspection_cpp
[2.220s] [ 45%] Linking CXX shared library libpretty_woman_interfaces__rosidl_typesupport_fastrtps_cpp.dylib
[2.276s] ld: cannot link directly with dylib/framework, your binary is not an allowed client of /usr/lib/libcrypto.dylib for architecture x86_64
[2.277s] clang: error: linker command failed with exit code 1 (use -v to see invocation)
[2.278s] make[2]: *** [libpretty_woman_interfaces__rosidl_typesupport_fastrtps_cpp.dylib] Error 1
[2.279s] make[1]: *** [CMakeFiles/pretty_woman_interfaces__rosidl_typesupport_fastrtps_cpp.dir/all] Error 2
[2.279s] make[1]: *** Waiting for unfinished jobs....
[2.282s] [ 54%] Built target pretty_woman_interfaces__rosidl_typesupport_c
[2.282s] make: *** [all] Error 2
[2.284s] Invoked command in '/Users/grigorijhanin/gravitsapa/pretty_woman_interfaces/build/pretty_woman_interfaces' returned '2': SHLVL=2 _=/usr/bin/env /usr/local/bin/cmake --build /Users/grigorijhanin/gravitsapa/pretty_woman_interfaces/build/pretty_woman_interfaces -- -j4 -l4
